Start execute:
    io.dropwizard.metrics.SharedMetricRegistriesTest#memorizesRegistriesByName
     {'io.dropwizard.metrics.SharedMetricRegistriesTest#errorsWhenDefaultUnset', 'io.dropwizard.metrics.SharedMetricRegistriesTest#clearsRegistries', 'io.dropwizard.metrics.SharedMetricRegistriesTest#removesRegistries', 'io.dropwizard.metrics.SharedMetricRegistriesTest#errorsWhenDefaultAlreadySet', 'io.dropwizard.metrics.SharedMetricRegistriesTest#hasASetOfNames'}
    io.dropwizard.metrics.SharedMetricRegistriesTest#clearsRegistries
     {'io.dropwizard.metrics.SharedMetricRegistriesTest#errorsWhenDefaultUnset', 'io.dropwizard.metrics.SharedMetricRegistriesTest#removesRegistries', 'io.dropwizard.metrics.SharedMetricRegistriesTest#errorsWhenDefaultAlreadySet', 'io.dropwizard.metrics.SharedMetricRegistriesTest#memorizesRegistriesByName', 'io.dropwizard.metrics.SharedMetricRegistriesTest#hasASetOfNames'}
    io.dropwizard.metrics.SharedMetricRegistriesTest#hasASetOfNames
     {'io.dropwizard.metrics.SharedMetricRegistriesTest#errorsWhenDefaultUnset', 'io.dropwizard.metrics.SharedMetricRegistriesTest#clearsRegistries', 'io.dropwizard.metrics.SharedMetricRegistriesTest#removesRegistries', 'io.dropwizard.metrics.SharedMetricRegistriesTest#errorsWhenDefaultAlreadySet', 'io.dropwizard.metrics.SharedMetricRegistriesTest#memorizesRegistriesByName'}
    io.dropwizard.metrics.SharedMetricRegistriesTest#errorsWhenDefaultUnset
     {'io.dropwizard.metrics.SharedMetricRegistriesTest#clearsRegistries', 'io.dropwizard.metrics.SharedMetricRegistriesTest#removesRegistries', 'io.dropwizard.metrics.SharedMetricRegistriesTest#errorsWhenDefaultAlreadySet', 'io.dropwizard.metrics.SharedMetricRegistriesTest#memorizesRegistriesByName', 'io.dropwizard.metrics.SharedMetricRegistriesTest#hasASetOfNames'}
    io.dropwizard.metrics.SharedMetricRegistriesTest#removesRegistries
     {'io.dropwizard.metrics.SharedMetricRegistriesTest#errorsWhenDefaultUnset', 'io.dropwizard.metrics.SharedMetricRegistriesTest#clearsRegistries', 'io.dropwizard.metrics.SharedMetricRegistriesTest#errorsWhenDefaultAlreadySet', 'io.dropwizard.metrics.SharedMetricRegistriesTest#memorizesRegistriesByName', 'io.dropwizard.metrics.SharedMetricRegistriesTest#hasASetOfNames'}
    io.dropwizard.metrics.SharedMetricRegistriesTest#errorsWhenDefaultAlreadySet
     {'io.dropwizard.metrics.SharedMetricRegistriesTest#errorsWhenDefaultUnset', 'io.dropwizard.metrics.SharedMetricRegistriesTest#removesRegistries', 'io.dropwizard.metrics.SharedMetricRegistriesTest#clearsRegistries', 'io.dropwizard.metrics.SharedMetricRegistriesTest#memorizesRegistriesByName', 'io.dropwizard.metrics.SharedMetricRegistriesTest#hasASetOfNames'}

Executing: io.dropwizard.metrics.SharedMetricRegistriesTest#memorizesRegistriesByName - io.dropwizard.metrics.SharedMetricRegistriesTest#errorsWhenDefaultUnset
polluter: io.dropwizard.metrics.SharedMetricRegistriesTest#memorizesRegistriesByName
tests: ['io.dropwizard.metrics.SharedMetricRegistriesTest#errorsWhenDefaultUnset']

Picked up _JAVA_OPTIONS: -Dapple.awt.UIElement=true
[INFO] Scanning for projects...
[INFO] Inspecting build with total of 1 modules...
[INFO] Installing Nexus Staging features:
[INFO]   ... total of 1 executions of maven-deploy-plugin replaced with nexus-staging-maven-plugin
[INFO] 
[INFO] -----------------------< com.networknt:metrics >------------------------
[INFO] Building metrics 2.0.22-SNAPSHOT
[INFO] --------------------------------[ jar ]---------------------------------
[INFO] 
[INFO] --- jacoco-maven-plugin:0.8.3:prepare-agent (pre-unit-test) @ metrics ---
[INFO] argLine set to -javaagent:/Users/yicheng/.m2/repository/org/jacoco/org.jacoco.agent/0.8.3/org.jacoco.agent-0.8.3-runtime.jar=destfile=/Users/yicheng/coursework/527/idoft/projects/light-4j/metrics/target/coverage-reports/jacoco-ut.exec
[INFO] 
[INFO] --- maven-resources-plugin:2.6:resources (default-resources) @ metrics ---
[INFO] Using 'UTF-8' encoding to copy filtered resources.
[INFO] Copying 1 resource
[INFO] 
[INFO] --- maven-compiler-plugin:3.8.0:compile (default-compile) @ metrics ---
[INFO] Nothing to compile - all classes are up to date
[INFO] 
[INFO] --- build-helper-maven-plugin:3.0.0:add-test-source (add-test-source) @ metrics ---
[INFO] Test Source directory: /Users/yicheng/coursework/527/idoft/projects/light-4j/metrics/src/integration/java added.
[INFO] 
[INFO] --- build-helper-maven-plugin:3.0.0:add-test-resource (add-test-resource) @ metrics ---
[INFO] 
[INFO] --- maven-resources-plugin:2.6:testResources (default-testResources) @ metrics ---
[INFO] Using 'UTF-8' encoding to copy filtered resources.
[INFO] Copying 2 resources
[INFO] skip non existing resourceDirectory /Users/yicheng/coursework/527/idoft/projects/light-4j/metrics\src\integration\resources
[INFO] 
[INFO] --- maven-compiler-plugin:3.8.0:testCompile (default-testCompile) @ metrics ---
[INFO] Nothing to compile - all classes are up to date
[INFO] 
[INFO] --- maven-surefire-plugin:2.19.1:test (default-test) @ metrics ---

-------------------------------------------------------
 T E S T S
-------------------------------------------------------
Picked up _JAVA_OPTIONS: -Dapple.awt.UIElement=true
[ODET][INFO] ******** Premain Start ********
Running io.dropwizard.metrics.SharedMetricRegistriesTest
WARNING: An illegal reflective access operation has occurred
WARNING: Illegal reflective access by io.dropwizard.metrics.SharedMetricRegistriesTest (file:/Users/yicheng/coursework/527/idoft/projects/light-4j/metrics/target/test-classes/) to field java.lang.reflect.Field.modifiers
WARNING: Please consider reporting this to the maintainers of io.dropwizard.metrics.SharedMetricRegistriesTest
WARNING: Use --illegal-access=warn to enable warnings of further illegal reflective access operations
WARNING: All illegal access operations will be denied in a future release
Tests run: 1, Failures: 0, Errors: 0, Skipped: 0, Time elapsed: 0.176 sec - in io.dropwizard.metrics.SharedMetricRegistriesTest

Results :

Tests run: 1, Failures: 0, Errors: 0, Skipped: 0

[INFO] 
[INFO] --- jacoco-maven-plugin:0.8.3:report (post-unit-test) @ metrics ---
[INFO] Loading execution data file /Users/yicheng/coursework/527/idoft/projects/light-4j/metrics/target/coverage-reports/jacoco-ut.exec
[INFO] Analyzed bundle 'metrics' with 88 classes
[INFO] ------------------------------------------------------------------------
[INFO] BUILD SUCCESS
[INFO] ------------------------------------------------------------------------
[INFO] Total time:  2.067 s
[INFO] Finished at: 2022-12-09T02:20:04-06:00
[INFO] ------------------------------------------------------------------------


Executing: io.dropwizard.metrics.SharedMetricRegistriesTest#memorizesRegistriesByName - io.dropwizard.metrics.SharedMetricRegistriesTest#clearsRegistries
polluter: io.dropwizard.metrics.SharedMetricRegistriesTest#memorizesRegistriesByName
tests: ['io.dropwizard.metrics.SharedMetricRegistriesTest#clearsRegistries']

Picked up _JAVA_OPTIONS: -Dapple.awt.UIElement=true
[INFO] Scanning for projects...
[INFO] Inspecting build with total of 1 modules...
[INFO] Installing Nexus Staging features:
[INFO]   ... total of 1 executions of maven-deploy-plugin replaced with nexus-staging-maven-plugin
[INFO] 
[INFO] -----------------------< com.networknt:metrics >------------------------
[INFO] Building metrics 2.0.22-SNAPSHOT
[INFO] --------------------------------[ jar ]---------------------------------
[INFO] 
[INFO] --- jacoco-maven-plugin:0.8.3:prepare-agent (pre-unit-test) @ metrics ---
[INFO] argLine set to -javaagent:/Users/yicheng/.m2/repository/org/jacoco/org.jacoco.agent/0.8.3/org.jacoco.agent-0.8.3-runtime.jar=destfile=/Users/yicheng/coursework/527/idoft/projects/light-4j/metrics/target/coverage-reports/jacoco-ut.exec
[INFO] 
[INFO] --- maven-resources-plugin:2.6:resources (default-resources) @ metrics ---
[INFO] Using 'UTF-8' encoding to copy filtered resources.
[INFO] Copying 1 resource
[INFO] 
[INFO] --- maven-compiler-plugin:3.8.0:compile (default-compile) @ metrics ---
[INFO] Nothing to compile - all classes are up to date
[INFO] 
[INFO] --- build-helper-maven-plugin:3.0.0:add-test-source (add-test-source) @ metrics ---
[INFO] Test Source directory: /Users/yicheng/coursework/527/idoft/projects/light-4j/metrics/src/integration/java added.
[INFO] 
[INFO] --- build-helper-maven-plugin:3.0.0:add-test-resource (add-test-resource) @ metrics ---
[INFO] 
[INFO] --- maven-resources-plugin:2.6:testResources (default-testResources) @ metrics ---
[INFO] Using 'UTF-8' encoding to copy filtered resources.
[INFO] Copying 2 resources
[INFO] skip non existing resourceDirectory /Users/yicheng/coursework/527/idoft/projects/light-4j/metrics\src\integration\resources
[INFO] 
[INFO] --- maven-compiler-plugin:3.8.0:testCompile (default-testCompile) @ metrics ---
[INFO] Nothing to compile - all classes are up to date
[INFO] 
[INFO] --- maven-surefire-plugin:2.19.1:test (default-test) @ metrics ---

-------------------------------------------------------
 T E S T S
-------------------------------------------------------
Picked up _JAVA_OPTIONS: -Dapple.awt.UIElement=true
[ODET][INFO] ******** Premain Start ********
Running io.dropwizard.metrics.SharedMetricRegistriesTest
WARNING: An illegal reflective access operation has occurred
WARNING: Illegal reflective access by io.dropwizard.metrics.SharedMetricRegistriesTest (file:/Users/yicheng/coursework/527/idoft/projects/light-4j/metrics/target/test-classes/) to field java.lang.reflect.Field.modifiers
WARNING: Please consider reporting this to the maintainers of io.dropwizard.metrics.SharedMetricRegistriesTest
WARNING: Use --illegal-access=warn to enable warnings of further illegal reflective access operations
WARNING: All illegal access operations will be denied in a future release
Tests run: 1, Failures: 0, Errors: 0, Skipped: 0, Time elapsed: 0.156 sec - in io.dropwizard.metrics.SharedMetricRegistriesTest

Results :

Tests run: 1, Failures: 0, Errors: 0, Skipped: 0

[INFO] 
[INFO] --- jacoco-maven-plugin:0.8.3:report (post-unit-test) @ metrics ---
[INFO] Loading execution data file /Users/yicheng/coursework/527/idoft/projects/light-4j/metrics/target/coverage-reports/jacoco-ut.exec
[INFO] Analyzed bundle 'metrics' with 88 classes
[INFO] ------------------------------------------------------------------------
[INFO] BUILD SUCCESS
[INFO] ------------------------------------------------------------------------
[INFO] Total time:  1.869 s
[INFO] Finished at: 2022-12-09T02:20:06-06:00
[INFO] ------------------------------------------------------------------------


Executing: io.dropwizard.metrics.SharedMetricRegistriesTest#memorizesRegistriesByName - io.dropwizard.metrics.SharedMetricRegistriesTest#removesRegistries
polluter: io.dropwizard.metrics.SharedMetricRegistriesTest#memorizesRegistriesByName
tests: ['io.dropwizard.metrics.SharedMetricRegistriesTest#removesRegistries']

Picked up _JAVA_OPTIONS: -Dapple.awt.UIElement=true
[INFO] Scanning for projects...
[INFO] Inspecting build with total of 1 modules...
[INFO] Installing Nexus Staging features:
[INFO]   ... total of 1 executions of maven-deploy-plugin replaced with nexus-staging-maven-plugin
[INFO] 
[INFO] -----------------------< com.networknt:metrics >------------------------
[INFO] Building metrics 2.0.22-SNAPSHOT
[INFO] --------------------------------[ jar ]---------------------------------
[INFO] 
[INFO] --- jacoco-maven-plugin:0.8.3:prepare-agent (pre-unit-test) @ metrics ---
[INFO] argLine set to -javaagent:/Users/yicheng/.m2/repository/org/jacoco/org.jacoco.agent/0.8.3/org.jacoco.agent-0.8.3-runtime.jar=destfile=/Users/yicheng/coursework/527/idoft/projects/light-4j/metrics/target/coverage-reports/jacoco-ut.exec
[INFO] 
[INFO] --- maven-resources-plugin:2.6:resources (default-resources) @ metrics ---
[INFO] Using 'UTF-8' encoding to copy filtered resources.
[INFO] Copying 1 resource
[INFO] 
[INFO] --- maven-compiler-plugin:3.8.0:compile (default-compile) @ metrics ---
[INFO] Nothing to compile - all classes are up to date
[INFO] 
[INFO] --- build-helper-maven-plugin:3.0.0:add-test-source (add-test-source) @ metrics ---
[INFO] Test Source directory: /Users/yicheng/coursework/527/idoft/projects/light-4j/metrics/src/integration/java added.
[INFO] 
[INFO] --- build-helper-maven-plugin:3.0.0:add-test-resource (add-test-resource) @ metrics ---
[INFO] 
[INFO] --- maven-resources-plugin:2.6:testResources (default-testResources) @ metrics ---
[INFO] Using 'UTF-8' encoding to copy filtered resources.
[INFO] Copying 2 resources
[INFO] skip non existing resourceDirectory /Users/yicheng/coursework/527/idoft/projects/light-4j/metrics\src\integration\resources
[INFO] 
[INFO] --- maven-compiler-plugin:3.8.0:testCompile (default-testCompile) @ metrics ---
[INFO] Nothing to compile - all classes are up to date
[INFO] 
[INFO] --- maven-surefire-plugin:2.19.1:test (default-test) @ metrics ---

-------------------------------------------------------
 T E S T S
-------------------------------------------------------
Picked up _JAVA_OPTIONS: -Dapple.awt.UIElement=true
[ODET][INFO] ******** Premain Start ********
Running io.dropwizard.metrics.SharedMetricRegistriesTest
WARNING: An illegal reflective access operation has occurred
WARNING: Illegal reflective access by io.dropwizard.metrics.SharedMetricRegistriesTest (file:/Users/yicheng/coursework/527/idoft/projects/light-4j/metrics/target/test-classes/) to field java.lang.reflect.Field.modifiers
WARNING: Please consider reporting this to the maintainers of io.dropwizard.metrics.SharedMetricRegistriesTest
WARNING: Use --illegal-access=warn to enable warnings of further illegal reflective access operations
WARNING: All illegal access operations will be denied in a future release
Tests run: 1, Failures: 0, Errors: 0, Skipped: 0, Time elapsed: 0.161 sec - in io.dropwizard.metrics.SharedMetricRegistriesTest

Results :

Tests run: 1, Failures: 0, Errors: 0, Skipped: 0

[INFO] 
[INFO] --- jacoco-maven-plugin:0.8.3:report (post-unit-test) @ metrics ---
[INFO] Loading execution data file /Users/yicheng/coursework/527/idoft/projects/light-4j/metrics/target/coverage-reports/jacoco-ut.exec
[INFO] Analyzed bundle 'metrics' with 88 classes
[INFO] ------------------------------------------------------------------------
[INFO] BUILD SUCCESS
[INFO] ------------------------------------------------------------------------
[INFO] Total time:  1.813 s
[INFO] Finished at: 2022-12-09T02:20:09-06:00
[INFO] ------------------------------------------------------------------------


Executing: io.dropwizard.metrics.SharedMetricRegistriesTest#memorizesRegistriesByName - io.dropwizard.metrics.SharedMetricRegistriesTest#errorsWhenDefaultAlreadySet
polluter: io.dropwizard.metrics.SharedMetricRegistriesTest#memorizesRegistriesByName
tests: ['io.dropwizard.metrics.SharedMetricRegistriesTest#errorsWhenDefaultAlreadySet']

Picked up _JAVA_OPTIONS: -Dapple.awt.UIElement=true
[INFO] Scanning for projects...
[INFO] Inspecting build with total of 1 modules...
[INFO] Installing Nexus Staging features:
[INFO]   ... total of 1 executions of maven-deploy-plugin replaced with nexus-staging-maven-plugin
[INFO] 
[INFO] -----------------------< com.networknt:metrics >------------------------
[INFO] Building metrics 2.0.22-SNAPSHOT
[INFO] --------------------------------[ jar ]---------------------------------
[INFO] 
[INFO] --- jacoco-maven-plugin:0.8.3:prepare-agent (pre-unit-test) @ metrics ---
[INFO] argLine set to -javaagent:/Users/yicheng/.m2/repository/org/jacoco/org.jacoco.agent/0.8.3/org.jacoco.agent-0.8.3-runtime.jar=destfile=/Users/yicheng/coursework/527/idoft/projects/light-4j/metrics/target/coverage-reports/jacoco-ut.exec
[INFO] 
[INFO] --- maven-resources-plugin:2.6:resources (default-resources) @ metrics ---
[INFO] Using 'UTF-8' encoding to copy filtered resources.
[INFO] Copying 1 resource
[INFO] 
[INFO] --- maven-compiler-plugin:3.8.0:compile (default-compile) @ metrics ---
[INFO] Nothing to compile - all classes are up to date
[INFO] 
[INFO] --- build-helper-maven-plugin:3.0.0:add-test-source (add-test-source) @ metrics ---
[INFO] Test Source directory: /Users/yicheng/coursework/527/idoft/projects/light-4j/metrics/src/integration/java added.
[INFO] 
[INFO] --- build-helper-maven-plugin:3.0.0:add-test-resource (add-test-resource) @ metrics ---
[INFO] 
[INFO] --- maven-resources-plugin:2.6:testResources (default-testResources) @ metrics ---
[INFO] Using 'UTF-8' encoding to copy filtered resources.
[INFO] Copying 2 resources
[INFO] skip non existing resourceDirectory /Users/yicheng/coursework/527/idoft/projects/light-4j/metrics\src\integration\resources
[INFO] 
[INFO] --- maven-compiler-plugin:3.8.0:testCompile (default-testCompile) @ metrics ---
[INFO] Nothing to compile - all classes are up to date
[INFO] 
[INFO] --- maven-surefire-plugin:2.19.1:test (default-test) @ metrics ---

-------------------------------------------------------
 T E S T S
-------------------------------------------------------
Picked up _JAVA_OPTIONS: -Dapple.awt.UIElement=true
[ODET][INFO] ******** Premain Start ********
Running io.dropwizard.metrics.SharedMetricRegistriesTest
WARNING: An illegal reflective access operation has occurred
WARNING: Illegal reflective access by io.dropwizard.metrics.SharedMetricRegistriesTest (file:/Users/yicheng/coursework/527/idoft/projects/light-4j/metrics/target/test-classes/) to field java.lang.reflect.Field.modifiers
WARNING: Please consider reporting this to the maintainers of io.dropwizard.metrics.SharedMetricRegistriesTest
WARNING: Use --illegal-access=warn to enable warnings of further illegal reflective access operations
WARNING: All illegal access operations will be denied in a future release
Tests run: 1, Failures: 0, Errors: 0, Skipped: 0, Time elapsed: 0.161 sec - in io.dropwizard.metrics.SharedMetricRegistriesTest

Results :

Tests run: 1, Failures: 0, Errors: 0, Skipped: 0

[INFO] 
[INFO] --- jacoco-maven-plugin:0.8.3:report (post-unit-test) @ metrics ---
[INFO] Loading execution data file /Users/yicheng/coursework/527/idoft/projects/light-4j/metrics/target/coverage-reports/jacoco-ut.exec
[INFO] Analyzed bundle 'metrics' with 88 classes
[INFO] ------------------------------------------------------------------------
[INFO] BUILD SUCCESS
[INFO] ------------------------------------------------------------------------
[INFO] Total time:  1.795 s
[INFO] Finished at: 2022-12-09T02:20:11-06:00
[INFO] ------------------------------------------------------------------------


Executing: io.dropwizard.metrics.SharedMetricRegistriesTest#memorizesRegistriesByName - io.dropwizard.metrics.SharedMetricRegistriesTest#hasASetOfNames
polluter: io.dropwizard.metrics.SharedMetricRegistriesTest#memorizesRegistriesByName
tests: ['io.dropwizard.metrics.SharedMetricRegistriesTest#hasASetOfNames']

Picked up _JAVA_OPTIONS: -Dapple.awt.UIElement=true
[INFO] Scanning for projects...
[INFO] Inspecting build with total of 1 modules...
[INFO] Installing Nexus Staging features:
[INFO]   ... total of 1 executions of maven-deploy-plugin replaced with nexus-staging-maven-plugin
[INFO] 
[INFO] -----------------------< com.networknt:metrics >------------------------
[INFO] Building metrics 2.0.22-SNAPSHOT
[INFO] --------------------------------[ jar ]---------------------------------
[INFO] 
[INFO] --- jacoco-maven-plugin:0.8.3:prepare-agent (pre-unit-test) @ metrics ---
[INFO] argLine set to -javaagent:/Users/yicheng/.m2/repository/org/jacoco/org.jacoco.agent/0.8.3/org.jacoco.agent-0.8.3-runtime.jar=destfile=/Users/yicheng/coursework/527/idoft/projects/light-4j/metrics/target/coverage-reports/jacoco-ut.exec
[INFO] 
[INFO] --- maven-resources-plugin:2.6:resources (default-resources) @ metrics ---
[INFO] Using 'UTF-8' encoding to copy filtered resources.
[INFO] Copying 1 resource
[INFO] 
[INFO] --- maven-compiler-plugin:3.8.0:compile (default-compile) @ metrics ---
[INFO] Nothing to compile - all classes are up to date
[INFO] 
[INFO] --- build-helper-maven-plugin:3.0.0:add-test-source (add-test-source) @ metrics ---
[INFO] Test Source directory: /Users/yicheng/coursework/527/idoft/projects/light-4j/metrics/src/integration/java added.
[INFO] 
[INFO] --- build-helper-maven-plugin:3.0.0:add-test-resource (add-test-resource) @ metrics ---
[INFO] 
[INFO] --- maven-resources-plugin:2.6:testResources (default-testResources) @ metrics ---
[INFO] Using 'UTF-8' encoding to copy filtered resources.
[INFO] Copying 2 resources
[INFO] skip non existing resourceDirectory /Users/yicheng/coursework/527/idoft/projects/light-4j/metrics\src\integration\resources
[INFO] 
[INFO] --- maven-compiler-plugin:3.8.0:testCompile (default-testCompile) @ metrics ---
[INFO] Nothing to compile - all classes are up to date
[INFO] 
[INFO] --- maven-surefire-plugin:2.19.1:test (default-test) @ metrics ---

-------------------------------------------------------
 T E S T S
-------------------------------------------------------
Picked up _JAVA_OPTIONS: -Dapple.awt.UIElement=true
[ODET][INFO] ******** Premain Start ********
Running io.dropwizard.metrics.SharedMetricRegistriesTest
WARNING: An illegal reflective access operation has occurred
WARNING: Illegal reflective access by io.dropwizard.metrics.SharedMetricRegistriesTest (file:/Users/yicheng/coursework/527/idoft/projects/light-4j/metrics/target/test-classes/) to field java.lang.reflect.Field.modifiers
WARNING: Please consider reporting this to the maintainers of io.dropwizard.metrics.SharedMetricRegistriesTest
WARNING: Use --illegal-access=warn to enable warnings of further illegal reflective access operations
WARNING: All illegal access operations will be denied in a future release
Tests run: 1, Failures: 0, Errors: 0, Skipped: 0, Time elapsed: 0.15 sec - in io.dropwizard.metrics.SharedMetricRegistriesTest

Results :

Tests run: 1, Failures: 0, Errors: 0, Skipped: 0

[INFO] 
[INFO] --- jacoco-maven-plugin:0.8.3:report (post-unit-test) @ metrics ---
[INFO] Loading execution data file /Users/yicheng/coursework/527/idoft/projects/light-4j/metrics/target/coverage-reports/jacoco-ut.exec
[INFO] Analyzed bundle 'metrics' with 88 classes
[INFO] ------------------------------------------------------------------------
[INFO] BUILD SUCCESS
[INFO] ------------------------------------------------------------------------
[INFO] Total time:  1.794 s
[INFO] Finished at: 2022-12-09T02:20:14-06:00
[INFO] ------------------------------------------------------------------------


Executing: io.dropwizard.metrics.SharedMetricRegistriesTest#clearsRegistries - io.dropwizard.metrics.SharedMetricRegistriesTest#errorsWhenDefaultUnset
polluter: io.dropwizard.metrics.SharedMetricRegistriesTest#clearsRegistries
tests: ['io.dropwizard.metrics.SharedMetricRegistriesTest#errorsWhenDefaultUnset']

Picked up _JAVA_OPTIONS: -Dapple.awt.UIElement=true
[INFO] Scanning for projects...
[INFO] Inspecting build with total of 1 modules...
[INFO] Installing Nexus Staging features:
[INFO]   ... total of 1 executions of maven-deploy-plugin replaced with nexus-staging-maven-plugin
[INFO] 
[INFO] -----------------------< com.networknt:metrics >------------------------
[INFO] Building metrics 2.0.22-SNAPSHOT
[INFO] --------------------------------[ jar ]---------------------------------
[INFO] 
[INFO] --- jacoco-maven-plugin:0.8.3:prepare-agent (pre-unit-test) @ metrics ---
[INFO] argLine set to -javaagent:/Users/yicheng/.m2/repository/org/jacoco/org.jacoco.agent/0.8.3/org.jacoco.agent-0.8.3-runtime.jar=destfile=/Users/yicheng/coursework/527/idoft/projects/light-4j/metrics/target/coverage-reports/jacoco-ut.exec
[INFO] 
[INFO] --- maven-resources-plugin:2.6:resources (default-resources) @ metrics ---
[INFO] Using 'UTF-8' encoding to copy filtered resources.
[INFO] Copying 1 resource
[INFO] 
[INFO] --- maven-compiler-plugin:3.8.0:compile (default-compile) @ metrics ---
[INFO] Nothing to compile - all classes are up to date
[INFO] 
[INFO] --- build-helper-maven-plugin:3.0.0:add-test-source (add-test-source) @ metrics ---
[INFO] Test Source directory: /Users/yicheng/coursework/527/idoft/projects/light-4j/metrics/src/integration/java added.
[INFO] 
[INFO] --- build-helper-maven-plugin:3.0.0:add-test-resource (add-test-resource) @ metrics ---
[INFO] 
[INFO] --- maven-resources-plugin:2.6:testResources (default-testResources) @ metrics ---
[INFO] Using 'UTF-8' encoding to copy filtered resources.
[INFO] Copying 2 resources
[INFO] skip non existing resourceDirectory /Users/yicheng/coursework/527/idoft/projects/light-4j/metrics\src\integration\resources
[INFO] 
[INFO] --- maven-compiler-plugin:3.8.0:testCompile (default-testCompile) @ metrics ---
[INFO] Nothing to compile - all classes are up to date
[INFO] 
[INFO] --- maven-surefire-plugin:2.19.1:test (default-test) @ metrics ---

-------------------------------------------------------
 T E S T S
-------------------------------------------------------
Picked up _JAVA_OPTIONS: -Dapple.awt.UIElement=true
[ODET][INFO] ******** Premain Start ********
Running io.dropwizard.metrics.SharedMetricRegistriesTest
WARNING: An illegal reflective access operation has occurred
WARNING: Illegal reflective access by io.dropwizard.metrics.SharedMetricRegistriesTest (file:/Users/yicheng/coursework/527/idoft/projects/light-4j/metrics/target/test-classes/) to field java.lang.reflect.Field.modifiers
WARNING: Please consider reporting this to the maintainers of io.dropwizard.metrics.SharedMetricRegistriesTest
WARNING: Use --illegal-access=warn to enable warnings of further illegal reflective access operations
WARNING: All illegal access operations will be denied in a future release
Tests run: 1, Failures: 0, Errors: 0, Skipped: 0, Time elapsed: 0.152 sec - in io.dropwizard.metrics.SharedMetricRegistriesTest

Results :

Tests run: 1, Failures: 0, Errors: 0, Skipped: 0

[INFO] 
[INFO] --- jacoco-maven-plugin:0.8.3:report (post-unit-test) @ metrics ---
[INFO] Loading execution data file /Users/yicheng/coursework/527/idoft/projects/light-4j/metrics/target/coverage-reports/jacoco-ut.exec
[INFO] Analyzed bundle 'metrics' with 88 classes
[INFO] ------------------------------------------------------------------------
[INFO] BUILD SUCCESS
[INFO] ------------------------------------------------------------------------
[INFO] Total time:  1.805 s
[INFO] Finished at: 2022-12-09T02:20:16-06:00
[INFO] ------------------------------------------------------------------------


Executing: io.dropwizard.metrics.SharedMetricRegistriesTest#clearsRegistries - io.dropwizard.metrics.SharedMetricRegistriesTest#removesRegistries
polluter: io.dropwizard.metrics.SharedMetricRegistriesTest#clearsRegistries
tests: ['io.dropwizard.metrics.SharedMetricRegistriesTest#removesRegistries']

Picked up _JAVA_OPTIONS: -Dapple.awt.UIElement=true
[INFO] Scanning for projects...
[INFO] Inspecting build with total of 1 modules...
[INFO] Installing Nexus Staging features:
[INFO]   ... total of 1 executions of maven-deploy-plugin replaced with nexus-staging-maven-plugin
[INFO] 
[INFO] -----------------------< com.networknt:metrics >------------------------
[INFO] Building metrics 2.0.22-SNAPSHOT
[INFO] --------------------------------[ jar ]---------------------------------
[INFO] 
[INFO] --- jacoco-maven-plugin:0.8.3:prepare-agent (pre-unit-test) @ metrics ---
[INFO] argLine set to -javaagent:/Users/yicheng/.m2/repository/org/jacoco/org.jacoco.agent/0.8.3/org.jacoco.agent-0.8.3-runtime.jar=destfile=/Users/yicheng/coursework/527/idoft/projects/light-4j/metrics/target/coverage-reports/jacoco-ut.exec
[INFO] 
[INFO] --- maven-resources-plugin:2.6:resources (default-resources) @ metrics ---
[INFO] Using 'UTF-8' encoding to copy filtered resources.
[INFO] Copying 1 resource
[INFO] 
[INFO] --- maven-compiler-plugin:3.8.0:compile (default-compile) @ metrics ---
[INFO] Nothing to compile - all classes are up to date
[INFO] 
[INFO] --- build-helper-maven-plugin:3.0.0:add-test-source (add-test-source) @ metrics ---
[INFO] Test Source directory: /Users/yicheng/coursework/527/idoft/projects/light-4j/metrics/src/integration/java added.
[INFO] 
[INFO] --- build-helper-maven-plugin:3.0.0:add-test-resource (add-test-resource) @ metrics ---
[INFO] 
[INFO] --- maven-resources-plugin:2.6:testResources (default-testResources) @ metrics ---
[INFO] Using 'UTF-8' encoding to copy filtered resources.
[INFO] Copying 2 resources
[INFO] skip non existing resourceDirectory /Users/yicheng/coursework/527/idoft/projects/light-4j/metrics\src\integration\resources
[INFO] 
[INFO] --- maven-compiler-plugin:3.8.0:testCompile (default-testCompile) @ metrics ---
[INFO] Nothing to compile - all classes are up to date
[INFO] 
[INFO] --- maven-surefire-plugin:2.19.1:test (default-test) @ metrics ---

-------------------------------------------------------
 T E S T S
-------------------------------------------------------
Picked up _JAVA_OPTIONS: -Dapple.awt.UIElement=true
[ODET][INFO] ******** Premain Start ********
Running io.dropwizard.metrics.SharedMetricRegistriesTest
WARNING: An illegal reflective access operation has occurred
WARNING: Illegal reflective access by io.dropwizard.metrics.SharedMetricRegistriesTest (file:/Users/yicheng/coursework/527/idoft/projects/light-4j/metrics/target/test-classes/) to field java.lang.reflect.Field.modifiers
WARNING: Please consider reporting this to the maintainers of io.dropwizard.metrics.SharedMetricRegistriesTest
WARNING: Use --illegal-access=warn to enable warnings of further illegal reflective access operations
WARNING: All illegal access operations will be denied in a future release
Tests run: 1, Failures: 0, Errors: 0, Skipped: 0, Time elapsed: 0.157 sec - in io.dropwizard.metrics.SharedMetricRegistriesTest

Results :

Tests run: 1, Failures: 0, Errors: 0, Skipped: 0

[INFO] 
[INFO] --- jacoco-maven-plugin:0.8.3:report (post-unit-test) @ metrics ---
[INFO] Loading execution data file /Users/yicheng/coursework/527/idoft/projects/light-4j/metrics/target/coverage-reports/jacoco-ut.exec
[INFO] Analyzed bundle 'metrics' with 88 classes
[INFO] ------------------------------------------------------------------------
[INFO] BUILD SUCCESS
[INFO] ------------------------------------------------------------------------
[INFO] Total time:  1.813 s
[INFO] Finished at: 2022-12-09T02:20:19-06:00
[INFO] ------------------------------------------------------------------------


Executing: io.dropwizard.metrics.SharedMetricRegistriesTest#clearsRegistries - io.dropwizard.metrics.SharedMetricRegistriesTest#errorsWhenDefaultAlreadySet
polluter: io.dropwizard.metrics.SharedMetricRegistriesTest#clearsRegistries
tests: ['io.dropwizard.metrics.SharedMetricRegistriesTest#errorsWhenDefaultAlreadySet']

Picked up _JAVA_OPTIONS: -Dapple.awt.UIElement=true
[INFO] Scanning for projects...
[INFO] Inspecting build with total of 1 modules...
[INFO] Installing Nexus Staging features:
[INFO]   ... total of 1 executions of maven-deploy-plugin replaced with nexus-staging-maven-plugin
[INFO] 
[INFO] -----------------------< com.networknt:metrics >------------------------
[INFO] Building metrics 2.0.22-SNAPSHOT
[INFO] --------------------------------[ jar ]---------------------------------
[INFO] 
[INFO] --- jacoco-maven-plugin:0.8.3:prepare-agent (pre-unit-test) @ metrics ---
[INFO] argLine set to -javaagent:/Users/yicheng/.m2/repository/org/jacoco/org.jacoco.agent/0.8.3/org.jacoco.agent-0.8.3-runtime.jar=destfile=/Users/yicheng/coursework/527/idoft/projects/light-4j/metrics/target/coverage-reports/jacoco-ut.exec
[INFO] 
[INFO] --- maven-resources-plugin:2.6:resources (default-resources) @ metrics ---
[INFO] Using 'UTF-8' encoding to copy filtered resources.
[INFO] Copying 1 resource
[INFO] 
[INFO] --- maven-compiler-plugin:3.8.0:compile (default-compile) @ metrics ---
[INFO] Nothing to compile - all classes are up to date
[INFO] 
[INFO] --- build-helper-maven-plugin:3.0.0:add-test-source (add-test-source) @ metrics ---
[INFO] Test Source directory: /Users/yicheng/coursework/527/idoft/projects/light-4j/metrics/src/integration/java added.
[INFO] 
[INFO] --- build-helper-maven-plugin:3.0.0:add-test-resource (add-test-resource) @ metrics ---
[INFO] 
[INFO] --- maven-resources-plugin:2.6:testResources (default-testResources) @ metrics ---
[INFO] Using 'UTF-8' encoding to copy filtered resources.
[INFO] Copying 2 resources
[INFO] skip non existing resourceDirectory /Users/yicheng/coursework/527/idoft/projects/light-4j/metrics\src\integration\resources
[INFO] 
[INFO] --- maven-compiler-plugin:3.8.0:testCompile (default-testCompile) @ metrics ---
[INFO] Nothing to compile - all classes are up to date
[INFO] 
[INFO] --- maven-surefire-plugin:2.19.1:test (default-test) @ metrics ---

-------------------------------------------------------
 T E S T S
-------------------------------------------------------
Picked up _JAVA_OPTIONS: -Dapple.awt.UIElement=true
[ODET][INFO] ******** Premain Start ********
Running io.dropwizard.metrics.SharedMetricRegistriesTest
WARNING: An illegal reflective access operation has occurred
WARNING: Illegal reflective access by io.dropwizard.metrics.SharedMetricRegistriesTest (file:/Users/yicheng/coursework/527/idoft/projects/light-4j/metrics/target/test-classes/) to field java.lang.reflect.Field.modifiers
WARNING: Please consider reporting this to the maintainers of io.dropwizard.metrics.SharedMetricRegistriesTest
WARNING: Use --illegal-access=warn to enable warnings of further illegal reflective access operations
WARNING: All illegal access operations will be denied in a future release
Tests run: 1, Failures: 0, Errors: 0, Skipped: 0, Time elapsed: 0.153 sec - in io.dropwizard.metrics.SharedMetricRegistriesTest

Results :

Tests run: 1, Failures: 0, Errors: 0, Skipped: 0

[INFO] 
[INFO] --- jacoco-maven-plugin:0.8.3:report (post-unit-test) @ metrics ---
[INFO] Loading execution data file /Users/yicheng/coursework/527/idoft/projects/light-4j/metrics/target/coverage-reports/jacoco-ut.exec
[INFO] Analyzed bundle 'metrics' with 88 classes
[INFO] ------------------------------------------------------------------------
[INFO] BUILD SUCCESS
[INFO] ------------------------------------------------------------------------
[INFO] Total time:  1.773 s
[INFO] Finished at: 2022-12-09T02:20:21-06:00
[INFO] ------------------------------------------------------------------------


Executing: io.dropwizard.metrics.SharedMetricRegistriesTest#clearsRegistries - io.dropwizard.metrics.SharedMetricRegistriesTest#memorizesRegistriesByName
polluter: io.dropwizard.metrics.SharedMetricRegistriesTest#clearsRegistries
tests: ['io.dropwizard.metrics.SharedMetricRegistriesTest#memorizesRegistriesByName']

Picked up _JAVA_OPTIONS: -Dapple.awt.UIElement=true
[INFO] Scanning for projects...
[INFO] Inspecting build with total of 1 modules...
[INFO] Installing Nexus Staging features:
[INFO]   ... total of 1 executions of maven-deploy-plugin replaced with nexus-staging-maven-plugin
[INFO] 
[INFO] -----------------------< com.networknt:metrics >------------------------
[INFO] Building metrics 2.0.22-SNAPSHOT
[INFO] --------------------------------[ jar ]---------------------------------
[INFO] 
[INFO] --- jacoco-maven-plugin:0.8.3:prepare-agent (pre-unit-test) @ metrics ---
[INFO] argLine set to -javaagent:/Users/yicheng/.m2/repository/org/jacoco/org.jacoco.agent/0.8.3/org.jacoco.agent-0.8.3-runtime.jar=destfile=/Users/yicheng/coursework/527/idoft/projects/light-4j/metrics/target/coverage-reports/jacoco-ut.exec
[INFO] 
[INFO] --- maven-resources-plugin:2.6:resources (default-resources) @ metrics ---
[INFO] Using 'UTF-8' encoding to copy filtered resources.
[INFO] Copying 1 resource
[INFO] 
[INFO] --- maven-compiler-plugin:3.8.0:compile (default-compile) @ metrics ---
[INFO] Nothing to compile - all classes are up to date
[INFO] 
[INFO] --- build-helper-maven-plugin:3.0.0:add-test-source (add-test-source) @ metrics ---
[INFO] Test Source directory: /Users/yicheng/coursework/527/idoft/projects/light-4j/metrics/src/integration/java added.
[INFO] 
[INFO] --- build-helper-maven-plugin:3.0.0:add-test-resource (add-test-resource) @ metrics ---
[INFO] 
[INFO] --- maven-resources-plugin:2.6:testResources (default-testResources) @ metrics ---
[INFO] Using 'UTF-8' encoding to copy filtered resources.
[INFO] Copying 2 resources
[INFO] skip non existing resourceDirectory /Users/yicheng/coursework/527/idoft/projects/light-4j/metrics\src\integration\resources
[INFO] 
[INFO] --- maven-compiler-plugin:3.8.0:testCompile (default-testCompile) @ metrics ---
[INFO] Nothing to compile - all classes are up to date
[INFO] 
[INFO] --- maven-surefire-plugin:2.19.1:test (default-test) @ metrics ---

-------------------------------------------------------
 T E S T S
-------------------------------------------------------
Picked up _JAVA_OPTIONS: -Dapple.awt.UIElement=true
[ODET][INFO] ******** Premain Start ********
Running io.dropwizard.metrics.SharedMetricRegistriesTest
WARNING: An illegal reflective access operation has occurred
WARNING: Illegal reflective access by io.dropwizard.metrics.SharedMetricRegistriesTest (file:/Users/yicheng/coursework/527/idoft/projects/light-4j/metrics/target/test-classes/) to field java.lang.reflect.Field.modifiers
WARNING: Please consider reporting this to the maintainers of io.dropwizard.metrics.SharedMetricRegistriesTest
WARNING: Use --illegal-access=warn to enable warnings of further illegal reflective access operations
WARNING: All illegal access operations will be denied in a future release
Tests run: 1, Failures: 0, Errors: 0, Skipped: 0, Time elapsed: 0.159 sec - in io.dropwizard.metrics.SharedMetricRegistriesTest

Results :

Tests run: 1, Failures: 0, Errors: 0, Skipped: 0

[INFO] 
[INFO] --- jacoco-maven-plugin:0.8.3:report (post-unit-test) @ metrics ---
[INFO] Loading execution data file /Users/yicheng/coursework/527/idoft/projects/light-4j/metrics/target/coverage-reports/jacoco-ut.exec
[INFO] Analyzed bundle 'metrics' with 88 classes
[INFO] ------------------------------------------------------------------------
[INFO] BUILD SUCCESS
[INFO] ------------------------------------------------------------------------
[INFO] Total time:  1.789 s
[INFO] Finished at: 2022-12-09T02:20:23-06:00
[INFO] ------------------------------------------------------------------------


Executing: io.dropwizard.metrics.SharedMetricRegistriesTest#clearsRegistries - io.dropwizard.metrics.SharedMetricRegistriesTest#hasASetOfNames
polluter: io.dropwizard.metrics.SharedMetricRegistriesTest#clearsRegistries
tests: ['io.dropwizard.metrics.SharedMetricRegistriesTest#hasASetOfNames']

Picked up _JAVA_OPTIONS: -Dapple.awt.UIElement=true
[INFO] Scanning for projects...
[INFO] Inspecting build with total of 1 modules...
[INFO] Installing Nexus Staging features:
[INFO]   ... total of 1 executions of maven-deploy-plugin replaced with nexus-staging-maven-plugin
[INFO] 
[INFO] -----------------------< com.networknt:metrics >------------------------
[INFO] Building metrics 2.0.22-SNAPSHOT
[INFO] --------------------------------[ jar ]---------------------------------
[INFO] 
[INFO] --- jacoco-maven-plugin:0.8.3:prepare-agent (pre-unit-test) @ metrics ---
[INFO] argLine set to -javaagent:/Users/yicheng/.m2/repository/org/jacoco/org.jacoco.agent/0.8.3/org.jacoco.agent-0.8.3-runtime.jar=destfile=/Users/yicheng/coursework/527/idoft/projects/light-4j/metrics/target/coverage-reports/jacoco-ut.exec
[INFO] 
[INFO] --- maven-resources-plugin:2.6:resources (default-resources) @ metrics ---
[INFO] Using 'UTF-8' encoding to copy filtered resources.
[INFO] Copying 1 resource
[INFO] 
[INFO] --- maven-compiler-plugin:3.8.0:compile (default-compile) @ metrics ---
[INFO] Nothing to compile - all classes are up to date
[INFO] 
[INFO] --- build-helper-maven-plugin:3.0.0:add-test-source (add-test-source) @ metrics ---
[INFO] Test Source directory: /Users/yicheng/coursework/527/idoft/projects/light-4j/metrics/src/integration/java added.
[INFO] 
[INFO] --- build-helper-maven-plugin:3.0.0:add-test-resource (add-test-resource) @ metrics ---
[INFO] 
[INFO] --- maven-resources-plugin:2.6:testResources (default-testResources) @ metrics ---
[INFO] Using 'UTF-8' encoding to copy filtered resources.
[INFO] Copying 2 resources
[INFO] skip non existing resourceDirectory /Users/yicheng/coursework/527/idoft/projects/light-4j/metrics\src\integration\resources
[INFO] 
[INFO] --- maven-compiler-plugin:3.8.0:testCompile (default-testCompile) @ metrics ---
[INFO] Nothing to compile - all classes are up to date
[INFO] 
[INFO] --- maven-surefire-plugin:2.19.1:test (default-test) @ metrics ---

-------------------------------------------------------
 T E S T S
-------------------------------------------------------
Picked up _JAVA_OPTIONS: -Dapple.awt.UIElement=true
[ODET][INFO] ******** Premain Start ********
Running io.dropwizard.metrics.SharedMetricRegistriesTest
WARNING: An illegal reflective access operation has occurred
WARNING: Illegal reflective access by io.dropwizard.metrics.SharedMetricRegistriesTest (file:/Users/yicheng/coursework/527/idoft/projects/light-4j/metrics/target/test-classes/) to field java.lang.reflect.Field.modifiers
WARNING: Please consider reporting this to the maintainers of io.dropwizard.metrics.SharedMetricRegistriesTest
WARNING: Use --illegal-access=warn to enable warnings of further illegal reflective access operations
WARNING: All illegal access operations will be denied in a future release
Tests run: 1, Failures: 0, Errors: 0, Skipped: 0, Time elapsed: 0.148 sec - in io.dropwizard.metrics.SharedMetricRegistriesTest

Results :

Tests run: 1, Failures: 0, Errors: 0, Skipped: 0

[INFO] 
[INFO] --- jacoco-maven-plugin:0.8.3:report (post-unit-test) @ metrics ---
[INFO] Loading execution data file /Users/yicheng/coursework/527/idoft/projects/light-4j/metrics/target/coverage-reports/jacoco-ut.exec
[INFO] Analyzed bundle 'metrics' with 88 classes
[INFO] ------------------------------------------------------------------------
[INFO] BUILD SUCCESS
[INFO] ------------------------------------------------------------------------
[INFO] Total time:  1.798 s
[INFO] Finished at: 2022-12-09T02:20:26-06:00
[INFO] ------------------------------------------------------------------------


Executing: io.dropwizard.metrics.SharedMetricRegistriesTest#hasASetOfNames - io.dropwizard.metrics.SharedMetricRegistriesTest#errorsWhenDefaultUnset
polluter: io.dropwizard.metrics.SharedMetricRegistriesTest#hasASetOfNames
tests: ['io.dropwizard.metrics.SharedMetricRegistriesTest#errorsWhenDefaultUnset']

Picked up _JAVA_OPTIONS: -Dapple.awt.UIElement=true
[INFO] Scanning for projects...
[INFO] Inspecting build with total of 1 modules...
[INFO] Installing Nexus Staging features:
[INFO]   ... total of 1 executions of maven-deploy-plugin replaced with nexus-staging-maven-plugin
[INFO] 
[INFO] -----------------------< com.networknt:metrics >------------------------
[INFO] Building metrics 2.0.22-SNAPSHOT
[INFO] --------------------------------[ jar ]---------------------------------
[INFO] 
[INFO] --- jacoco-maven-plugin:0.8.3:prepare-agent (pre-unit-test) @ metrics ---
[INFO] argLine set to -javaagent:/Users/yicheng/.m2/repository/org/jacoco/org.jacoco.agent/0.8.3/org.jacoco.agent-0.8.3-runtime.jar=destfile=/Users/yicheng/coursework/527/idoft/projects/light-4j/metrics/target/coverage-reports/jacoco-ut.exec
[INFO] 
[INFO] --- maven-resources-plugin:2.6:resources (default-resources) @ metrics ---
[INFO] Using 'UTF-8' encoding to copy filtered resources.
[INFO] Copying 1 resource
[INFO] 
[INFO] --- maven-compiler-plugin:3.8.0:compile (default-compile) @ metrics ---
[INFO] Nothing to compile - all classes are up to date
[INFO] 
[INFO] --- build-helper-maven-plugin:3.0.0:add-test-source (add-test-source) @ metrics ---
[INFO] Test Source directory: /Users/yicheng/coursework/527/idoft/projects/light-4j/metrics/src/integration/java added.
[INFO] 
[INFO] --- build-helper-maven-plugin:3.0.0:add-test-resource (add-test-resource) @ metrics ---
[INFO] 
[INFO] --- maven-resources-plugin:2.6:testResources (default-testResources) @ metrics ---
[INFO] Using 'UTF-8' encoding to copy filtered resources.
[INFO] Copying 2 resources
[INFO] skip non existing resourceDirectory /Users/yicheng/coursework/527/idoft/projects/light-4j/metrics\src\integration\resources
[INFO] 
[INFO] --- maven-compiler-plugin:3.8.0:testCompile (default-testCompile) @ metrics ---
[INFO] Nothing to compile - all classes are up to date
[INFO] 
[INFO] --- maven-surefire-plugin:2.19.1:test (default-test) @ metrics ---

-------------------------------------------------------
 T E S T S
-------------------------------------------------------
Picked up _JAVA_OPTIONS: -Dapple.awt.UIElement=true
[ODET][INFO] ******** Premain Start ********
Running io.dropwizard.metrics.SharedMetricRegistriesTest
WARNING: An illegal reflective access operation has occurred
WARNING: Illegal reflective access by io.dropwizard.metrics.SharedMetricRegistriesTest (file:/Users/yicheng/coursework/527/idoft/projects/light-4j/metrics/target/test-classes/) to field java.lang.reflect.Field.modifiers
WARNING: Please consider reporting this to the maintainers of io.dropwizard.metrics.SharedMetricRegistriesTest
WARNING: Use --illegal-access=warn to enable warnings of further illegal reflective access operations
WARNING: All illegal access operations will be denied in a future release
Tests run: 1, Failures: 0, Errors: 0, Skipped: 0, Time elapsed: 0.16 sec - in io.dropwizard.metrics.SharedMetricRegistriesTest

Results :

Tests run: 1, Failures: 0, Errors: 0, Skipped: 0

[INFO] 
[INFO] --- jacoco-maven-plugin:0.8.3:report (post-unit-test) @ metrics ---
[INFO] Loading execution data file /Users/yicheng/coursework/527/idoft/projects/light-4j/metrics/target/coverage-reports/jacoco-ut.exec
[INFO] Analyzed bundle 'metrics' with 88 classes
[INFO] ------------------------------------------------------------------------
[INFO] BUILD SUCCESS
[INFO] ------------------------------------------------------------------------
[INFO] Total time:  1.829 s
[INFO] Finished at: 2022-12-09T02:20:28-06:00
[INFO] ------------------------------------------------------------------------


Executing: io.dropwizard.metrics.SharedMetricRegistriesTest#hasASetOfNames - io.dropwizard.metrics.SharedMetricRegistriesTest#clearsRegistries
polluter: io.dropwizard.metrics.SharedMetricRegistriesTest#hasASetOfNames
tests: ['io.dropwizard.metrics.SharedMetricRegistriesTest#clearsRegistries']

Picked up _JAVA_OPTIONS: -Dapple.awt.UIElement=true
[INFO] Scanning for projects...
[INFO] Inspecting build with total of 1 modules...
[INFO] Installing Nexus Staging features:
[INFO]   ... total of 1 executions of maven-deploy-plugin replaced with nexus-staging-maven-plugin
[INFO] 
[INFO] -----------------------< com.networknt:metrics >------------------------
[INFO] Building metrics 2.0.22-SNAPSHOT
[INFO] --------------------------------[ jar ]---------------------------------
[INFO] 
[INFO] --- jacoco-maven-plugin:0.8.3:prepare-agent (pre-unit-test) @ metrics ---
[INFO] argLine set to -javaagent:/Users/yicheng/.m2/repository/org/jacoco/org.jacoco.agent/0.8.3/org.jacoco.agent-0.8.3-runtime.jar=destfile=/Users/yicheng/coursework/527/idoft/projects/light-4j/metrics/target/coverage-reports/jacoco-ut.exec
[INFO] 
[INFO] --- maven-resources-plugin:2.6:resources (default-resources) @ metrics ---
[INFO] Using 'UTF-8' encoding to copy filtered resources.
[INFO] Copying 1 resource
[INFO] 
[INFO] --- maven-compiler-plugin:3.8.0:compile (default-compile) @ metrics ---
[INFO] Nothing to compile - all classes are up to date
[INFO] 
[INFO] --- build-helper-maven-plugin:3.0.0:add-test-source (add-test-source) @ metrics ---
[INFO] Test Source directory: /Users/yicheng/coursework/527/idoft/projects/light-4j/metrics/src/integration/java added.
[INFO] 
[INFO] --- build-helper-maven-plugin:3.0.0:add-test-resource (add-test-resource) @ metrics ---
[INFO] 
[INFO] --- maven-resources-plugin:2.6:testResources (default-testResources) @ metrics ---
[INFO] Using 'UTF-8' encoding to copy filtered resources.
[INFO] Copying 2 resources
[INFO] skip non existing resourceDirectory /Users/yicheng/coursework/527/idoft/projects/light-4j/metrics\src\integration\resources
[INFO] 
[INFO] --- maven-compiler-plugin:3.8.0:testCompile (default-testCompile) @ metrics ---
[INFO] Nothing to compile - all classes are up to date
[INFO] 
[INFO] --- maven-surefire-plugin:2.19.1:test (default-test) @ metrics ---

-------------------------------------------------------
 T E S T S
-------------------------------------------------------
Picked up _JAVA_OPTIONS: -Dapple.awt.UIElement=true
[ODET][INFO] ******** Premain Start ********
Running io.dropwizard.metrics.SharedMetricRegistriesTest
WARNING: An illegal reflective access operation has occurred
WARNING: Illegal reflective access by io.dropwizard.metrics.SharedMetricRegistriesTest (file:/Users/yicheng/coursework/527/idoft/projects/light-4j/metrics/target/test-classes/) to field java.lang.reflect.Field.modifiers
WARNING: Please consider reporting this to the maintainers of io.dropwizard.metrics.SharedMetricRegistriesTest
WARNING: Use --illegal-access=warn to enable warnings of further illegal reflective access operations
WARNING: All illegal access operations will be denied in a future release
Tests run: 1, Failures: 0, Errors: 0, Skipped: 0, Time elapsed: 0.147 sec - in io.dropwizard.metrics.SharedMetricRegistriesTest

Results :

Tests run: 1, Failures: 0, Errors: 0, Skipped: 0

[INFO] 
[INFO] --- jacoco-maven-plugin:0.8.3:report (post-unit-test) @ metrics ---
[INFO] Loading execution data file /Users/yicheng/coursework/527/idoft/projects/light-4j/metrics/target/coverage-reports/jacoco-ut.exec
[INFO] Analyzed bundle 'metrics' with 88 classes
[INFO] ------------------------------------------------------------------------
[INFO] BUILD SUCCESS
[INFO] ------------------------------------------------------------------------
[INFO] Total time:  1.810 s
[INFO] Finished at: 2022-12-09T02:20:31-06:00
[INFO] ------------------------------------------------------------------------


Executing: io.dropwizard.metrics.SharedMetricRegistriesTest#hasASetOfNames - io.dropwizard.metrics.SharedMetricRegistriesTest#removesRegistries
polluter: io.dropwizard.metrics.SharedMetricRegistriesTest#hasASetOfNames
tests: ['io.dropwizard.metrics.SharedMetricRegistriesTest#removesRegistries']

Picked up _JAVA_OPTIONS: -Dapple.awt.UIElement=true
[INFO] Scanning for projects...
[INFO] Inspecting build with total of 1 modules...
[INFO] Installing Nexus Staging features:
[INFO]   ... total of 1 executions of maven-deploy-plugin replaced with nexus-staging-maven-plugin
[INFO] 
[INFO] -----------------------< com.networknt:metrics >------------------------
[INFO] Building metrics 2.0.22-SNAPSHOT
[INFO] --------------------------------[ jar ]---------------------------------
[INFO] 
[INFO] --- jacoco-maven-plugin:0.8.3:prepare-agent (pre-unit-test) @ metrics ---
[INFO] argLine set to -javaagent:/Users/yicheng/.m2/repository/org/jacoco/org.jacoco.agent/0.8.3/org.jacoco.agent-0.8.3-runtime.jar=destfile=/Users/yicheng/coursework/527/idoft/projects/light-4j/metrics/target/coverage-reports/jacoco-ut.exec
[INFO] 
[INFO] --- maven-resources-plugin:2.6:resources (default-resources) @ metrics ---
[INFO] Using 'UTF-8' encoding to copy filtered resources.
[INFO] Copying 1 resource
[INFO] 
[INFO] --- maven-compiler-plugin:3.8.0:compile (default-compile) @ metrics ---
[INFO] Nothing to compile - all classes are up to date
[INFO] 
[INFO] --- build-helper-maven-plugin:3.0.0:add-test-source (add-test-source) @ metrics ---
[INFO] Test Source directory: /Users/yicheng/coursework/527/idoft/projects/light-4j/metrics/src/integration/java added.
[INFO] 
[INFO] --- build-helper-maven-plugin:3.0.0:add-test-resource (add-test-resource) @ metrics ---
[INFO] 
[INFO] --- maven-resources-plugin:2.6:testResources (default-testResources) @ metrics ---
[INFO] Using 'UTF-8' encoding to copy filtered resources.
[INFO] Copying 2 resources
[INFO] skip non existing resourceDirectory /Users/yicheng/coursework/527/idoft/projects/light-4j/metrics\src\integration\resources
[INFO] 
[INFO] --- maven-compiler-plugin:3.8.0:testCompile (default-testCompile) @ metrics ---
[INFO] Nothing to compile - all classes are up to date
[INFO] 
[INFO] --- maven-surefire-plugin:2.19.1:test (default-test) @ metrics ---

-------------------------------------------------------
 T E S T S
-------------------------------------------------------
Picked up _JAVA_OPTIONS: -Dapple.awt.UIElement=true
[ODET][INFO] ******** Premain Start ********
Running io.dropwizard.metrics.SharedMetricRegistriesTest
WARNING: An illegal reflective access operation has occurred
WARNING: Illegal reflective access by io.dropwizard.metrics.SharedMetricRegistriesTest (file:/Users/yicheng/coursework/527/idoft/projects/light-4j/metrics/target/test-classes/) to field java.lang.reflect.Field.modifiers
WARNING: Please consider reporting this to the maintainers of io.dropwizard.metrics.SharedMetricRegistriesTest
WARNING: Use --illegal-access=warn to enable warnings of further illegal reflective access operations
WARNING: All illegal access operations will be denied in a future release
Tests run: 1, Failures: 0, Errors: 0, Skipped: 0, Time elapsed: 0.166 sec - in io.dropwizard.metrics.SharedMetricRegistriesTest

Results :

Tests run: 1, Failures: 0, Errors: 0, Skipped: 0

[INFO] 
[INFO] --- jacoco-maven-plugin:0.8.3:report (post-unit-test) @ metrics ---
[INFO] Loading execution data file /Users/yicheng/coursework/527/idoft/projects/light-4j/metrics/target/coverage-reports/jacoco-ut.exec
[INFO] Analyzed bundle 'metrics' with 88 classes
[INFO] ------------------------------------------------------------------------
[INFO] BUILD SUCCESS
[INFO] ------------------------------------------------------------------------
[INFO] Total time:  1.822 s
[INFO] Finished at: 2022-12-09T02:20:33-06:00
[INFO] ------------------------------------------------------------------------


Executing: io.dropwizard.metrics.SharedMetricRegistriesTest#hasASetOfNames - io.dropwizard.metrics.SharedMetricRegistriesTest#errorsWhenDefaultAlreadySet
polluter: io.dropwizard.metrics.SharedMetricRegistriesTest#hasASetOfNames
tests: ['io.dropwizard.metrics.SharedMetricRegistriesTest#errorsWhenDefaultAlreadySet']

Picked up _JAVA_OPTIONS: -Dapple.awt.UIElement=true
[INFO] Scanning for projects...
[INFO] Inspecting build with total of 1 modules...
[INFO] Installing Nexus Staging features:
[INFO]   ... total of 1 executions of maven-deploy-plugin replaced with nexus-staging-maven-plugin
[INFO] 
[INFO] -----------------------< com.networknt:metrics >------------------------
[INFO] Building metrics 2.0.22-SNAPSHOT
[INFO] --------------------------------[ jar ]---------------------------------
[INFO] 
[INFO] --- jacoco-maven-plugin:0.8.3:prepare-agent (pre-unit-test) @ metrics ---
[INFO] argLine set to -javaagent:/Users/yicheng/.m2/repository/org/jacoco/org.jacoco.agent/0.8.3/org.jacoco.agent-0.8.3-runtime.jar=destfile=/Users/yicheng/coursework/527/idoft/projects/light-4j/metrics/target/coverage-reports/jacoco-ut.exec
[INFO] 
[INFO] --- maven-resources-plugin:2.6:resources (default-resources) @ metrics ---
[INFO] Using 'UTF-8' encoding to copy filtered resources.
[INFO] Copying 1 resource
[INFO] 
[INFO] --- maven-compiler-plugin:3.8.0:compile (default-compile) @ metrics ---
[INFO] Nothing to compile - all classes are up to date
[INFO] 
[INFO] --- build-helper-maven-plugin:3.0.0:add-test-source (add-test-source) @ metrics ---
[INFO] Test Source directory: /Users/yicheng/coursework/527/idoft/projects/light-4j/metrics/src/integration/java added.
[INFO] 
[INFO] --- build-helper-maven-plugin:3.0.0:add-test-resource (add-test-resource) @ metrics ---
[INFO] 
[INFO] --- maven-resources-plugin:2.6:testResources (default-testResources) @ metrics ---
[INFO] Using 'UTF-8' encoding to copy filtered resources.
[INFO] Copying 2 resources
[INFO] skip non existing resourceDirectory /Users/yicheng/coursework/527/idoft/projects/light-4j/metrics\src\integration\resources
[INFO] 
[INFO] --- maven-compiler-plugin:3.8.0:testCompile (default-testCompile) @ metrics ---
[INFO] Nothing to compile - all classes are up to date
[INFO] 
[INFO] --- maven-surefire-plugin:2.19.1:test (default-test) @ metrics ---

-------------------------------------------------------
 T E S T S
-------------------------------------------------------
Picked up _JAVA_OPTIONS: -Dapple.awt.UIElement=true
[ODET][INFO] ******** Premain Start ********
Running io.dropwizard.metrics.SharedMetricRegistriesTest
WARNING: An illegal reflective access operation has occurred
WARNING: Illegal reflective access by io.dropwizard.metrics.SharedMetricRegistriesTest (file:/Users/yicheng/coursework/527/idoft/projects/light-4j/metrics/target/test-classes/) to field java.lang.reflect.Field.modifiers
WARNING: Please consider reporting this to the maintainers of io.dropwizard.metrics.SharedMetricRegistriesTest
WARNING: Use --illegal-access=warn to enable warnings of further illegal reflective access operations
WARNING: All illegal access operations will be denied in a future release
Tests run: 1, Failures: 0, Errors: 0, Skipped: 0, Time elapsed: 0.154 sec - in io.dropwizard.metrics.SharedMetricRegistriesTest

Results :

Tests run: 1, Failures: 0, Errors: 0, Skipped: 0

[INFO] 
[INFO] --- jacoco-maven-plugin:0.8.3:report (post-unit-test) @ metrics ---
[INFO] Loading execution data file /Users/yicheng/coursework/527/idoft/projects/light-4j/metrics/target/coverage-reports/jacoco-ut.exec
[INFO] Analyzed bundle 'metrics' with 88 classes
[INFO] ------------------------------------------------------------------------
[INFO] BUILD SUCCESS
[INFO] ------------------------------------------------------------------------
[INFO] Total time:  1.754 s
[INFO] Finished at: 2022-12-09T02:20:36-06:00
[INFO] ------------------------------------------------------------------------


Executing: io.dropwizard.metrics.SharedMetricRegistriesTest#hasASetOfNames - io.dropwizard.metrics.SharedMetricRegistriesTest#memorizesRegistriesByName
polluter: io.dropwizard.metrics.SharedMetricRegistriesTest#hasASetOfNames
tests: ['io.dropwizard.metrics.SharedMetricRegistriesTest#memorizesRegistriesByName']

Picked up _JAVA_OPTIONS: -Dapple.awt.UIElement=true
[INFO] Scanning for projects...
[INFO] Inspecting build with total of 1 modules...
[INFO] Installing Nexus Staging features:
[INFO]   ... total of 1 executions of maven-deploy-plugin replaced with nexus-staging-maven-plugin
[INFO] 
[INFO] -----------------------< com.networknt:metrics >------------------------
[INFO] Building metrics 2.0.22-SNAPSHOT
[INFO] --------------------------------[ jar ]---------------------------------
[INFO] 
[INFO] --- jacoco-maven-plugin:0.8.3:prepare-agent (pre-unit-test) @ metrics ---
[INFO] argLine set to -javaagent:/Users/yicheng/.m2/repository/org/jacoco/org.jacoco.agent/0.8.3/org.jacoco.agent-0.8.3-runtime.jar=destfile=/Users/yicheng/coursework/527/idoft/projects/light-4j/metrics/target/coverage-reports/jacoco-ut.exec
[INFO] 
[INFO] --- maven-resources-plugin:2.6:resources (default-resources) @ metrics ---
[INFO] Using 'UTF-8' encoding to copy filtered resources.
[INFO] Copying 1 resource
[INFO] 
[INFO] --- maven-compiler-plugin:3.8.0:compile (default-compile) @ metrics ---
[INFO] Nothing to compile - all classes are up to date
[INFO] 
[INFO] --- build-helper-maven-plugin:3.0.0:add-test-source (add-test-source) @ metrics ---
[INFO] Test Source directory: /Users/yicheng/coursework/527/idoft/projects/light-4j/metrics/src/integration/java added.
[INFO] 
[INFO] --- build-helper-maven-plugin:3.0.0:add-test-resource (add-test-resource) @ metrics ---
[INFO] 
[INFO] --- maven-resources-plugin:2.6:testResources (default-testResources) @ metrics ---
[INFO] Using 'UTF-8' encoding to copy filtered resources.
[INFO] Copying 2 resources
[INFO] skip non existing resourceDirectory /Users/yicheng/coursework/527/idoft/projects/light-4j/metrics\src\integration\resources
[INFO] 
[INFO] --- maven-compiler-plugin:3.8.0:testCompile (default-testCompile) @ metrics ---
[INFO] Nothing to compile - all classes are up to date
[INFO] 
[INFO] --- maven-surefire-plugin:2.19.1:test (default-test) @ metrics ---

-------------------------------------------------------
 T E S T S
-------------------------------------------------------
Picked up _JAVA_OPTIONS: -Dapple.awt.UIElement=true
[ODET][INFO] ******** Premain Start ********
Running io.dropwizard.metrics.SharedMetricRegistriesTest
WARNING: An illegal reflective access operation has occurred
WARNING: Illegal reflective access by io.dropwizard.metrics.SharedMetricRegistriesTest (file:/Users/yicheng/coursework/527/idoft/projects/light-4j/metrics/target/test-classes/) to field java.lang.reflect.Field.modifiers
WARNING: Please consider reporting this to the maintainers of io.dropwizard.metrics.SharedMetricRegistriesTest
WARNING: Use --illegal-access=warn to enable warnings of further illegal reflective access operations
WARNING: All illegal access operations will be denied in a future release
Tests run: 1, Failures: 0, Errors: 0, Skipped: 0, Time elapsed: 0.157 sec - in io.dropwizard.metrics.SharedMetricRegistriesTest

Results :

Tests run: 1, Failures: 0, Errors: 0, Skipped: 0

[INFO] 
[INFO] --- jacoco-maven-plugin:0.8.3:report (post-unit-test) @ metrics ---
[INFO] Loading execution data file /Users/yicheng/coursework/527/idoft/projects/light-4j/metrics/target/coverage-reports/jacoco-ut.exec
[INFO] Analyzed bundle 'metrics' with 88 classes
[INFO] ------------------------------------------------------------------------
[INFO] BUILD SUCCESS
[INFO] ------------------------------------------------------------------------
[INFO] Total time:  1.782 s
[INFO] Finished at: 2022-12-09T02:20:38-06:00
[INFO] ------------------------------------------------------------------------


Executing: io.dropwizard.metrics.SharedMetricRegistriesTest#errorsWhenDefaultUnset - io.dropwizard.metrics.SharedMetricRegistriesTest#clearsRegistries
polluter: io.dropwizard.metrics.SharedMetricRegistriesTest#errorsWhenDefaultUnset
tests: ['io.dropwizard.metrics.SharedMetricRegistriesTest#clearsRegistries']

Picked up _JAVA_OPTIONS: -Dapple.awt.UIElement=true
[INFO] Scanning for projects...
[INFO] Inspecting build with total of 1 modules...
[INFO] Installing Nexus Staging features:
[INFO]   ... total of 1 executions of maven-deploy-plugin replaced with nexus-staging-maven-plugin
[INFO] 
[INFO] -----------------------< com.networknt:metrics >------------------------
[INFO] Building metrics 2.0.22-SNAPSHOT
[INFO] --------------------------------[ jar ]---------------------------------
[INFO] 
[INFO] --- jacoco-maven-plugin:0.8.3:prepare-agent (pre-unit-test) @ metrics ---
[INFO] argLine set to -javaagent:/Users/yicheng/.m2/repository/org/jacoco/org.jacoco.agent/0.8.3/org.jacoco.agent-0.8.3-runtime.jar=destfile=/Users/yicheng/coursework/527/idoft/projects/light-4j/metrics/target/coverage-reports/jacoco-ut.exec
[INFO] 
[INFO] --- maven-resources-plugin:2.6:resources (default-resources) @ metrics ---
[INFO] Using 'UTF-8' encoding to copy filtered resources.
[INFO] Copying 1 resource
[INFO] 
[INFO] --- maven-compiler-plugin:3.8.0:compile (default-compile) @ metrics ---
[INFO] Nothing to compile - all classes are up to date
[INFO] 
[INFO] --- build-helper-maven-plugin:3.0.0:add-test-source (add-test-source) @ metrics ---
[INFO] Test Source directory: /Users/yicheng/coursework/527/idoft/projects/light-4j/metrics/src/integration/java added.
[INFO] 
[INFO] --- build-helper-maven-plugin:3.0.0:add-test-resource (add-test-resource) @ metrics ---
[INFO] 
[INFO] --- maven-resources-plugin:2.6:testResources (default-testResources) @ metrics ---
[INFO] Using 'UTF-8' encoding to copy filtered resources.
[INFO] Copying 2 resources
[INFO] skip non existing resourceDirectory /Users/yicheng/coursework/527/idoft/projects/light-4j/metrics\src\integration\resources
[INFO] 
[INFO] --- maven-compiler-plugin:3.8.0:testCompile (default-testCompile) @ metrics ---
[INFO] Nothing to compile - all classes are up to date
[INFO] 
[INFO] --- maven-surefire-plugin:2.19.1:test (default-test) @ metrics ---

-------------------------------------------------------
 T E S T S
-------------------------------------------------------
Picked up _JAVA_OPTIONS: -Dapple.awt.UIElement=true
[ODET][INFO] ******** Premain Start ********
Running io.dropwizard.metrics.SharedMetricRegistriesTest
WARNING: An illegal reflective access operation has occurred
WARNING: Illegal reflective access by io.dropwizard.metrics.SharedMetricRegistriesTest (file:/Users/yicheng/coursework/527/idoft/projects/light-4j/metrics/target/test-classes/) to field java.lang.reflect.Field.modifiers
WARNING: Please consider reporting this to the maintainers of io.dropwizard.metrics.SharedMetricRegistriesTest
WARNING: Use --illegal-access=warn to enable warnings of further illegal reflective access operations
WARNING: All illegal access operations will be denied in a future release
Tests run: 1, Failures: 0, Errors: 0, Skipped: 0, Time elapsed: 0.146 sec - in io.dropwizard.metrics.SharedMetricRegistriesTest

Results :

Tests run: 1, Failures: 0, Errors: 0, Skipped: 0

[INFO] 
[INFO] --- jacoco-maven-plugin:0.8.3:report (post-unit-test) @ metrics ---
[INFO] Loading execution data file /Users/yicheng/coursework/527/idoft/projects/light-4j/metrics/target/coverage-reports/jacoco-ut.exec
[INFO] Analyzed bundle 'metrics' with 88 classes
[INFO] ------------------------------------------------------------------------
[INFO] BUILD SUCCESS
[INFO] ------------------------------------------------------------------------
[INFO] Total time:  1.791 s
[INFO] Finished at: 2022-12-09T02:20:41-06:00
[INFO] ------------------------------------------------------------------------


Executing: io.dropwizard.metrics.SharedMetricRegistriesTest#errorsWhenDefaultUnset - io.dropwizard.metrics.SharedMetricRegistriesTest#removesRegistries
polluter: io.dropwizard.metrics.SharedMetricRegistriesTest#errorsWhenDefaultUnset
tests: ['io.dropwizard.metrics.SharedMetricRegistriesTest#removesRegistries']

Picked up _JAVA_OPTIONS: -Dapple.awt.UIElement=true
[INFO] Scanning for projects...
[INFO] Inspecting build with total of 1 modules...
[INFO] Installing Nexus Staging features:
[INFO]   ... total of 1 executions of maven-deploy-plugin replaced with nexus-staging-maven-plugin
[INFO] 
[INFO] -----------------------< com.networknt:metrics >------------------------
[INFO] Building metrics 2.0.22-SNAPSHOT
[INFO] --------------------------------[ jar ]---------------------------------
[INFO] 
[INFO] --- jacoco-maven-plugin:0.8.3:prepare-agent (pre-unit-test) @ metrics ---
[INFO] argLine set to -javaagent:/Users/yicheng/.m2/repository/org/jacoco/org.jacoco.agent/0.8.3/org.jacoco.agent-0.8.3-runtime.jar=destfile=/Users/yicheng/coursework/527/idoft/projects/light-4j/metrics/target/coverage-reports/jacoco-ut.exec
[INFO] 
[INFO] --- maven-resources-plugin:2.6:resources (default-resources) @ metrics ---
[INFO] Using 'UTF-8' encoding to copy filtered resources.
[INFO] Copying 1 resource
[INFO] 
[INFO] --- maven-compiler-plugin:3.8.0:compile (default-compile) @ metrics ---
[INFO] Nothing to compile - all classes are up to date
[INFO] 
[INFO] --- build-helper-maven-plugin:3.0.0:add-test-source (add-test-source) @ metrics ---
[INFO] Test Source directory: /Users/yicheng/coursework/527/idoft/projects/light-4j/metrics/src/integration/java added.
[INFO] 
[INFO] --- build-helper-maven-plugin:3.0.0:add-test-resource (add-test-resource) @ metrics ---
[INFO] 
[INFO] --- maven-resources-plugin:2.6:testResources (default-testResources) @ metrics ---
[INFO] Using 'UTF-8' encoding to copy filtered resources.
[INFO] Copying 2 resources
[INFO] skip non existing resourceDirectory /Users/yicheng/coursework/527/idoft/projects/light-4j/metrics\src\integration\resources
[INFO] 
[INFO] --- maven-compiler-plugin:3.8.0:testCompile (default-testCompile) @ metrics ---
[INFO] Nothing to compile - all classes are up to date
[INFO] 
[INFO] --- maven-surefire-plugin:2.19.1:test (default-test) @ metrics ---

-------------------------------------------------------
 T E S T S
-------------------------------------------------------
Picked up _JAVA_OPTIONS: -Dapple.awt.UIElement=true
[ODET][INFO] ******** Premain Start ********
Running io.dropwizard.metrics.SharedMetricRegistriesTest
WARNING: An illegal reflective access operation has occurred
WARNING: Illegal reflective access by io.dropwizard.metrics.SharedMetricRegistriesTest (file:/Users/yicheng/coursework/527/idoft/projects/light-4j/metrics/target/test-classes/) to field java.lang.reflect.Field.modifiers
WARNING: Please consider reporting this to the maintainers of io.dropwizard.metrics.SharedMetricRegistriesTest
WARNING: Use --illegal-access=warn to enable warnings of further illegal reflective access operations
WARNING: All illegal access operations will be denied in a future release
Tests run: 1, Failures: 1, Errors: 0, Skipped: 0, Time elapsed: 0.15 sec <<< FAILURE! - in io.dropwizard.metrics.SharedMetricRegistriesTest
removesRegistries(io.dropwizard.metrics.SharedMetricRegistriesTest)  Time elapsed: 0.15 sec  <<< FAILURE!
java.lang.AssertionError: 

Expecting empty but was:<["foobah"]>
	at io.dropwizard.metrics.SharedMetricRegistriesTest.removesRegistries(SharedMetricRegistriesTest.java:55)


Results :

Failed tests: 
  SharedMetricRegistriesTest.removesRegistries:55 
Expecting empty but was:<["foobah"]>

Tests run: 1, Failures: 1, Errors: 0, Skipped: 0

[ERROR] There are test failures.

Please refer to /Users/yicheng/coursework/527/idoft/projects/light-4j/metrics/target/surefire-reports for the individual test results.
[INFO] 
[INFO] --- jacoco-maven-plugin:0.8.3:report (post-unit-test) @ metrics ---
[INFO] Loading execution data file /Users/yicheng/coursework/527/idoft/projects/light-4j/metrics/target/coverage-reports/jacoco-ut.exec
[INFO] Analyzed bundle 'metrics' with 88 classes
[INFO] ------------------------------------------------------------------------
[INFO] BUILD SUCCESS
[INFO] ------------------------------------------------------------------------
[INFO] Total time:  1.762 s
[INFO] Finished at: 2022-12-09T02:20:43-06:00
[INFO] ------------------------------------------------------------------------


Executing: io.dropwizard.metrics.SharedMetricRegistriesTest#errorsWhenDefaultUnset - io.dropwizard.metrics.SharedMetricRegistriesTest#errorsWhenDefaultAlreadySet
polluter: io.dropwizard.metrics.SharedMetricRegistriesTest#errorsWhenDefaultUnset
tests: ['io.dropwizard.metrics.SharedMetricRegistriesTest#errorsWhenDefaultAlreadySet']

Picked up _JAVA_OPTIONS: -Dapple.awt.UIElement=true
[INFO] Scanning for projects...
[INFO] Inspecting build with total of 1 modules...
[INFO] Installing Nexus Staging features:
[INFO]   ... total of 1 executions of maven-deploy-plugin replaced with nexus-staging-maven-plugin
[INFO] 
[INFO] -----------------------< com.networknt:metrics >------------------------
[INFO] Building metrics 2.0.22-SNAPSHOT
[INFO] --------------------------------[ jar ]---------------------------------
[INFO] 
[INFO] --- jacoco-maven-plugin:0.8.3:prepare-agent (pre-unit-test) @ metrics ---
[INFO] argLine set to -javaagent:/Users/yicheng/.m2/repository/org/jacoco/org.jacoco.agent/0.8.3/org.jacoco.agent-0.8.3-runtime.jar=destfile=/Users/yicheng/coursework/527/idoft/projects/light-4j/metrics/target/coverage-reports/jacoco-ut.exec
[INFO] 
[INFO] --- maven-resources-plugin:2.6:resources (default-resources) @ metrics ---
[INFO] Using 'UTF-8' encoding to copy filtered resources.
[INFO] Copying 1 resource
[INFO] 
[INFO] --- maven-compiler-plugin:3.8.0:compile (default-compile) @ metrics ---
[INFO] Nothing to compile - all classes are up to date
[INFO] 
[INFO] --- build-helper-maven-plugin:3.0.0:add-test-source (add-test-source) @ metrics ---
[INFO] Test Source directory: /Users/yicheng/coursework/527/idoft/projects/light-4j/metrics/src/integration/java added.
[INFO] 
[INFO] --- build-helper-maven-plugin:3.0.0:add-test-resource (add-test-resource) @ metrics ---
[INFO] 
[INFO] --- maven-resources-plugin:2.6:testResources (default-testResources) @ metrics ---
[INFO] Using 'UTF-8' encoding to copy filtered resources.
[INFO] Copying 2 resources
[INFO] skip non existing resourceDirectory /Users/yicheng/coursework/527/idoft/projects/light-4j/metrics\src\integration\resources
[INFO] 
[INFO] --- maven-compiler-plugin:3.8.0:testCompile (default-testCompile) @ metrics ---
[INFO] Nothing to compile - all classes are up to date
[INFO] 
[INFO] --- maven-surefire-plugin:2.19.1:test (default-test) @ metrics ---

-------------------------------------------------------
 T E S T S
-------------------------------------------------------
Picked up _JAVA_OPTIONS: -Dapple.awt.UIElement=true
[ODET][INFO] ******** Premain Start ********
Running io.dropwizard.metrics.SharedMetricRegistriesTest
WARNING: An illegal reflective access operation has occurred
WARNING: Illegal reflective access by io.dropwizard.metrics.SharedMetricRegistriesTest (file:/Users/yicheng/coursework/527/idoft/projects/light-4j/metrics/target/test-classes/) to field java.lang.reflect.Field.modifiers
WARNING: Please consider reporting this to the maintainers of io.dropwizard.metrics.SharedMetricRegistriesTest
WARNING: Use --illegal-access=warn to enable warnings of further illegal reflective access operations
WARNING: All illegal access operations will be denied in a future release
Tests run: 1, Failures: 0, Errors: 0, Skipped: 0, Time elapsed: 0.153 sec - in io.dropwizard.metrics.SharedMetricRegistriesTest

Results :

Tests run: 1, Failures: 0, Errors: 0, Skipped: 0

[INFO] 
[INFO] --- jacoco-maven-plugin:0.8.3:report (post-unit-test) @ metrics ---
[INFO] Loading execution data file /Users/yicheng/coursework/527/idoft/projects/light-4j/metrics/target/coverage-reports/jacoco-ut.exec
[INFO] Analyzed bundle 'metrics' with 88 classes
[INFO] ------------------------------------------------------------------------
[INFO] BUILD SUCCESS
[INFO] ------------------------------------------------------------------------
[INFO] Total time:  1.746 s
[INFO] Finished at: 2022-12-09T02:20:45-06:00
[INFO] ------------------------------------------------------------------------


Executing: io.dropwizard.metrics.SharedMetricRegistriesTest#errorsWhenDefaultUnset - io.dropwizard.metrics.SharedMetricRegistriesTest#memorizesRegistriesByName
polluter: io.dropwizard.metrics.SharedMetricRegistriesTest#errorsWhenDefaultUnset
tests: ['io.dropwizard.metrics.SharedMetricRegistriesTest#memorizesRegistriesByName']

Picked up _JAVA_OPTIONS: -Dapple.awt.UIElement=true
[INFO] Scanning for projects...
[INFO] Inspecting build with total of 1 modules...
[INFO] Installing Nexus Staging features:
[INFO]   ... total of 1 executions of maven-deploy-plugin replaced with nexus-staging-maven-plugin
[INFO] 
[INFO] -----------------------< com.networknt:metrics >------------------------
[INFO] Building metrics 2.0.22-SNAPSHOT
[INFO] --------------------------------[ jar ]---------------------------------
[INFO] 
[INFO] --- jacoco-maven-plugin:0.8.3:prepare-agent (pre-unit-test) @ metrics ---
[INFO] argLine set to -javaagent:/Users/yicheng/.m2/repository/org/jacoco/org.jacoco.agent/0.8.3/org.jacoco.agent-0.8.3-runtime.jar=destfile=/Users/yicheng/coursework/527/idoft/projects/light-4j/metrics/target/coverage-reports/jacoco-ut.exec
[INFO] 
[INFO] --- maven-resources-plugin:2.6:resources (default-resources) @ metrics ---
[INFO] Using 'UTF-8' encoding to copy filtered resources.
[INFO] Copying 1 resource
[INFO] 
[INFO] --- maven-compiler-plugin:3.8.0:compile (default-compile) @ metrics ---
[INFO] Nothing to compile - all classes are up to date
[INFO] 
[INFO] --- build-helper-maven-plugin:3.0.0:add-test-source (add-test-source) @ metrics ---
[INFO] Test Source directory: /Users/yicheng/coursework/527/idoft/projects/light-4j/metrics/src/integration/java added.
[INFO] 
[INFO] --- build-helper-maven-plugin:3.0.0:add-test-resource (add-test-resource) @ metrics ---
[INFO] 
[INFO] --- maven-resources-plugin:2.6:testResources (default-testResources) @ metrics ---
[INFO] Using 'UTF-8' encoding to copy filtered resources.
[INFO] Copying 2 resources
[INFO] skip non existing resourceDirectory /Users/yicheng/coursework/527/idoft/projects/light-4j/metrics\src\integration\resources
[INFO] 
[INFO] --- maven-compiler-plugin:3.8.0:testCompile (default-testCompile) @ metrics ---
[INFO] Nothing to compile - all classes are up to date
[INFO] 
[INFO] --- maven-surefire-plugin:2.19.1:test (default-test) @ metrics ---

-------------------------------------------------------
 T E S T S
-------------------------------------------------------
Picked up _JAVA_OPTIONS: -Dapple.awt.UIElement=true
[ODET][INFO] ******** Premain Start ********
Running io.dropwizard.metrics.SharedMetricRegistriesTest
WARNING: An illegal reflective access operation has occurred
WARNING: Illegal reflective access by io.dropwizard.metrics.SharedMetricRegistriesTest (file:/Users/yicheng/coursework/527/idoft/projects/light-4j/metrics/target/test-classes/) to field java.lang.reflect.Field.modifiers
WARNING: Please consider reporting this to the maintainers of io.dropwizard.metrics.SharedMetricRegistriesTest
WARNING: Use --illegal-access=warn to enable warnings of further illegal reflective access operations
WARNING: All illegal access operations will be denied in a future release
Tests run: 1, Failures: 0, Errors: 0, Skipped: 0, Time elapsed: 0.177 sec - in io.dropwizard.metrics.SharedMetricRegistriesTest

Results :

Tests run: 1, Failures: 0, Errors: 0, Skipped: 0

[INFO] 
[INFO] --- jacoco-maven-plugin:0.8.3:report (post-unit-test) @ metrics ---
[INFO] Loading execution data file /Users/yicheng/coursework/527/idoft/projects/light-4j/metrics/target/coverage-reports/jacoco-ut.exec
[INFO] Analyzed bundle 'metrics' with 88 classes
[INFO] ------------------------------------------------------------------------
[INFO] BUILD SUCCESS
[INFO] ------------------------------------------------------------------------
[INFO] Total time:  1.866 s
[INFO] Finished at: 2022-12-09T02:20:48-06:00
[INFO] ------------------------------------------------------------------------


Executing: io.dropwizard.metrics.SharedMetricRegistriesTest#errorsWhenDefaultUnset - io.dropwizard.metrics.SharedMetricRegistriesTest#hasASetOfNames
polluter: io.dropwizard.metrics.SharedMetricRegistriesTest#errorsWhenDefaultUnset
tests: ['io.dropwizard.metrics.SharedMetricRegistriesTest#hasASetOfNames']

Picked up _JAVA_OPTIONS: -Dapple.awt.UIElement=true
[INFO] Scanning for projects...
[INFO] Inspecting build with total of 1 modules...
[INFO] Installing Nexus Staging features:
[INFO]   ... total of 1 executions of maven-deploy-plugin replaced with nexus-staging-maven-plugin
[INFO] 
[INFO] -----------------------< com.networknt:metrics >------------------------
[INFO] Building metrics 2.0.22-SNAPSHOT
[INFO] --------------------------------[ jar ]---------------------------------
[INFO] 
[INFO] --- jacoco-maven-plugin:0.8.3:prepare-agent (pre-unit-test) @ metrics ---
[INFO] argLine set to -javaagent:/Users/yicheng/.m2/repository/org/jacoco/org.jacoco.agent/0.8.3/org.jacoco.agent-0.8.3-runtime.jar=destfile=/Users/yicheng/coursework/527/idoft/projects/light-4j/metrics/target/coverage-reports/jacoco-ut.exec
[INFO] 
[INFO] --- maven-resources-plugin:2.6:resources (default-resources) @ metrics ---
[INFO] Using 'UTF-8' encoding to copy filtered resources.
[INFO] Copying 1 resource
[INFO] 
[INFO] --- maven-compiler-plugin:3.8.0:compile (default-compile) @ metrics ---
[INFO] Nothing to compile - all classes are up to date
[INFO] 
[INFO] --- build-helper-maven-plugin:3.0.0:add-test-source (add-test-source) @ metrics ---
[INFO] Test Source directory: /Users/yicheng/coursework/527/idoft/projects/light-4j/metrics/src/integration/java added.
[INFO] 
[INFO] --- build-helper-maven-plugin:3.0.0:add-test-resource (add-test-resource) @ metrics ---
[INFO] 
[INFO] --- maven-resources-plugin:2.6:testResources (default-testResources) @ metrics ---
[INFO] Using 'UTF-8' encoding to copy filtered resources.
[INFO] Copying 2 resources
[INFO] skip non existing resourceDirectory /Users/yicheng/coursework/527/idoft/projects/light-4j/metrics\src\integration\resources
[INFO] 
[INFO] --- maven-compiler-plugin:3.8.0:testCompile (default-testCompile) @ metrics ---
[INFO] Nothing to compile - all classes are up to date
[INFO] 
[INFO] --- maven-surefire-plugin:2.19.1:test (default-test) @ metrics ---

-------------------------------------------------------
 T E S T S
-------------------------------------------------------
Picked up _JAVA_OPTIONS: -Dapple.awt.UIElement=true
[ODET][INFO] ******** Premain Start ********
Running io.dropwizard.metrics.SharedMetricRegistriesTest
WARNING: An illegal reflective access operation has occurred
WARNING: Illegal reflective access by io.dropwizard.metrics.SharedMetricRegistriesTest (file:/Users/yicheng/coursework/527/idoft/projects/light-4j/metrics/target/test-classes/) to field java.lang.reflect.Field.modifiers
WARNING: Please consider reporting this to the maintainers of io.dropwizard.metrics.SharedMetricRegistriesTest
WARNING: Use --illegal-access=warn to enable warnings of further illegal reflective access operations
WARNING: All illegal access operations will be denied in a future release
Tests run: 1, Failures: 1, Errors: 0, Skipped: 0, Time elapsed: 0.167 sec <<< FAILURE! - in io.dropwizard.metrics.SharedMetricRegistriesTest
hasASetOfNames(io.dropwizard.metrics.SharedMetricRegistriesTest)  Time elapsed: 0.166 sec  <<< FAILURE!
java.lang.AssertionError: 

Expecting:
  <["one", "foobah"]>
to contain only:
  <["one"]>
but the following elements were unexpected:
  <["foobah"]>

	at io.dropwizard.metrics.SharedMetricRegistriesTest.hasASetOfNames(SharedMetricRegistriesTest.java:46)


Results :

Failed tests: 
  SharedMetricRegistriesTest.hasASetOfNames:46 
Expecting:
  <["one", "foobah"]>
to contain only:
  <["one"]>
but the following elements were unexpected:
  <["foobah"]>


Tests run: 1, Failures: 1, Errors: 0, Skipped: 0

[ERROR] There are test failures.

Please refer to /Users/yicheng/coursework/527/idoft/projects/light-4j/metrics/target/surefire-reports for the individual test results.
[INFO] 
[INFO] --- jacoco-maven-plugin:0.8.3:report (post-unit-test) @ metrics ---
[INFO] Loading execution data file /Users/yicheng/coursework/527/idoft/projects/light-4j/metrics/target/coverage-reports/jacoco-ut.exec
[INFO] Analyzed bundle 'metrics' with 88 classes
[INFO] ------------------------------------------------------------------------
[INFO] BUILD SUCCESS
[INFO] ------------------------------------------------------------------------
[INFO] Total time:  1.904 s
[INFO] Finished at: 2022-12-09T02:20:51-06:00
[INFO] ------------------------------------------------------------------------


Executing: io.dropwizard.metrics.SharedMetricRegistriesTest#removesRegistries - io.dropwizard.metrics.SharedMetricRegistriesTest#errorsWhenDefaultUnset
polluter: io.dropwizard.metrics.SharedMetricRegistriesTest#removesRegistries
tests: ['io.dropwizard.metrics.SharedMetricRegistriesTest#errorsWhenDefaultUnset']

Picked up _JAVA_OPTIONS: -Dapple.awt.UIElement=true
[INFO] Scanning for projects...
[INFO] Inspecting build with total of 1 modules...
[INFO] Installing Nexus Staging features:
[INFO]   ... total of 1 executions of maven-deploy-plugin replaced with nexus-staging-maven-plugin
[INFO] 
[INFO] -----------------------< com.networknt:metrics >------------------------
[INFO] Building metrics 2.0.22-SNAPSHOT
[INFO] --------------------------------[ jar ]---------------------------------
[INFO] 
[INFO] --- jacoco-maven-plugin:0.8.3:prepare-agent (pre-unit-test) @ metrics ---
[INFO] argLine set to -javaagent:/Users/yicheng/.m2/repository/org/jacoco/org.jacoco.agent/0.8.3/org.jacoco.agent-0.8.3-runtime.jar=destfile=/Users/yicheng/coursework/527/idoft/projects/light-4j/metrics/target/coverage-reports/jacoco-ut.exec
[INFO] 
[INFO] --- maven-resources-plugin:2.6:resources (default-resources) @ metrics ---
[INFO] Using 'UTF-8' encoding to copy filtered resources.
[INFO] Copying 1 resource
[INFO] 
[INFO] --- maven-compiler-plugin:3.8.0:compile (default-compile) @ metrics ---
[INFO] Nothing to compile - all classes are up to date
[INFO] 
[INFO] --- build-helper-maven-plugin:3.0.0:add-test-source (add-test-source) @ metrics ---
[INFO] Test Source directory: /Users/yicheng/coursework/527/idoft/projects/light-4j/metrics/src/integration/java added.
[INFO] 
[INFO] --- build-helper-maven-plugin:3.0.0:add-test-resource (add-test-resource) @ metrics ---
[INFO] 
[INFO] --- maven-resources-plugin:2.6:testResources (default-testResources) @ metrics ---
[INFO] Using 'UTF-8' encoding to copy filtered resources.
[INFO] Copying 2 resources
[INFO] skip non existing resourceDirectory /Users/yicheng/coursework/527/idoft/projects/light-4j/metrics\src\integration\resources
[INFO] 
[INFO] --- maven-compiler-plugin:3.8.0:testCompile (default-testCompile) @ metrics ---
[INFO] Nothing to compile - all classes are up to date
[INFO] 
[INFO] --- maven-surefire-plugin:2.19.1:test (default-test) @ metrics ---

-------------------------------------------------------
 T E S T S
-------------------------------------------------------
Picked up _JAVA_OPTIONS: -Dapple.awt.UIElement=true
[ODET][INFO] ******** Premain Start ********
Running io.dropwizard.metrics.SharedMetricRegistriesTest
WARNING: An illegal reflective access operation has occurred
WARNING: Illegal reflective access by io.dropwizard.metrics.SharedMetricRegistriesTest (file:/Users/yicheng/coursework/527/idoft/projects/light-4j/metrics/target/test-classes/) to field java.lang.reflect.Field.modifiers
WARNING: Please consider reporting this to the maintainers of io.dropwizard.metrics.SharedMetricRegistriesTest
WARNING: Use --illegal-access=warn to enable warnings of further illegal reflective access operations
WARNING: All illegal access operations will be denied in a future release
Tests run: 1, Failures: 0, Errors: 0, Skipped: 0, Time elapsed: 0.167 sec - in io.dropwizard.metrics.SharedMetricRegistriesTest

Results :

Tests run: 1, Failures: 0, Errors: 0, Skipped: 0

[INFO] 
[INFO] --- jacoco-maven-plugin:0.8.3:report (post-unit-test) @ metrics ---
[INFO] Loading execution data file /Users/yicheng/coursework/527/idoft/projects/light-4j/metrics/target/coverage-reports/jacoco-ut.exec
[INFO] Analyzed bundle 'metrics' with 88 classes
[INFO] ------------------------------------------------------------------------
[INFO] BUILD SUCCESS
[INFO] ------------------------------------------------------------------------
[INFO] Total time:  1.817 s
[INFO] Finished at: 2022-12-09T02:20:53-06:00
[INFO] ------------------------------------------------------------------------


Executing: io.dropwizard.metrics.SharedMetricRegistriesTest#removesRegistries - io.dropwizard.metrics.SharedMetricRegistriesTest#clearsRegistries
polluter: io.dropwizard.metrics.SharedMetricRegistriesTest#removesRegistries
tests: ['io.dropwizard.metrics.SharedMetricRegistriesTest#clearsRegistries']

Picked up _JAVA_OPTIONS: -Dapple.awt.UIElement=true
[INFO] Scanning for projects...
[INFO] Inspecting build with total of 1 modules...
[INFO] Installing Nexus Staging features:
[INFO]   ... total of 1 executions of maven-deploy-plugin replaced with nexus-staging-maven-plugin
[INFO] 
[INFO] -----------------------< com.networknt:metrics >------------------------
[INFO] Building metrics 2.0.22-SNAPSHOT
[INFO] --------------------------------[ jar ]---------------------------------
[INFO] 
[INFO] --- jacoco-maven-plugin:0.8.3:prepare-agent (pre-unit-test) @ metrics ---
[INFO] argLine set to -javaagent:/Users/yicheng/.m2/repository/org/jacoco/org.jacoco.agent/0.8.3/org.jacoco.agent-0.8.3-runtime.jar=destfile=/Users/yicheng/coursework/527/idoft/projects/light-4j/metrics/target/coverage-reports/jacoco-ut.exec
[INFO] 
[INFO] --- maven-resources-plugin:2.6:resources (default-resources) @ metrics ---
[INFO] Using 'UTF-8' encoding to copy filtered resources.
[INFO] Copying 1 resource
[INFO] 
[INFO] --- maven-compiler-plugin:3.8.0:compile (default-compile) @ metrics ---
[INFO] Nothing to compile - all classes are up to date
[INFO] 
[INFO] --- build-helper-maven-plugin:3.0.0:add-test-source (add-test-source) @ metrics ---
[INFO] Test Source directory: /Users/yicheng/coursework/527/idoft/projects/light-4j/metrics/src/integration/java added.
[INFO] 
[INFO] --- build-helper-maven-plugin:3.0.0:add-test-resource (add-test-resource) @ metrics ---
[INFO] 
[INFO] --- maven-resources-plugin:2.6:testResources (default-testResources) @ metrics ---
[INFO] Using 'UTF-8' encoding to copy filtered resources.
[INFO] Copying 2 resources
[INFO] skip non existing resourceDirectory /Users/yicheng/coursework/527/idoft/projects/light-4j/metrics\src\integration\resources
[INFO] 
[INFO] --- maven-compiler-plugin:3.8.0:testCompile (default-testCompile) @ metrics ---
[INFO] Nothing to compile - all classes are up to date
[INFO] 
[INFO] --- maven-surefire-plugin:2.19.1:test (default-test) @ metrics ---

-------------------------------------------------------
 T E S T S
-------------------------------------------------------
Picked up _JAVA_OPTIONS: -Dapple.awt.UIElement=true
[ODET][INFO] ******** Premain Start ********
Running io.dropwizard.metrics.SharedMetricRegistriesTest
WARNING: An illegal reflective access operation has occurred
WARNING: Illegal reflective access by io.dropwizard.metrics.SharedMetricRegistriesTest (file:/Users/yicheng/coursework/527/idoft/projects/light-4j/metrics/target/test-classes/) to field java.lang.reflect.Field.modifiers
WARNING: Please consider reporting this to the maintainers of io.dropwizard.metrics.SharedMetricRegistriesTest
WARNING: Use --illegal-access=warn to enable warnings of further illegal reflective access operations
WARNING: All illegal access operations will be denied in a future release
Tests run: 1, Failures: 0, Errors: 0, Skipped: 0, Time elapsed: 0.156 sec - in io.dropwizard.metrics.SharedMetricRegistriesTest

Results :

Tests run: 1, Failures: 0, Errors: 0, Skipped: 0

[INFO] 
[INFO] --- jacoco-maven-plugin:0.8.3:report (post-unit-test) @ metrics ---
[INFO] Loading execution data file /Users/yicheng/coursework/527/idoft/projects/light-4j/metrics/target/coverage-reports/jacoco-ut.exec
[INFO] Analyzed bundle 'metrics' with 88 classes
[INFO] ------------------------------------------------------------------------
[INFO] BUILD SUCCESS
[INFO] ------------------------------------------------------------------------
[INFO] Total time:  1.851 s
[INFO] Finished at: 2022-12-09T02:20:56-06:00
[INFO] ------------------------------------------------------------------------


Executing: io.dropwizard.metrics.SharedMetricRegistriesTest#removesRegistries - io.dropwizard.metrics.SharedMetricRegistriesTest#errorsWhenDefaultAlreadySet
polluter: io.dropwizard.metrics.SharedMetricRegistriesTest#removesRegistries
tests: ['io.dropwizard.metrics.SharedMetricRegistriesTest#errorsWhenDefaultAlreadySet']

Picked up _JAVA_OPTIONS: -Dapple.awt.UIElement=true
[INFO] Scanning for projects...
[INFO] Inspecting build with total of 1 modules...
[INFO] Installing Nexus Staging features:
[INFO]   ... total of 1 executions of maven-deploy-plugin replaced with nexus-staging-maven-plugin
[INFO] 
[INFO] -----------------------< com.networknt:metrics >------------------------
[INFO] Building metrics 2.0.22-SNAPSHOT
[INFO] --------------------------------[ jar ]---------------------------------
[INFO] 
[INFO] --- jacoco-maven-plugin:0.8.3:prepare-agent (pre-unit-test) @ metrics ---
[INFO] argLine set to -javaagent:/Users/yicheng/.m2/repository/org/jacoco/org.jacoco.agent/0.8.3/org.jacoco.agent-0.8.3-runtime.jar=destfile=/Users/yicheng/coursework/527/idoft/projects/light-4j/metrics/target/coverage-reports/jacoco-ut.exec
[INFO] 
[INFO] --- maven-resources-plugin:2.6:resources (default-resources) @ metrics ---
[INFO] Using 'UTF-8' encoding to copy filtered resources.
[INFO] Copying 1 resource
[INFO] 
[INFO] --- maven-compiler-plugin:3.8.0:compile (default-compile) @ metrics ---
[INFO] Nothing to compile - all classes are up to date
[INFO] 
[INFO] --- build-helper-maven-plugin:3.0.0:add-test-source (add-test-source) @ metrics ---
[INFO] Test Source directory: /Users/yicheng/coursework/527/idoft/projects/light-4j/metrics/src/integration/java added.
[INFO] 
[INFO] --- build-helper-maven-plugin:3.0.0:add-test-resource (add-test-resource) @ metrics ---
[INFO] 
[INFO] --- maven-resources-plugin:2.6:testResources (default-testResources) @ metrics ---
[INFO] Using 'UTF-8' encoding to copy filtered resources.
[INFO] Copying 2 resources
[INFO] skip non existing resourceDirectory /Users/yicheng/coursework/527/idoft/projects/light-4j/metrics\src\integration\resources
[INFO] 
[INFO] --- maven-compiler-plugin:3.8.0:testCompile (default-testCompile) @ metrics ---
[INFO] Nothing to compile - all classes are up to date
[INFO] 
[INFO] --- maven-surefire-plugin:2.19.1:test (default-test) @ metrics ---

-------------------------------------------------------
 T E S T S
-------------------------------------------------------
Picked up _JAVA_OPTIONS: -Dapple.awt.UIElement=true
[ODET][INFO] ******** Premain Start ********
Running io.dropwizard.metrics.SharedMetricRegistriesTest
WARNING: An illegal reflective access operation has occurred
WARNING: Illegal reflective access by io.dropwizard.metrics.SharedMetricRegistriesTest (file:/Users/yicheng/coursework/527/idoft/projects/light-4j/metrics/target/test-classes/) to field java.lang.reflect.Field.modifiers
WARNING: Please consider reporting this to the maintainers of io.dropwizard.metrics.SharedMetricRegistriesTest
WARNING: Use --illegal-access=warn to enable warnings of further illegal reflective access operations
WARNING: All illegal access operations will be denied in a future release
Tests run: 1, Failures: 0, Errors: 0, Skipped: 0, Time elapsed: 0.16 sec - in io.dropwizard.metrics.SharedMetricRegistriesTest

Results :

Tests run: 1, Failures: 0, Errors: 0, Skipped: 0

[INFO] 
[INFO] --- jacoco-maven-plugin:0.8.3:report (post-unit-test) @ metrics ---
[INFO] Loading execution data file /Users/yicheng/coursework/527/idoft/projects/light-4j/metrics/target/coverage-reports/jacoco-ut.exec
[INFO] Analyzed bundle 'metrics' with 88 classes
[INFO] ------------------------------------------------------------------------
[INFO] BUILD SUCCESS
[INFO] ------------------------------------------------------------------------
[INFO] Total time:  1.806 s
[INFO] Finished at: 2022-12-09T02:20:58-06:00
[INFO] ------------------------------------------------------------------------


Executing: io.dropwizard.metrics.SharedMetricRegistriesTest#removesRegistries - io.dropwizard.metrics.SharedMetricRegistriesTest#memorizesRegistriesByName
polluter: io.dropwizard.metrics.SharedMetricRegistriesTest#removesRegistries
tests: ['io.dropwizard.metrics.SharedMetricRegistriesTest#memorizesRegistriesByName']

Picked up _JAVA_OPTIONS: -Dapple.awt.UIElement=true
[INFO] Scanning for projects...
[INFO] Inspecting build with total of 1 modules...
[INFO] Installing Nexus Staging features:
[INFO]   ... total of 1 executions of maven-deploy-plugin replaced with nexus-staging-maven-plugin
[INFO] 
[INFO] -----------------------< com.networknt:metrics >------------------------
[INFO] Building metrics 2.0.22-SNAPSHOT
[INFO] --------------------------------[ jar ]---------------------------------
[INFO] 
[INFO] --- jacoco-maven-plugin:0.8.3:prepare-agent (pre-unit-test) @ metrics ---
[INFO] argLine set to -javaagent:/Users/yicheng/.m2/repository/org/jacoco/org.jacoco.agent/0.8.3/org.jacoco.agent-0.8.3-runtime.jar=destfile=/Users/yicheng/coursework/527/idoft/projects/light-4j/metrics/target/coverage-reports/jacoco-ut.exec
[INFO] 
[INFO] --- maven-resources-plugin:2.6:resources (default-resources) @ metrics ---
[INFO] Using 'UTF-8' encoding to copy filtered resources.
[INFO] Copying 1 resource
[INFO] 
[INFO] --- maven-compiler-plugin:3.8.0:compile (default-compile) @ metrics ---
[INFO] Nothing to compile - all classes are up to date
[INFO] 
[INFO] --- build-helper-maven-plugin:3.0.0:add-test-source (add-test-source) @ metrics ---
[INFO] Test Source directory: /Users/yicheng/coursework/527/idoft/projects/light-4j/metrics/src/integration/java added.
[INFO] 
[INFO] --- build-helper-maven-plugin:3.0.0:add-test-resource (add-test-resource) @ metrics ---
[INFO] 
[INFO] --- maven-resources-plugin:2.6:testResources (default-testResources) @ metrics ---
[INFO] Using 'UTF-8' encoding to copy filtered resources.
[INFO] Copying 2 resources
[INFO] skip non existing resourceDirectory /Users/yicheng/coursework/527/idoft/projects/light-4j/metrics\src\integration\resources
[INFO] 
[INFO] --- maven-compiler-plugin:3.8.0:testCompile (default-testCompile) @ metrics ---
[INFO] Nothing to compile - all classes are up to date
[INFO] 
[INFO] --- maven-surefire-plugin:2.19.1:test (default-test) @ metrics ---

-------------------------------------------------------
 T E S T S
-------------------------------------------------------
Picked up _JAVA_OPTIONS: -Dapple.awt.UIElement=true
[ODET][INFO] ******** Premain Start ********
Running io.dropwizard.metrics.SharedMetricRegistriesTest
WARNING: An illegal reflective access operation has occurred
WARNING: Illegal reflective access by io.dropwizard.metrics.SharedMetricRegistriesTest (file:/Users/yicheng/coursework/527/idoft/projects/light-4j/metrics/target/test-classes/) to field java.lang.reflect.Field.modifiers
WARNING: Please consider reporting this to the maintainers of io.dropwizard.metrics.SharedMetricRegistriesTest
WARNING: Use --illegal-access=warn to enable warnings of further illegal reflective access operations
WARNING: All illegal access operations will be denied in a future release
Tests run: 1, Failures: 0, Errors: 0, Skipped: 0, Time elapsed: 0.163 sec - in io.dropwizard.metrics.SharedMetricRegistriesTest

Results :

Tests run: 1, Failures: 0, Errors: 0, Skipped: 0

[INFO] 
[INFO] --- jacoco-maven-plugin:0.8.3:report (post-unit-test) @ metrics ---
[INFO] Loading execution data file /Users/yicheng/coursework/527/idoft/projects/light-4j/metrics/target/coverage-reports/jacoco-ut.exec
[INFO] Analyzed bundle 'metrics' with 88 classes
[INFO] ------------------------------------------------------------------------
[INFO] BUILD SUCCESS
[INFO] ------------------------------------------------------------------------
[INFO] Total time:  1.797 s
[INFO] Finished at: 2022-12-09T02:21:00-06:00
[INFO] ------------------------------------------------------------------------


Executing: io.dropwizard.metrics.SharedMetricRegistriesTest#removesRegistries - io.dropwizard.metrics.SharedMetricRegistriesTest#hasASetOfNames
polluter: io.dropwizard.metrics.SharedMetricRegistriesTest#removesRegistries
tests: ['io.dropwizard.metrics.SharedMetricRegistriesTest#hasASetOfNames']

Picked up _JAVA_OPTIONS: -Dapple.awt.UIElement=true
[INFO] Scanning for projects...
[INFO] Inspecting build with total of 1 modules...
[INFO] Installing Nexus Staging features:
[INFO]   ... total of 1 executions of maven-deploy-plugin replaced with nexus-staging-maven-plugin
[INFO] 
[INFO] -----------------------< com.networknt:metrics >------------------------
[INFO] Building metrics 2.0.22-SNAPSHOT
[INFO] --------------------------------[ jar ]---------------------------------
[INFO] 
[INFO] --- jacoco-maven-plugin:0.8.3:prepare-agent (pre-unit-test) @ metrics ---
[INFO] argLine set to -javaagent:/Users/yicheng/.m2/repository/org/jacoco/org.jacoco.agent/0.8.3/org.jacoco.agent-0.8.3-runtime.jar=destfile=/Users/yicheng/coursework/527/idoft/projects/light-4j/metrics/target/coverage-reports/jacoco-ut.exec
[INFO] 
[INFO] --- maven-resources-plugin:2.6:resources (default-resources) @ metrics ---
[INFO] Using 'UTF-8' encoding to copy filtered resources.
[INFO] Copying 1 resource
[INFO] 
[INFO] --- maven-compiler-plugin:3.8.0:compile (default-compile) @ metrics ---
[INFO] Nothing to compile - all classes are up to date
[INFO] 
[INFO] --- build-helper-maven-plugin:3.0.0:add-test-source (add-test-source) @ metrics ---
[INFO] Test Source directory: /Users/yicheng/coursework/527/idoft/projects/light-4j/metrics/src/integration/java added.
[INFO] 
[INFO] --- build-helper-maven-plugin:3.0.0:add-test-resource (add-test-resource) @ metrics ---
[INFO] 
[INFO] --- maven-resources-plugin:2.6:testResources (default-testResources) @ metrics ---
[INFO] Using 'UTF-8' encoding to copy filtered resources.
[INFO] Copying 2 resources
[INFO] skip non existing resourceDirectory /Users/yicheng/coursework/527/idoft/projects/light-4j/metrics\src\integration\resources
[INFO] 
[INFO] --- maven-compiler-plugin:3.8.0:testCompile (default-testCompile) @ metrics ---
[INFO] Nothing to compile - all classes are up to date
[INFO] 
[INFO] --- maven-surefire-plugin:2.19.1:test (default-test) @ metrics ---

-------------------------------------------------------
 T E S T S
-------------------------------------------------------
Picked up _JAVA_OPTIONS: -Dapple.awt.UIElement=true
[ODET][INFO] ******** Premain Start ********
Running io.dropwizard.metrics.SharedMetricRegistriesTest
WARNING: An illegal reflective access operation has occurred
WARNING: Illegal reflective access by io.dropwizard.metrics.SharedMetricRegistriesTest (file:/Users/yicheng/coursework/527/idoft/projects/light-4j/metrics/target/test-classes/) to field java.lang.reflect.Field.modifiers
WARNING: Please consider reporting this to the maintainers of io.dropwizard.metrics.SharedMetricRegistriesTest
WARNING: Use --illegal-access=warn to enable warnings of further illegal reflective access operations
WARNING: All illegal access operations will be denied in a future release
Tests run: 1, Failures: 0, Errors: 0, Skipped: 0, Time elapsed: 0.146 sec - in io.dropwizard.metrics.SharedMetricRegistriesTest

Results :

Tests run: 1, Failures: 0, Errors: 0, Skipped: 0

[INFO] 
[INFO] --- jacoco-maven-plugin:0.8.3:report (post-unit-test) @ metrics ---
[INFO] Loading execution data file /Users/yicheng/coursework/527/idoft/projects/light-4j/metrics/target/coverage-reports/jacoco-ut.exec
[INFO] Analyzed bundle 'metrics' with 88 classes
[INFO] ------------------------------------------------------------------------
[INFO] BUILD SUCCESS
[INFO] ------------------------------------------------------------------------
[INFO] Total time:  1.751 s
[INFO] Finished at: 2022-12-09T02:21:03-06:00
[INFO] ------------------------------------------------------------------------


Executing: io.dropwizard.metrics.SharedMetricRegistriesTest#errorsWhenDefaultAlreadySet - io.dropwizard.metrics.SharedMetricRegistriesTest#errorsWhenDefaultUnset
polluter: io.dropwizard.metrics.SharedMetricRegistriesTest#errorsWhenDefaultAlreadySet
tests: ['io.dropwizard.metrics.SharedMetricRegistriesTest#errorsWhenDefaultUnset']

Picked up _JAVA_OPTIONS: -Dapple.awt.UIElement=true
[INFO] Scanning for projects...
[INFO] Inspecting build with total of 1 modules...
[INFO] Installing Nexus Staging features:
[INFO]   ... total of 1 executions of maven-deploy-plugin replaced with nexus-staging-maven-plugin
[INFO] 
[INFO] -----------------------< com.networknt:metrics >------------------------
[INFO] Building metrics 2.0.22-SNAPSHOT
[INFO] --------------------------------[ jar ]---------------------------------
[INFO] 
[INFO] --- jacoco-maven-plugin:0.8.3:prepare-agent (pre-unit-test) @ metrics ---
[INFO] argLine set to -javaagent:/Users/yicheng/.m2/repository/org/jacoco/org.jacoco.agent/0.8.3/org.jacoco.agent-0.8.3-runtime.jar=destfile=/Users/yicheng/coursework/527/idoft/projects/light-4j/metrics/target/coverage-reports/jacoco-ut.exec
[INFO] 
[INFO] --- maven-resources-plugin:2.6:resources (default-resources) @ metrics ---
[INFO] Using 'UTF-8' encoding to copy filtered resources.
[INFO] Copying 1 resource
[INFO] 
[INFO] --- maven-compiler-plugin:3.8.0:compile (default-compile) @ metrics ---
[INFO] Nothing to compile - all classes are up to date
[INFO] 
[INFO] --- build-helper-maven-plugin:3.0.0:add-test-source (add-test-source) @ metrics ---
[INFO] Test Source directory: /Users/yicheng/coursework/527/idoft/projects/light-4j/metrics/src/integration/java added.
[INFO] 
[INFO] --- build-helper-maven-plugin:3.0.0:add-test-resource (add-test-resource) @ metrics ---
[INFO] 
[INFO] --- maven-resources-plugin:2.6:testResources (default-testResources) @ metrics ---
[INFO] Using 'UTF-8' encoding to copy filtered resources.
[INFO] Copying 2 resources
[INFO] skip non existing resourceDirectory /Users/yicheng/coursework/527/idoft/projects/light-4j/metrics\src\integration\resources
[INFO] 
[INFO] --- maven-compiler-plugin:3.8.0:testCompile (default-testCompile) @ metrics ---
[INFO] Nothing to compile - all classes are up to date
[INFO] 
[INFO] --- maven-surefire-plugin:2.19.1:test (default-test) @ metrics ---

-------------------------------------------------------
 T E S T S
-------------------------------------------------------
Picked up _JAVA_OPTIONS: -Dapple.awt.UIElement=true
[ODET][INFO] ******** Premain Start ********
Running io.dropwizard.metrics.SharedMetricRegistriesTest
WARNING: An illegal reflective access operation has occurred
WARNING: Illegal reflective access by io.dropwizard.metrics.SharedMetricRegistriesTest (file:/Users/yicheng/coursework/527/idoft/projects/light-4j/metrics/target/test-classes/) to field java.lang.reflect.Field.modifiers
WARNING: Please consider reporting this to the maintainers of io.dropwizard.metrics.SharedMetricRegistriesTest
WARNING: Use --illegal-access=warn to enable warnings of further illegal reflective access operations
WARNING: All illegal access operations will be denied in a future release
Tests run: 1, Failures: 0, Errors: 0, Skipped: 0, Time elapsed: 0.14 sec - in io.dropwizard.metrics.SharedMetricRegistriesTest

Results :

Tests run: 1, Failures: 0, Errors: 0, Skipped: 0

[INFO] 
[INFO] --- jacoco-maven-plugin:0.8.3:report (post-unit-test) @ metrics ---
[INFO] Loading execution data file /Users/yicheng/coursework/527/idoft/projects/light-4j/metrics/target/coverage-reports/jacoco-ut.exec
[INFO] Analyzed bundle 'metrics' with 88 classes
[INFO] ------------------------------------------------------------------------
[INFO] BUILD SUCCESS
[INFO] ------------------------------------------------------------------------
[INFO] Total time:  1.735 s
[INFO] Finished at: 2022-12-09T02:21:05-06:00
[INFO] ------------------------------------------------------------------------


Executing: io.dropwizard.metrics.SharedMetricRegistriesTest#errorsWhenDefaultAlreadySet - io.dropwizard.metrics.SharedMetricRegistriesTest#removesRegistries
polluter: io.dropwizard.metrics.SharedMetricRegistriesTest#errorsWhenDefaultAlreadySet
tests: ['io.dropwizard.metrics.SharedMetricRegistriesTest#removesRegistries']

Picked up _JAVA_OPTIONS: -Dapple.awt.UIElement=true
[INFO] Scanning for projects...
[INFO] Inspecting build with total of 1 modules...
[INFO] Installing Nexus Staging features:
[INFO]   ... total of 1 executions of maven-deploy-plugin replaced with nexus-staging-maven-plugin
[INFO] 
[INFO] -----------------------< com.networknt:metrics >------------------------
[INFO] Building metrics 2.0.22-SNAPSHOT
[INFO] --------------------------------[ jar ]---------------------------------
[INFO] 
[INFO] --- jacoco-maven-plugin:0.8.3:prepare-agent (pre-unit-test) @ metrics ---
[INFO] argLine set to -javaagent:/Users/yicheng/.m2/repository/org/jacoco/org.jacoco.agent/0.8.3/org.jacoco.agent-0.8.3-runtime.jar=destfile=/Users/yicheng/coursework/527/idoft/projects/light-4j/metrics/target/coverage-reports/jacoco-ut.exec
[INFO] 
[INFO] --- maven-resources-plugin:2.6:resources (default-resources) @ metrics ---
[INFO] Using 'UTF-8' encoding to copy filtered resources.
[INFO] Copying 1 resource
[INFO] 
[INFO] --- maven-compiler-plugin:3.8.0:compile (default-compile) @ metrics ---
[INFO] Nothing to compile - all classes are up to date
[INFO] 
[INFO] --- build-helper-maven-plugin:3.0.0:add-test-source (add-test-source) @ metrics ---
[INFO] Test Source directory: /Users/yicheng/coursework/527/idoft/projects/light-4j/metrics/src/integration/java added.
[INFO] 
[INFO] --- build-helper-maven-plugin:3.0.0:add-test-resource (add-test-resource) @ metrics ---
[INFO] 
[INFO] --- maven-resources-plugin:2.6:testResources (default-testResources) @ metrics ---
[INFO] Using 'UTF-8' encoding to copy filtered resources.
[INFO] Copying 2 resources
[INFO] skip non existing resourceDirectory /Users/yicheng/coursework/527/idoft/projects/light-4j/metrics\src\integration\resources
[INFO] 
[INFO] --- maven-compiler-plugin:3.8.0:testCompile (default-testCompile) @ metrics ---
[INFO] Nothing to compile - all classes are up to date
[INFO] 
[INFO] --- maven-surefire-plugin:2.19.1:test (default-test) @ metrics ---

-------------------------------------------------------
 T E S T S
-------------------------------------------------------
Picked up _JAVA_OPTIONS: -Dapple.awt.UIElement=true
[ODET][INFO] ******** Premain Start ********
Running io.dropwizard.metrics.SharedMetricRegistriesTest
WARNING: An illegal reflective access operation has occurred
WARNING: Illegal reflective access by io.dropwizard.metrics.SharedMetricRegistriesTest (file:/Users/yicheng/coursework/527/idoft/projects/light-4j/metrics/target/test-classes/) to field java.lang.reflect.Field.modifiers
WARNING: Please consider reporting this to the maintainers of io.dropwizard.metrics.SharedMetricRegistriesTest
WARNING: Use --illegal-access=warn to enable warnings of further illegal reflective access operations
WARNING: All illegal access operations will be denied in a future release
Tests run: 1, Failures: 1, Errors: 0, Skipped: 0, Time elapsed: 0.15 sec <<< FAILURE! - in io.dropwizard.metrics.SharedMetricRegistriesTest
removesRegistries(io.dropwizard.metrics.SharedMetricRegistriesTest)  Time elapsed: 0.149 sec  <<< FAILURE!
java.lang.AssertionError: 

Expecting empty but was:<["borg", "foobah"]>
	at io.dropwizard.metrics.SharedMetricRegistriesTest.removesRegistries(SharedMetricRegistriesTest.java:55)


Results :

Failed tests: 
  SharedMetricRegistriesTest.removesRegistries:55 
Expecting empty but was:<["borg", "foobah"]>

Tests run: 1, Failures: 1, Errors: 0, Skipped: 0

[ERROR] There are test failures.

Please refer to /Users/yicheng/coursework/527/idoft/projects/light-4j/metrics/target/surefire-reports for the individual test results.
[INFO] 
[INFO] --- jacoco-maven-plugin:0.8.3:report (post-unit-test) @ metrics ---
[INFO] Loading execution data file /Users/yicheng/coursework/527/idoft/projects/light-4j/metrics/target/coverage-reports/jacoco-ut.exec
[INFO] Analyzed bundle 'metrics' with 88 classes
[INFO] ------------------------------------------------------------------------
[INFO] BUILD SUCCESS
[INFO] ------------------------------------------------------------------------
[INFO] Total time:  1.748 s
[INFO] Finished at: 2022-12-09T02:21:08-06:00
[INFO] ------------------------------------------------------------------------


Executing: io.dropwizard.metrics.SharedMetricRegistriesTest#errorsWhenDefaultAlreadySet - io.dropwizard.metrics.SharedMetricRegistriesTest#clearsRegistries
polluter: io.dropwizard.metrics.SharedMetricRegistriesTest#errorsWhenDefaultAlreadySet
tests: ['io.dropwizard.metrics.SharedMetricRegistriesTest#clearsRegistries']

Picked up _JAVA_OPTIONS: -Dapple.awt.UIElement=true
[INFO] Scanning for projects...
[INFO] Inspecting build with total of 1 modules...
[INFO] Installing Nexus Staging features:
[INFO]   ... total of 1 executions of maven-deploy-plugin replaced with nexus-staging-maven-plugin
[INFO] 
[INFO] -----------------------< com.networknt:metrics >------------------------
[INFO] Building metrics 2.0.22-SNAPSHOT
[INFO] --------------------------------[ jar ]---------------------------------
[INFO] 
[INFO] --- jacoco-maven-plugin:0.8.3:prepare-agent (pre-unit-test) @ metrics ---
[INFO] argLine set to -javaagent:/Users/yicheng/.m2/repository/org/jacoco/org.jacoco.agent/0.8.3/org.jacoco.agent-0.8.3-runtime.jar=destfile=/Users/yicheng/coursework/527/idoft/projects/light-4j/metrics/target/coverage-reports/jacoco-ut.exec
[INFO] 
[INFO] --- maven-resources-plugin:2.6:resources (default-resources) @ metrics ---
[INFO] Using 'UTF-8' encoding to copy filtered resources.
[INFO] Copying 1 resource
[INFO] 
[INFO] --- maven-compiler-plugin:3.8.0:compile (default-compile) @ metrics ---
[INFO] Nothing to compile - all classes are up to date
[INFO] 
[INFO] --- build-helper-maven-plugin:3.0.0:add-test-source (add-test-source) @ metrics ---
[INFO] Test Source directory: /Users/yicheng/coursework/527/idoft/projects/light-4j/metrics/src/integration/java added.
[INFO] 
[INFO] --- build-helper-maven-plugin:3.0.0:add-test-resource (add-test-resource) @ metrics ---
[INFO] 
[INFO] --- maven-resources-plugin:2.6:testResources (default-testResources) @ metrics ---
[INFO] Using 'UTF-8' encoding to copy filtered resources.
[INFO] Copying 2 resources
[INFO] skip non existing resourceDirectory /Users/yicheng/coursework/527/idoft/projects/light-4j/metrics\src\integration\resources
[INFO] 
[INFO] --- maven-compiler-plugin:3.8.0:testCompile (default-testCompile) @ metrics ---
[INFO] Nothing to compile - all classes are up to date
[INFO] 
[INFO] --- maven-surefire-plugin:2.19.1:test (default-test) @ metrics ---

-------------------------------------------------------
 T E S T S
-------------------------------------------------------
Picked up _JAVA_OPTIONS: -Dapple.awt.UIElement=true
[ODET][INFO] ******** Premain Start ********
Running io.dropwizard.metrics.SharedMetricRegistriesTest
WARNING: An illegal reflective access operation has occurred
WARNING: Illegal reflective access by io.dropwizard.metrics.SharedMetricRegistriesTest (file:/Users/yicheng/coursework/527/idoft/projects/light-4j/metrics/target/test-classes/) to field java.lang.reflect.Field.modifiers
WARNING: Please consider reporting this to the maintainers of io.dropwizard.metrics.SharedMetricRegistriesTest
WARNING: Use --illegal-access=warn to enable warnings of further illegal reflective access operations
WARNING: All illegal access operations will be denied in a future release
Tests run: 1, Failures: 0, Errors: 0, Skipped: 0, Time elapsed: 0.147 sec - in io.dropwizard.metrics.SharedMetricRegistriesTest

Results :

Tests run: 1, Failures: 0, Errors: 0, Skipped: 0

[INFO] 
[INFO] --- jacoco-maven-plugin:0.8.3:report (post-unit-test) @ metrics ---
[INFO] Loading execution data file /Users/yicheng/coursework/527/idoft/projects/light-4j/metrics/target/coverage-reports/jacoco-ut.exec
[INFO] Analyzed bundle 'metrics' with 88 classes
[INFO] ------------------------------------------------------------------------
[INFO] BUILD SUCCESS
[INFO] ------------------------------------------------------------------------
[INFO] Total time:  1.815 s
[INFO] Finished at: 2022-12-09T02:21:10-06:00
[INFO] ------------------------------------------------------------------------


Executing: io.dropwizard.metrics.SharedMetricRegistriesTest#errorsWhenDefaultAlreadySet - io.dropwizard.metrics.SharedMetricRegistriesTest#memorizesRegistriesByName
polluter: io.dropwizard.metrics.SharedMetricRegistriesTest#errorsWhenDefaultAlreadySet
tests: ['io.dropwizard.metrics.SharedMetricRegistriesTest#memorizesRegistriesByName']

Picked up _JAVA_OPTIONS: -Dapple.awt.UIElement=true
[INFO] Scanning for projects...
[INFO] Inspecting build with total of 1 modules...
[INFO] Installing Nexus Staging features:
[INFO]   ... total of 1 executions of maven-deploy-plugin replaced with nexus-staging-maven-plugin
[INFO] 
[INFO] -----------------------< com.networknt:metrics >------------------------
[INFO] Building metrics 2.0.22-SNAPSHOT
[INFO] --------------------------------[ jar ]---------------------------------
[INFO] 
[INFO] --- jacoco-maven-plugin:0.8.3:prepare-agent (pre-unit-test) @ metrics ---
[INFO] argLine set to -javaagent:/Users/yicheng/.m2/repository/org/jacoco/org.jacoco.agent/0.8.3/org.jacoco.agent-0.8.3-runtime.jar=destfile=/Users/yicheng/coursework/527/idoft/projects/light-4j/metrics/target/coverage-reports/jacoco-ut.exec
[INFO] 
[INFO] --- maven-resources-plugin:2.6:resources (default-resources) @ metrics ---
[INFO] Using 'UTF-8' encoding to copy filtered resources.
[INFO] Copying 1 resource
[INFO] 
[INFO] --- maven-compiler-plugin:3.8.0:compile (default-compile) @ metrics ---
[INFO] Nothing to compile - all classes are up to date
[INFO] 
[INFO] --- build-helper-maven-plugin:3.0.0:add-test-source (add-test-source) @ metrics ---
[INFO] Test Source directory: /Users/yicheng/coursework/527/idoft/projects/light-4j/metrics/src/integration/java added.
[INFO] 
[INFO] --- build-helper-maven-plugin:3.0.0:add-test-resource (add-test-resource) @ metrics ---
[INFO] 
[INFO] --- maven-resources-plugin:2.6:testResources (default-testResources) @ metrics ---
[INFO] Using 'UTF-8' encoding to copy filtered resources.
[INFO] Copying 2 resources
[INFO] skip non existing resourceDirectory /Users/yicheng/coursework/527/idoft/projects/light-4j/metrics\src\integration\resources
[INFO] 
[INFO] --- maven-compiler-plugin:3.8.0:testCompile (default-testCompile) @ metrics ---
[INFO] Nothing to compile - all classes are up to date
[INFO] 
[INFO] --- maven-surefire-plugin:2.19.1:test (default-test) @ metrics ---

-------------------------------------------------------
 T E S T S
-------------------------------------------------------
Picked up _JAVA_OPTIONS: -Dapple.awt.UIElement=true
[ODET][INFO] ******** Premain Start ********
Running io.dropwizard.metrics.SharedMetricRegistriesTest
WARNING: An illegal reflective access operation has occurred
WARNING: Illegal reflective access by io.dropwizard.metrics.SharedMetricRegistriesTest (file:/Users/yicheng/coursework/527/idoft/projects/light-4j/metrics/target/test-classes/) to field java.lang.reflect.Field.modifiers
WARNING: Please consider reporting this to the maintainers of io.dropwizard.metrics.SharedMetricRegistriesTest
WARNING: Use --illegal-access=warn to enable warnings of further illegal reflective access operations
WARNING: All illegal access operations will be denied in a future release
Tests run: 1, Failures: 0, Errors: 0, Skipped: 0, Time elapsed: 0.153 sec - in io.dropwizard.metrics.SharedMetricRegistriesTest

Results :

Tests run: 1, Failures: 0, Errors: 0, Skipped: 0

[INFO] 
[INFO] --- jacoco-maven-plugin:0.8.3:report (post-unit-test) @ metrics ---
[INFO] Loading execution data file /Users/yicheng/coursework/527/idoft/projects/light-4j/metrics/target/coverage-reports/jacoco-ut.exec
[INFO] Analyzed bundle 'metrics' with 88 classes
[INFO] ------------------------------------------------------------------------
[INFO] BUILD SUCCESS
[INFO] ------------------------------------------------------------------------
[INFO] Total time:  1.782 s
[INFO] Finished at: 2022-12-09T02:21:13-06:00
[INFO] ------------------------------------------------------------------------


Executing: io.dropwizard.metrics.SharedMetricRegistriesTest#errorsWhenDefaultAlreadySet - io.dropwizard.metrics.SharedMetricRegistriesTest#hasASetOfNames
polluter: io.dropwizard.metrics.SharedMetricRegistriesTest#errorsWhenDefaultAlreadySet
tests: ['io.dropwizard.metrics.SharedMetricRegistriesTest#hasASetOfNames']

Picked up _JAVA_OPTIONS: -Dapple.awt.UIElement=true
[INFO] Scanning for projects...
[INFO] Inspecting build with total of 1 modules...
[INFO] Installing Nexus Staging features:
[INFO]   ... total of 1 executions of maven-deploy-plugin replaced with nexus-staging-maven-plugin
[INFO] 
[INFO] -----------------------< com.networknt:metrics >------------------------
[INFO] Building metrics 2.0.22-SNAPSHOT
[INFO] --------------------------------[ jar ]---------------------------------
[INFO] 
[INFO] --- jacoco-maven-plugin:0.8.3:prepare-agent (pre-unit-test) @ metrics ---
[INFO] argLine set to -javaagent:/Users/yicheng/.m2/repository/org/jacoco/org.jacoco.agent/0.8.3/org.jacoco.agent-0.8.3-runtime.jar=destfile=/Users/yicheng/coursework/527/idoft/projects/light-4j/metrics/target/coverage-reports/jacoco-ut.exec
[INFO] 
[INFO] --- maven-resources-plugin:2.6:resources (default-resources) @ metrics ---
[INFO] Using 'UTF-8' encoding to copy filtered resources.
[INFO] Copying 1 resource
[INFO] 
[INFO] --- maven-compiler-plugin:3.8.0:compile (default-compile) @ metrics ---
[INFO] Nothing to compile - all classes are up to date
[INFO] 
[INFO] --- build-helper-maven-plugin:3.0.0:add-test-source (add-test-source) @ metrics ---
[INFO] Test Source directory: /Users/yicheng/coursework/527/idoft/projects/light-4j/metrics/src/integration/java added.
[INFO] 
[INFO] --- build-helper-maven-plugin:3.0.0:add-test-resource (add-test-resource) @ metrics ---
[INFO] 
[INFO] --- maven-resources-plugin:2.6:testResources (default-testResources) @ metrics ---
[INFO] Using 'UTF-8' encoding to copy filtered resources.
[INFO] Copying 2 resources
[INFO] skip non existing resourceDirectory /Users/yicheng/coursework/527/idoft/projects/light-4j/metrics\src\integration\resources
[INFO] 
[INFO] --- maven-compiler-plugin:3.8.0:testCompile (default-testCompile) @ metrics ---
[INFO] Nothing to compile - all classes are up to date
[INFO] 
[INFO] --- maven-surefire-plugin:2.19.1:test (default-test) @ metrics ---

-------------------------------------------------------
 T E S T S
-------------------------------------------------------
Picked up _JAVA_OPTIONS: -Dapple.awt.UIElement=true
[ODET][INFO] ******** Premain Start ********
Running io.dropwizard.metrics.SharedMetricRegistriesTest
WARNING: An illegal reflective access operation has occurred
WARNING: Illegal reflective access by io.dropwizard.metrics.SharedMetricRegistriesTest (file:/Users/yicheng/coursework/527/idoft/projects/light-4j/metrics/target/test-classes/) to field java.lang.reflect.Field.modifiers
WARNING: Please consider reporting this to the maintainers of io.dropwizard.metrics.SharedMetricRegistriesTest
WARNING: Use --illegal-access=warn to enable warnings of further illegal reflective access operations
WARNING: All illegal access operations will be denied in a future release
Tests run: 1, Failures: 1, Errors: 0, Skipped: 0, Time elapsed: 0.151 sec <<< FAILURE! - in io.dropwizard.metrics.SharedMetricRegistriesTest
hasASetOfNames(io.dropwizard.metrics.SharedMetricRegistriesTest)  Time elapsed: 0.151 sec  <<< FAILURE!
java.lang.AssertionError: 

Expecting:
  <["one", "borg", "foobah"]>
to contain only:
  <["one"]>
but the following elements were unexpected:
  <["borg", "foobah"]>

	at io.dropwizard.metrics.SharedMetricRegistriesTest.hasASetOfNames(SharedMetricRegistriesTest.java:46)


Results :

Failed tests: 
  SharedMetricRegistriesTest.hasASetOfNames:46 
Expecting:
  <["one", "borg", "foobah"]>
to contain only:
  <["one"]>
but the following elements were unexpected:
  <["borg", "foobah"]>


Tests run: 1, Failures: 1, Errors: 0, Skipped: 0

[ERROR] There are test failures.

Please refer to /Users/yicheng/coursework/527/idoft/projects/light-4j/metrics/target/surefire-reports for the individual test results.
[INFO] 
[INFO] --- jacoco-maven-plugin:0.8.3:report (post-unit-test) @ metrics ---
[INFO] Loading execution data file /Users/yicheng/coursework/527/idoft/projects/light-4j/metrics/target/coverage-reports/jacoco-ut.exec
[INFO] Analyzed bundle 'metrics' with 88 classes
[INFO] ------------------------------------------------------------------------
[INFO] BUILD SUCCESS
[INFO] ------------------------------------------------------------------------
[INFO] Total time:  1.757 s
[INFO] Finished at: 2022-12-09T02:21:15-06:00
[INFO] ------------------------------------------------------------------------


==================================================
# Execution Iteration: 30
# Executed Tests: 30
Execution Cost: 73.9789981842041
========================= Result =========================
Polluter: io.dropwizard.metrics.SharedMetricRegistriesTest#memorizesRegistriesByName
    states
     26#io/dropwizard/metrics/SharedMetricRegistries#REGISTRIES#Ljava/util/concurrent/ConcurrentMap;
      /Users/yicheng/coursework/527/idoft/projects/light-4j/metrics/odet//objects//1.xml
    victims
     ['io.dropwizard.metrics.SharedMetricRegistriesTest#errorsWhenDefaultUnset']
Polluter: io.dropwizard.metrics.SharedMetricRegistriesTest#clearsRegistries
    states
     26#io/dropwizard/metrics/SharedMetricRegistries#REGISTRIES#Ljava/util/concurrent/ConcurrentMap;
      /Users/yicheng/coursework/527/idoft/projects/light-4j/metrics/odet//objects//2.xml
    victims
     ['io.dropwizard.metrics.SharedMetricRegistriesTest#errorsWhenDefaultUnset']
Polluter: io.dropwizard.metrics.SharedMetricRegistriesTest#hasASetOfNames
    states
     26#io/dropwizard/metrics/SharedMetricRegistries#REGISTRIES#Ljava/util/concurrent/ConcurrentMap;
      /Users/yicheng/coursework/527/idoft/projects/light-4j/metrics/odet//objects//3.xml
    victims
     ['io.dropwizard.metrics.SharedMetricRegistriesTest#errorsWhenDefaultUnset']
Polluter: io.dropwizard.metrics.SharedMetricRegistriesTest#removesRegistries
    states
     26#io/dropwizard/metrics/SharedMetricRegistries#REGISTRIES#Ljava/util/concurrent/ConcurrentMap;
      /Users/yicheng/coursework/527/idoft/projects/light-4j/metrics/odet//objects//5.xml
    victims
     ['io.dropwizard.metrics.SharedMetricRegistriesTest#errorsWhenDefaultUnset']
Polluter: io.dropwizard.metrics.SharedMetricRegistriesTest#errorsWhenDefaultAlreadySet
    states
     74#io/dropwizard/metrics/SharedMetricRegistries#defaultRegistryName#Ljava/lang/String;
      /Users/yicheng/coursework/527/idoft/projects/light-4j/metrics/odet//objects//6.xml
     26#io/dropwizard/metrics/SharedMetricRegistries#REGISTRIES#Ljava/util/concurrent/ConcurrentMap;
      /Users/yicheng/coursework/527/idoft/projects/light-4j/metrics/odet//objects//7.xml
    victims
     ['io.dropwizard.metrics.SharedMetricRegistriesTest#errorsWhenDefaultUnset']
==================================================
