Start execute:
    com.pholser.junit.quickcheck.guava.generator.FunctionPropertyParameterTypesTest#arrayOfFunction
     {'com.pholser.junit.quickcheck.guava.generator.FunctionPropertyParameterTypesTest$ArrayOfFunction#shouldHold'}
    com.pholser.junit.quickcheck.guava.generator.FunctionPropertyParameterTypesTest#superShortToInteger
     {'com.pholser.junit.quickcheck.guava.generator.FunctionPropertyParameterTypesTest#arrayOfFunction', 'com.pholser.junit.quickcheck.guava.generator.FunctionPropertyParameterTypesTest$SuperShortToExtendsInteger#shouldHold'}

Executing: com.pholser.junit.quickcheck.guava.generator.FunctionPropertyParameterTypesTest#arrayOfFunction - ['com.pholser.junit.quickcheck.guava.generator.FunctionPropertyParameterTypesTest$ArrayOfFunction#shouldHold']
polluter: com.pholser.junit.quickcheck.guava.generator.FunctionPropertyParameterTypesTest#arrayOfFunction
tests: ['com.pholser.junit.quickcheck.guava.generator.FunctionPropertyParameterTypesTest$ArrayOfFunction#shouldHold']

Picked up _JAVA_OPTIONS: -Dapple.awt.UIElement=true
[INFO] Scanning for projects...
[WARNING] 
[WARNING] Some problems were encountered while building the effective model for com.pholser:junit-quickcheck-guava:jar:0.9-SNAPSHOT
[WARNING] 'build.plugins.plugin.version' for org.codehaus.mojo:findbugs-maven-plugin is missing. @ line 89, column 21
[WARNING] 
[WARNING] It is highly recommended to fix these problems because they threaten the stability of your build.
[WARNING] 
[WARNING] For this reason, future Maven versions might no longer support building such malformed projects.
[WARNING] 
[INFO] 
[INFO] -----------------< com.pholser:junit-quickcheck-guava >-----------------
[INFO] Building junit-quickcheck-guava 0.9-SNAPSHOT
[INFO] --------------------------------[ jar ]---------------------------------
[INFO] 
[INFO] --- maven-enforcer-plugin:1.2:enforce (enforce-maven) @ junit-quickcheck-guava ---
[INFO] 
[INFO] --- jacoco-maven-plugin:0.7.6.201602180812:prepare-agent (default-prepare-agent) @ junit-quickcheck-guava ---
[INFO] argLine set to -javaagent:/Users/yicheng/.m2/repository/org/jacoco/org.jacoco.agent/0.7.6.201602180812/org.jacoco.agent-0.7.6.201602180812-runtime.jar=destfile=/Users/yicheng/coursework/527/idoft/projects/junit-quickcheck/guava/target/jacoco.exec
[INFO] 
[INFO] --- maven-resources-plugin:2.6:resources (default-resources) @ junit-quickcheck-guava ---
[INFO] Using 'UTF-8' encoding to copy filtered resources.
[INFO] skip non existing resourceDirectory /Users/yicheng/coursework/527/idoft/projects/junit-quickcheck/guava/src/main/resources
[INFO] 
[INFO] --- maven-compiler-plugin:3.5.1:compile (default-compile) @ junit-quickcheck-guava ---
[INFO] Nothing to compile - all classes are up to date
[INFO] 
[INFO] --- maven-checkstyle-plugin:2.17:check (default) @ junit-quickcheck-guava ---
[INFO] 
[INFO] >>> maven-pmd-plugin:3.6:cpd-check (default) > :cpd @ junit-quickcheck-guava >>>
[INFO] 
[INFO] --- maven-pmd-plugin:3.6:cpd (cpd) @ junit-quickcheck-guava ---
[WARNING] Unable to locate Source XRef to link to - DISABLED
[WARNING] Unable to locate Source XRef to link to - DISABLED
[INFO] 
[INFO] <<< maven-pmd-plugin:3.6:cpd-check (default) < :cpd @ junit-quickcheck-guava <<<
[INFO] 
[INFO] 
[INFO] --- maven-pmd-plugin:3.6:cpd-check (default) @ junit-quickcheck-guava ---
[INFO] 
[INFO] 
[INFO] --- serviceloader-maven-plugin:1.0.7:generate (default) @ junit-quickcheck-guava ---
[INFO] Scanning generated classes for implementations...
[INFO] Generating service file /Users/yicheng/coursework/527/idoft/projects/junit-quickcheck/guava/target/classes/META-INF/services/com.pholser.junit.quickcheck.generator.Generator
[INFO]   + com.pholser.junit.quickcheck.guava.generator.FunctionGenerator
[INFO]   + com.pholser.junit.quickcheck.guava.generator.PredicateGenerator
[INFO]   + com.pholser.junit.quickcheck.guava.generator.OptionalGenerator
[INFO]   + com.pholser.junit.quickcheck.guava.generator.SupplierGenerator
[INFO] 
[INFO] --- maven-resources-plugin:2.6:testResources (default-testResources) @ junit-quickcheck-guava ---
[INFO] Using 'UTF-8' encoding to copy filtered resources.
[INFO] skip non existing resourceDirectory /Users/yicheng/coursework/527/idoft/projects/junit-quickcheck/guava/src/test/resources
[INFO] 
[INFO] --- maven-compiler-plugin:3.5.1:testCompile (default-testCompile) @ junit-quickcheck-guava ---
[INFO] Nothing to compile - all classes are up to date
[INFO] 
[INFO] --- maven-surefire-plugin:2.19.1:test (default-test) @ junit-quickcheck-guava ---

-------------------------------------------------------
 T E S T S
-------------------------------------------------------
Picked up _JAVA_OPTIONS: -Dapple.awt.UIElement=true
[ODET][INFO] ******** Premain Start ********
java.lang.StringIndexOutOfBoundsException: begin 1, end 0, length 1
	at java.base/java.lang.String.checkBoundsBeginEnd(String.java:3319)
	at java.base/java.lang.String.substring(String.java:1874)
	at edu.illinois.odet.agent.detect.visitor.StateResetMV.visitCode(StateResetCV.java:163)
	at edu.illinois.odet.agent.objectweb.asm.tree.MethodNode.accept(MethodNode.java:742)
	at edu.illinois.odet.agent.objectweb.asm.tree.MethodNode.accept(MethodNode.java:649)
	at edu.illinois.odet.agent.objectweb.asm.tree.ClassNode.accept(ClassNode.java:452)
	at edu.illinois.odet.agent.detect.DetectTransformer.transform(DetectTransformer.java:88)
	at java.instrument/java.lang.instrument.ClassFileTransformer.transform(ClassFileTransformer.java:246)
	at java.instrument/sun.instrument.TransformerManager.transform(TransformerManager.java:188)
	at java.instrument/sun.instrument.InstrumentationImpl.transform(InstrumentationImpl.java:563)
	at java.base/java.lang.ClassLoader.defineClass1(Native Method)
	at java.base/java.lang.ClassLoader.defineClass(ClassLoader.java:1017)
	at java.base/java.security.SecureClassLoader.defineClass(SecureClassLoader.java:174)
	at java.base/jdk.internal.loader.BuiltinClassLoader.defineClass(BuiltinClassLoader.java:800)
	at java.base/jdk.internal.loader.BuiltinClassLoader.findClassOnClassPathOrNull(BuiltinClassLoader.java:698)
	at java.base/jdk.internal.loader.BuiltinClassLoader.loadClassOrNull(BuiltinClassLoader.java:621)
	at java.base/jdk.internal.loader.BuiltinClassLoader.loadClass(BuiltinClassLoader.java:579)
	at java.base/jdk.internal.loader.ClassLoaders$AppClassLoader.loadClass(ClassLoaders.java:178)
	at java.base/java.lang.ClassLoader.loadClass(ClassLoader.java:522)
	at java.base/java.lang.Class.getDeclaringClass0(Native Method)
	at java.base/java.lang.Class.isMemberClass(Class.java:1668)
	at org.junit.runners.model.TestClass.isANonStaticInnerClass(TestClass.java:272)
	at org.junit.runners.BlockJUnit4ClassRunner.validateNoNonStaticInnerClass(BlockJUnit4ClassRunner.java:134)
	at org.junit.runners.BlockJUnit4ClassRunner.collectInitializationErrors(BlockJUnit4ClassRunner.java:126)
	at org.junit.runners.ParentRunner.validate(ParentRunner.java:416)
	at org.junit.runners.ParentRunner.<init>(ParentRunner.java:84)
	at org.junit.runners.BlockJUnit4ClassRunner.<init>(BlockJUnit4ClassRunner.java:65)
	at com.pholser.junit.quickcheck.runner.JUnitQuickcheck.<init>(JUnitQuickcheck.java:73)
	at java.base/jdk.internal.reflect.NativeConstructorAccessorImpl.newInstance0(Native Method)
	at java.base/jdk.internal.reflect.NativeConstructorAccessorImpl.newInstance(NativeConstructorAccessorImpl.java:62)
	at java.base/jdk.internal.reflect.DelegatingConstructorAccessorImpl.newInstance(DelegatingConstructorAccessorImpl.java:45)
	at java.base/java.lang.reflect.Constructor.newInstance(Constructor.java:490)
	at org.junit.internal.builders.AnnotatedBuilder.buildRunner(AnnotatedBuilder.java:104)
	at org.junit.internal.builders.AnnotatedBuilder.runnerForClass(AnnotatedBuilder.java:86)
	at org.junit.runners.model.RunnerBuilder.safeRunnerForClass(RunnerBuilder.java:59)
	at org.junit.internal.builders.AllDefaultPossibilitiesBuilder.runnerForClass(AllDefaultPossibilitiesBuilder.java:26)
	at org.junit.runner.Computer.getRunner(Computer.java:40)
	at org.junit.runner.Computer$1.runnerForClass(Computer.java:31)
	at org.junit.runners.model.RunnerBuilder.safeRunnerForClass(RunnerBuilder.java:59)
	at org.junit.runners.model.RunnerBuilder.runners(RunnerBuilder.java:101)
	at org.junit.runners.model.RunnerBuilder.runners(RunnerBuilder.java:87)
	at org.junit.runners.Suite.<init>(Suite.java:81)
	at org.junit.runner.Computer.getSuite(Computer.java:28)
	at org.junit.runner.Request.classes(Request.java:75)
	at org.apache.maven.surefire.junitcore.JUnitCoreWrapper.createRequestAndRun(JUnitCoreWrapper.java:126)
	at org.apache.maven.surefire.junitcore.JUnitCoreWrapper.executeEager(JUnitCoreWrapper.java:107)
	at org.apache.maven.surefire.junitcore.JUnitCoreWrapper.execute(JUnitCoreWrapper.java:83)
	at org.apache.maven.surefire.junitcore.JUnitCoreWrapper.execute(JUnitCoreWrapper.java:75)
	at org.apache.maven.surefire.junitcore.JUnitCoreProvider.invoke(JUnitCoreProvider.java:161)
	at org.apache.maven.surefire.booter.ForkedBooter.invokeProviderInSameClassLoader(ForkedBooter.java:290)
	at org.apache.maven.surefire.booter.ForkedBooter.runSuitesInProcess(ForkedBooter.java:242)
	at org.apache.maven.surefire.booter.ForkedBooter.main(ForkedBooter.java:121)
Running com.pholser.junit.quickcheck.guava.generator.FunctionPropertyParameterTypesTest$ArrayOfFunction
WARNING: An illegal reflective access operation has occurred
WARNING: Illegal reflective access by com.pholser.junit.quickcheck.internal.Reflection (file:/Users/yicheng/.m2/repository/com/pholser/junit-quickcheck-core/0.9-SNAPSHOT/junit-quickcheck-core-0.9-SNAPSHOT.jar) to constructor java.lang.invoke.MethodHandles$Lookup(java.lang.Class,int)
WARNING: Please consider reporting this to the maintainers of com.pholser.junit.quickcheck.internal.Reflection
WARNING: Use --illegal-access=warn to enable warnings of further illegal reflective access operations
WARNING: All illegal access operations will be denied in a future release
Tests run: 1, Failures: 0, Errors: 0, Skipped: 0, Time elapsed: 1.666 sec - in com.pholser.junit.quickcheck.guava.generator.FunctionPropertyParameterTypesTest$ArrayOfFunction

Results :

Tests run: 1, Failures: 0, Errors: 0, Skipped: 0

[INFO] ------------------------------------------------------------------------
[INFO] BUILD SUCCESS
[INFO] ------------------------------------------------------------------------
[INFO] Total time:  3.774 s
[INFO] Finished at: 2022-12-08T18:53:21-06:00
[INFO] ------------------------------------------------------------------------


Executing: com.pholser.junit.quickcheck.guava.generator.FunctionPropertyParameterTypesTest#superShortToInteger - ['com.pholser.junit.quickcheck.guava.generator.FunctionPropertyParameterTypesTest$SuperShortToExtendsInteger#shouldHold']
polluter: com.pholser.junit.quickcheck.guava.generator.FunctionPropertyParameterTypesTest#superShortToInteger
tests: ['com.pholser.junit.quickcheck.guava.generator.FunctionPropertyParameterTypesTest$SuperShortToExtendsInteger#shouldHold']

Picked up _JAVA_OPTIONS: -Dapple.awt.UIElement=true
[INFO] Scanning for projects...
[WARNING] 
[WARNING] Some problems were encountered while building the effective model for com.pholser:junit-quickcheck-guava:jar:0.9-SNAPSHOT
[WARNING] 'build.plugins.plugin.version' for org.codehaus.mojo:findbugs-maven-plugin is missing. @ line 89, column 21
[WARNING] 
[WARNING] It is highly recommended to fix these problems because they threaten the stability of your build.
[WARNING] 
[WARNING] For this reason, future Maven versions might no longer support building such malformed projects.
[WARNING] 
[INFO] 
[INFO] -----------------< com.pholser:junit-quickcheck-guava >-----------------
[INFO] Building junit-quickcheck-guava 0.9-SNAPSHOT
[INFO] --------------------------------[ jar ]---------------------------------
[INFO] 
[INFO] --- maven-enforcer-plugin:1.2:enforce (enforce-maven) @ junit-quickcheck-guava ---
[INFO] 
[INFO] --- jacoco-maven-plugin:0.7.6.201602180812:prepare-agent (default-prepare-agent) @ junit-quickcheck-guava ---
[INFO] argLine set to -javaagent:/Users/yicheng/.m2/repository/org/jacoco/org.jacoco.agent/0.7.6.201602180812/org.jacoco.agent-0.7.6.201602180812-runtime.jar=destfile=/Users/yicheng/coursework/527/idoft/projects/junit-quickcheck/guava/target/jacoco.exec
[INFO] 
[INFO] --- maven-resources-plugin:2.6:resources (default-resources) @ junit-quickcheck-guava ---
[INFO] Using 'UTF-8' encoding to copy filtered resources.
[INFO] skip non existing resourceDirectory /Users/yicheng/coursework/527/idoft/projects/junit-quickcheck/guava/src/main/resources
[INFO] 
[INFO] --- maven-compiler-plugin:3.5.1:compile (default-compile) @ junit-quickcheck-guava ---
[INFO] Nothing to compile - all classes are up to date
[INFO] 
[INFO] --- maven-checkstyle-plugin:2.17:check (default) @ junit-quickcheck-guava ---
[INFO] 
[INFO] >>> maven-pmd-plugin:3.6:cpd-check (default) > :cpd @ junit-quickcheck-guava >>>
[INFO] 
[INFO] --- maven-pmd-plugin:3.6:cpd (cpd) @ junit-quickcheck-guava ---
[WARNING] Unable to locate Source XRef to link to - DISABLED
[WARNING] Unable to locate Source XRef to link to - DISABLED
[INFO] 
[INFO] <<< maven-pmd-plugin:3.6:cpd-check (default) < :cpd @ junit-quickcheck-guava <<<
[INFO] 
[INFO] 
[INFO] --- maven-pmd-plugin:3.6:cpd-check (default) @ junit-quickcheck-guava ---
[INFO] 
[INFO] 
[INFO] --- serviceloader-maven-plugin:1.0.7:generate (default) @ junit-quickcheck-guava ---
[INFO] Scanning generated classes for implementations...
[INFO] Generating service file /Users/yicheng/coursework/527/idoft/projects/junit-quickcheck/guava/target/classes/META-INF/services/com.pholser.junit.quickcheck.generator.Generator
[INFO]   + com.pholser.junit.quickcheck.guava.generator.FunctionGenerator
[INFO]   + com.pholser.junit.quickcheck.guava.generator.PredicateGenerator
[INFO]   + com.pholser.junit.quickcheck.guava.generator.OptionalGenerator
[INFO]   + com.pholser.junit.quickcheck.guava.generator.SupplierGenerator
[INFO] 
[INFO] --- maven-resources-plugin:2.6:testResources (default-testResources) @ junit-quickcheck-guava ---
[INFO] Using 'UTF-8' encoding to copy filtered resources.
[INFO] skip non existing resourceDirectory /Users/yicheng/coursework/527/idoft/projects/junit-quickcheck/guava/src/test/resources
[INFO] 
[INFO] --- maven-compiler-plugin:3.5.1:testCompile (default-testCompile) @ junit-quickcheck-guava ---
[INFO] Nothing to compile - all classes are up to date
[INFO] 
[INFO] --- maven-surefire-plugin:2.19.1:test (default-test) @ junit-quickcheck-guava ---

-------------------------------------------------------
 T E S T S
-------------------------------------------------------
Picked up _JAVA_OPTIONS: -Dapple.awt.UIElement=true
[ODET][INFO] ******** Premain Start ********
java.lang.StringIndexOutOfBoundsException: begin 1, end 0, length 1
	at java.base/java.lang.String.checkBoundsBeginEnd(String.java:3319)
	at java.base/java.lang.String.substring(String.java:1874)
	at edu.illinois.odet.agent.detect.visitor.StateResetMV.visitCode(StateResetCV.java:163)
	at edu.illinois.odet.agent.objectweb.asm.tree.MethodNode.accept(MethodNode.java:742)
	at edu.illinois.odet.agent.objectweb.asm.tree.MethodNode.accept(MethodNode.java:649)
	at edu.illinois.odet.agent.objectweb.asm.tree.ClassNode.accept(ClassNode.java:452)
	at edu.illinois.odet.agent.detect.DetectTransformer.transform(DetectTransformer.java:88)
	at java.instrument/java.lang.instrument.ClassFileTransformer.transform(ClassFileTransformer.java:246)
	at java.instrument/sun.instrument.TransformerManager.transform(TransformerManager.java:188)
	at java.instrument/sun.instrument.InstrumentationImpl.transform(InstrumentationImpl.java:563)
	at java.base/java.lang.ClassLoader.defineClass1(Native Method)
	at java.base/java.lang.ClassLoader.defineClass(ClassLoader.java:1017)
	at java.base/java.security.SecureClassLoader.defineClass(SecureClassLoader.java:174)
	at java.base/jdk.internal.loader.BuiltinClassLoader.defineClass(BuiltinClassLoader.java:800)
	at java.base/jdk.internal.loader.BuiltinClassLoader.findClassOnClassPathOrNull(BuiltinClassLoader.java:698)
	at java.base/jdk.internal.loader.BuiltinClassLoader.loadClassOrNull(BuiltinClassLoader.java:621)
	at java.base/jdk.internal.loader.BuiltinClassLoader.loadClass(BuiltinClassLoader.java:579)
	at java.base/jdk.internal.loader.ClassLoaders$AppClassLoader.loadClass(ClassLoaders.java:178)
	at java.base/java.lang.ClassLoader.loadClass(ClassLoader.java:522)
	at java.base/java.lang.Class.getDeclaringClass0(Native Method)
	at java.base/java.lang.Class.isMemberClass(Class.java:1668)
	at org.junit.runners.model.TestClass.isANonStaticInnerClass(TestClass.java:272)
	at org.junit.runners.BlockJUnit4ClassRunner.validateNoNonStaticInnerClass(BlockJUnit4ClassRunner.java:134)
	at org.junit.runners.BlockJUnit4ClassRunner.collectInitializationErrors(BlockJUnit4ClassRunner.java:126)
	at org.junit.runners.ParentRunner.validate(ParentRunner.java:416)
	at org.junit.runners.ParentRunner.<init>(ParentRunner.java:84)
	at org.junit.runners.BlockJUnit4ClassRunner.<init>(BlockJUnit4ClassRunner.java:65)
	at com.pholser.junit.quickcheck.runner.JUnitQuickcheck.<init>(JUnitQuickcheck.java:73)
	at java.base/jdk.internal.reflect.NativeConstructorAccessorImpl.newInstance0(Native Method)
	at java.base/jdk.internal.reflect.NativeConstructorAccessorImpl.newInstance(NativeConstructorAccessorImpl.java:62)
	at java.base/jdk.internal.reflect.DelegatingConstructorAccessorImpl.newInstance(DelegatingConstructorAccessorImpl.java:45)
	at java.base/java.lang.reflect.Constructor.newInstance(Constructor.java:490)
	at org.junit.internal.builders.AnnotatedBuilder.buildRunner(AnnotatedBuilder.java:104)
	at org.junit.internal.builders.AnnotatedBuilder.runnerForClass(AnnotatedBuilder.java:86)
	at org.junit.runners.model.RunnerBuilder.safeRunnerForClass(RunnerBuilder.java:59)
	at org.junit.internal.builders.AllDefaultPossibilitiesBuilder.runnerForClass(AllDefaultPossibilitiesBuilder.java:26)
	at org.junit.runner.Computer.getRunner(Computer.java:40)
	at org.junit.runner.Computer$1.runnerForClass(Computer.java:31)
	at org.junit.runners.model.RunnerBuilder.safeRunnerForClass(RunnerBuilder.java:59)
	at org.junit.runners.model.RunnerBuilder.runners(RunnerBuilder.java:101)
	at org.junit.runners.model.RunnerBuilder.runners(RunnerBuilder.java:87)
	at org.junit.runners.Suite.<init>(Suite.java:81)
	at org.junit.runner.Computer.getSuite(Computer.java:28)
	at org.junit.runner.Request.classes(Request.java:75)
	at org.apache.maven.surefire.junitcore.JUnitCoreWrapper.createRequestAndRun(JUnitCoreWrapper.java:126)
	at org.apache.maven.surefire.junitcore.JUnitCoreWrapper.executeEager(JUnitCoreWrapper.java:107)
	at org.apache.maven.surefire.junitcore.JUnitCoreWrapper.execute(JUnitCoreWrapper.java:83)
	at org.apache.maven.surefire.junitcore.JUnitCoreWrapper.execute(JUnitCoreWrapper.java:75)
	at org.apache.maven.surefire.junitcore.JUnitCoreProvider.invoke(JUnitCoreProvider.java:161)
	at org.apache.maven.surefire.booter.ForkedBooter.invokeProviderInSameClassLoader(ForkedBooter.java:290)
	at org.apache.maven.surefire.booter.ForkedBooter.runSuitesInProcess(ForkedBooter.java:242)
	at org.apache.maven.surefire.booter.ForkedBooter.main(ForkedBooter.java:121)
Running com.pholser.junit.quickcheck.guava.generator.FunctionPropertyParameterTypesTest$SuperShortToExtendsInteger
WARNING: An illegal reflective access operation has occurred
WARNING: Illegal reflective access by com.pholser.junit.quickcheck.internal.Reflection (file:/Users/yicheng/.m2/repository/com/pholser/junit-quickcheck-core/0.9-SNAPSHOT/junit-quickcheck-core-0.9-SNAPSHOT.jar) to constructor java.lang.invoke.MethodHandles$Lookup(java.lang.Class,int)
WARNING: Please consider reporting this to the maintainers of com.pholser.junit.quickcheck.internal.Reflection
WARNING: Use --illegal-access=warn to enable warnings of further illegal reflective access operations
WARNING: All illegal access operations will be denied in a future release
Tests run: 1, Failures: 0, Errors: 0, Skipped: 0, Time elapsed: 0.104 sec - in com.pholser.junit.quickcheck.guava.generator.FunctionPropertyParameterTypesTest$SuperShortToExtendsInteger

Results :

Tests run: 1, Failures: 0, Errors: 0, Skipped: 0

[INFO] ------------------------------------------------------------------------
[INFO] BUILD SUCCESS
[INFO] ------------------------------------------------------------------------
[INFO] Total time:  1.884 s
[INFO] Finished at: 2022-12-08T18:53:24-06:00
[INFO] ------------------------------------------------------------------------


Executing: com.pholser.junit.quickcheck.guava.generator.FunctionPropertyParameterTypesTest#superShortToInteger - com.pholser.junit.quickcheck.guava.generator.FunctionPropertyParameterTypesTest#arrayOfFunction
polluter: com.pholser.junit.quickcheck.guava.generator.FunctionPropertyParameterTypesTest#superShortToInteger
tests: ['com.pholser.junit.quickcheck.guava.generator.FunctionPropertyParameterTypesTest#arrayOfFunction']

Picked up _JAVA_OPTIONS: -Dapple.awt.UIElement=true
[INFO] Scanning for projects...
[WARNING] 
[WARNING] Some problems were encountered while building the effective model for com.pholser:junit-quickcheck-guava:jar:0.9-SNAPSHOT
[WARNING] 'build.plugins.plugin.version' for org.codehaus.mojo:findbugs-maven-plugin is missing. @ line 89, column 21
[WARNING] 
[WARNING] It is highly recommended to fix these problems because they threaten the stability of your build.
[WARNING] 
[WARNING] For this reason, future Maven versions might no longer support building such malformed projects.
[WARNING] 
[INFO] 
[INFO] -----------------< com.pholser:junit-quickcheck-guava >-----------------
[INFO] Building junit-quickcheck-guava 0.9-SNAPSHOT
[INFO] --------------------------------[ jar ]---------------------------------
[INFO] 
[INFO] --- maven-enforcer-plugin:1.2:enforce (enforce-maven) @ junit-quickcheck-guava ---
[INFO] 
[INFO] --- jacoco-maven-plugin:0.7.6.201602180812:prepare-agent (default-prepare-agent) @ junit-quickcheck-guava ---
[INFO] argLine set to -javaagent:/Users/yicheng/.m2/repository/org/jacoco/org.jacoco.agent/0.7.6.201602180812/org.jacoco.agent-0.7.6.201602180812-runtime.jar=destfile=/Users/yicheng/coursework/527/idoft/projects/junit-quickcheck/guava/target/jacoco.exec
[INFO] 
[INFO] --- maven-resources-plugin:2.6:resources (default-resources) @ junit-quickcheck-guava ---
[INFO] Using 'UTF-8' encoding to copy filtered resources.
[INFO] skip non existing resourceDirectory /Users/yicheng/coursework/527/idoft/projects/junit-quickcheck/guava/src/main/resources
[INFO] 
[INFO] --- maven-compiler-plugin:3.5.1:compile (default-compile) @ junit-quickcheck-guava ---
[INFO] Nothing to compile - all classes are up to date
[INFO] 
[INFO] --- maven-checkstyle-plugin:2.17:check (default) @ junit-quickcheck-guava ---
[INFO] 
[INFO] >>> maven-pmd-plugin:3.6:cpd-check (default) > :cpd @ junit-quickcheck-guava >>>
[INFO] 
[INFO] --- maven-pmd-plugin:3.6:cpd (cpd) @ junit-quickcheck-guava ---
[WARNING] Unable to locate Source XRef to link to - DISABLED
[WARNING] Unable to locate Source XRef to link to - DISABLED
[INFO] 
[INFO] <<< maven-pmd-plugin:3.6:cpd-check (default) < :cpd @ junit-quickcheck-guava <<<
[INFO] 
[INFO] 
[INFO] --- maven-pmd-plugin:3.6:cpd-check (default) @ junit-quickcheck-guava ---
[INFO] 
[INFO] 
[INFO] --- serviceloader-maven-plugin:1.0.7:generate (default) @ junit-quickcheck-guava ---
[INFO] Scanning generated classes for implementations...
[INFO] Generating service file /Users/yicheng/coursework/527/idoft/projects/junit-quickcheck/guava/target/classes/META-INF/services/com.pholser.junit.quickcheck.generator.Generator
[INFO]   + com.pholser.junit.quickcheck.guava.generator.FunctionGenerator
[INFO]   + com.pholser.junit.quickcheck.guava.generator.PredicateGenerator
[INFO]   + com.pholser.junit.quickcheck.guava.generator.OptionalGenerator
[INFO]   + com.pholser.junit.quickcheck.guava.generator.SupplierGenerator
[INFO] 
[INFO] --- maven-resources-plugin:2.6:testResources (default-testResources) @ junit-quickcheck-guava ---
[INFO] Using 'UTF-8' encoding to copy filtered resources.
[INFO] skip non existing resourceDirectory /Users/yicheng/coursework/527/idoft/projects/junit-quickcheck/guava/src/test/resources
[INFO] 
[INFO] --- maven-compiler-plugin:3.5.1:testCompile (default-testCompile) @ junit-quickcheck-guava ---
[INFO] Nothing to compile - all classes are up to date
[INFO] 
[INFO] --- maven-surefire-plugin:2.19.1:test (default-test) @ junit-quickcheck-guava ---

-------------------------------------------------------
 T E S T S
-------------------------------------------------------
Picked up _JAVA_OPTIONS: -Dapple.awt.UIElement=true
[ODET][INFO] ******** Premain Start ********
java.lang.StringIndexOutOfBoundsException: begin 1, end 0, length 1
	at java.base/java.lang.String.checkBoundsBeginEnd(String.java:3319)
	at java.base/java.lang.String.substring(String.java:1874)
	at edu.illinois.odet.agent.detect.visitor.StateResetMV.visitCode(StateResetCV.java:163)
	at edu.illinois.odet.agent.objectweb.asm.tree.MethodNode.accept(MethodNode.java:742)
	at edu.illinois.odet.agent.objectweb.asm.tree.MethodNode.accept(MethodNode.java:649)
	at edu.illinois.odet.agent.objectweb.asm.tree.ClassNode.accept(ClassNode.java:452)
	at edu.illinois.odet.agent.detect.DetectTransformer.transform(DetectTransformer.java:88)
	at java.instrument/java.lang.instrument.ClassFileTransformer.transform(ClassFileTransformer.java:246)
	at java.instrument/sun.instrument.TransformerManager.transform(TransformerManager.java:188)
	at java.instrument/sun.instrument.InstrumentationImpl.transform(InstrumentationImpl.java:563)
	at java.base/java.lang.ClassLoader.defineClass1(Native Method)
	at java.base/java.lang.ClassLoader.defineClass(ClassLoader.java:1017)
	at java.base/java.security.SecureClassLoader.defineClass(SecureClassLoader.java:174)
	at java.base/jdk.internal.loader.BuiltinClassLoader.defineClass(BuiltinClassLoader.java:800)
	at java.base/jdk.internal.loader.BuiltinClassLoader.findClassOnClassPathOrNull(BuiltinClassLoader.java:698)
	at java.base/jdk.internal.loader.BuiltinClassLoader.loadClassOrNull(BuiltinClassLoader.java:621)
	at java.base/jdk.internal.loader.BuiltinClassLoader.loadClass(BuiltinClassLoader.java:579)
	at java.base/jdk.internal.loader.ClassLoaders$AppClassLoader.loadClass(ClassLoaders.java:178)
	at java.base/java.lang.ClassLoader.loadClass(ClassLoader.java:522)
	at org.apache.maven.surefire.util.DefaultScanResult.loadClass(DefaultScanResult.java:131)
	at org.apache.maven.surefire.util.DefaultScanResult.applyFilter(DefaultScanResult.java:96)
	at org.apache.maven.surefire.junitcore.JUnitCoreProvider.scanClassPath(JUnitCoreProvider.java:295)
	at org.apache.maven.surefire.junitcore.JUnitCoreProvider.setTestsToRun(JUnitCoreProvider.java:203)
	at org.apache.maven.surefire.junitcore.JUnitCoreProvider.invoke(JUnitCoreProvider.java:138)
	at org.apache.maven.surefire.booter.ForkedBooter.invokeProviderInSameClassLoader(ForkedBooter.java:290)
	at org.apache.maven.surefire.booter.ForkedBooter.runSuitesInProcess(ForkedBooter.java:242)
	at org.apache.maven.surefire.booter.ForkedBooter.main(ForkedBooter.java:121)
Running com.pholser.junit.quickcheck.guava.generator.FunctionPropertyParameterTypesTest
WARNING: An illegal reflective access operation has occurred
WARNING: Illegal reflective access by com.pholser.junit.quickcheck.internal.Reflection (file:/Users/yicheng/.m2/repository/com/pholser/junit-quickcheck-core/0.9-SNAPSHOT/junit-quickcheck-core-0.9-SNAPSHOT.jar) to constructor java.lang.invoke.MethodHandles$Lookup(java.lang.Class,int)
WARNING: Please consider reporting this to the maintainers of com.pholser.junit.quickcheck.internal.Reflection
WARNING: Use --illegal-access=warn to enable warnings of further illegal reflective access operations
WARNING: All illegal access operations will be denied in a future release
Tests run: 1, Failures: 1, Errors: 0, Skipped: 0, Time elapsed: 0.303 sec <<< FAILURE! - in com.pholser.junit.quickcheck.guava.generator.FunctionPropertyParameterTypesTest
arrayOfFunction(com.pholser.junit.quickcheck.guava.generator.FunctionPropertyParameterTypesTest)  Time elapsed: 0.302 sec  <<< FAILURE!
java.lang.AssertionError: expected:<100> but was:<0>
	at com.pholser.junit.quickcheck.guava.generator.FunctionPropertyParameterTypesTest.arrayOfFunction(FunctionPropertyParameterTypesTest.java:85)


Results :

Failed tests: 
  FunctionPropertyParameterTypesTest.arrayOfFunction:85 expected:<100> but was:<0>

Tests run: 1, Failures: 1, Errors: 0, Skipped: 0

[ERROR] There are test failures.

Please refer to /Users/yicheng/coursework/527/idoft/projects/junit-quickcheck/guava/target/surefire-reports for the individual test results.
[INFO] ------------------------------------------------------------------------
[INFO] BUILD SUCCESS
[INFO] ------------------------------------------------------------------------
[INFO] Total time:  1.915 s
[INFO] Finished at: 2022-12-08T18:53:27-06:00
[INFO] ------------------------------------------------------------------------


==================================================
# Execution Iteration: 3
# Executed Tests: 3
Execution Cost: 9.649704933166504
==================================================
Polluter: com.pholser.junit.quickcheck.guava.generator.FunctionPropertyParameterTypesTest#superShortToInteger
    states
     com/pholser/junit/quickcheck/guava/generator/FunctionPropertyParameterTypesTest$SuperShortToExtendsInteger#iterations#I
      /Users/yicheng/coursework/527/idoft/projects/junit-quickcheck/guava/odet//objects//2.xml
    victims
     ['com.pholser.junit.quickcheck.guava.generator.FunctionPropertyParameterTypesTest#arrayOfFunction']
==================================================
