Start execute:
    com.alibaba.csp.sentinel.TracerTest#testBoth
     {'com.alibaba.csp.sentinel.TracerTest#setExceptionsToTrace', 'com.alibaba.csp.sentinel.TracerTest#testTraceWhenContextSizeExceedsThreshold', 'com.alibaba.csp.sentinel.TracerTest#setExceptionsToIgnore'}
    com.alibaba.csp.sentinel.TracerTest#setExceptionsToTrace
     {'com.alibaba.csp.sentinel.TracerTest#testTraceWhenContextSizeExceedsThreshold', 'com.alibaba.csp.sentinel.TracerTest#testBoth', 'com.alibaba.csp.sentinel.TracerTest#setExceptionsToIgnore'}
    com.alibaba.csp.sentinel.TracerTest#setExceptionsToIgnore
     {'com.alibaba.csp.sentinel.TracerTest#setExceptionsToTrace', 'com.alibaba.csp.sentinel.TracerTest#testBoth', 'com.alibaba.csp.sentinel.TracerTest#testTraceWhenContextSizeExceedsThreshold'}
    com.alibaba.csp.sentinel.TracerTest#setExceptionPredicate
     {'com.alibaba.csp.sentinel.TracerTest#setExceptionsToTrace', 'com.alibaba.csp.sentinel.TracerTest#testBoth', 'com.alibaba.csp.sentinel.TracerTest#testTraceWhenContextSizeExceedsThreshold', 'com.alibaba.csp.sentinel.TracerTest#setExceptionsToIgnore'}
    com.alibaba.csp.sentinel.TracerTest#testTraceWhenContextSizeExceedsThreshold
     {'com.alibaba.csp.sentinel.TracerTest#setExceptionsToTrace', 'com.alibaba.csp.sentinel.TracerTest#testBoth', 'com.alibaba.csp.sentinel.TracerTest#setExceptionsToIgnore'}

Executing: com.alibaba.csp.sentinel.TracerTest#testBoth - com.alibaba.csp.sentinel.TracerTest#setExceptionsToTrace
polluter: com.alibaba.csp.sentinel.TracerTest#testBoth
tests: ['com.alibaba.csp.sentinel.TracerTest#setExceptionsToTrace']

Picked up _JAVA_OPTIONS: -Dapple.awt.UIElement=true
[INFO] Scanning for projects...
[INFO] 
[INFO] -------------------< com.alibaba.csp:sentinel-core >--------------------
[INFO] Building sentinel-core 1.8.1-SNAPSHOT
[INFO] --------------------------------[ jar ]---------------------------------
[INFO] 
[INFO] --- jacoco-maven-plugin:0.8.3:prepare-agent (default) @ sentinel-core ---
[INFO] argLine set to -javaagent:/Users/yicheng/.m2/repository/org/jacoco/org.jacoco.agent/0.8.3/org.jacoco.agent-0.8.3-runtime.jar=destfile=/Users/yicheng/coursework/527/idoft/projects/Sentinel/sentinel-core/target/jacoco.exec
[INFO] 
[INFO] --- maven-resources-plugin:2.6:resources (default-resources) @ sentinel-core ---
[INFO] Using 'UTF-8' encoding to copy filtered resources.
[INFO] Copying 3 resources
[INFO] 
[INFO] --- maven-compiler-plugin:3.8.0:compile (default-compile) @ sentinel-core ---
[INFO] Nothing to compile - all classes are up to date
[INFO] 
[INFO] --- maven-resources-plugin:2.6:testResources (default-testResources) @ sentinel-core ---
[INFO] Using 'UTF-8' encoding to copy filtered resources.
[INFO] skip non existing resourceDirectory /Users/yicheng/coursework/527/idoft/projects/Sentinel/sentinel-core/src/test/resources
[INFO] 
[INFO] --- maven-compiler-plugin:3.8.0:testCompile (default-testCompile) @ sentinel-core ---
[INFO] Nothing to compile - all classes are up to date
[INFO] 
[INFO] --- maven-surefire-plugin:2.12:test (default-test) @ sentinel-core ---
[INFO] Surefire report directory: /Users/yicheng/coursework/527/idoft/projects/Sentinel/sentinel-core/target/surefire-reports

-------------------------------------------------------
 T E S T S
-------------------------------------------------------
Picked up _JAVA_OPTIONS: -Dapple.awt.UIElement=true
[ODET][INFO] ******** Premain Start ********
Running com.alibaba.csp.sentinel.TracerTest
INFO: Sentinel log output type is: file
INFO: Sentinel log charset is: utf-8
INFO: Sentinel log base directory is: /Users/yicheng/logs/csp/
INFO: Sentinel log name use pid is: false
Tests run: 2, Failures: 0, Errors: 0, Skipped: 0, Time elapsed: 0.407 sec

Results :

Tests run: 2, Failures: 0, Errors: 0, Skipped: 0

[INFO] 
[INFO] --- jacoco-maven-plugin:0.8.3:report (report) @ sentinel-core ---
[INFO] Skipping JaCoCo execution due to missing execution data file.
[INFO] ------------------------------------------------------------------------
[INFO] BUILD SUCCESS
[INFO] ------------------------------------------------------------------------
[INFO] Total time:  3.768 s
[INFO] Finished at: 2022-12-08T20:54:17-06:00
[INFO] ------------------------------------------------------------------------


Executing: com.alibaba.csp.sentinel.TracerTest#testBoth - com.alibaba.csp.sentinel.TracerTest#testTraceWhenContextSizeExceedsThreshold
polluter: com.alibaba.csp.sentinel.TracerTest#testBoth
tests: ['com.alibaba.csp.sentinel.TracerTest#testTraceWhenContextSizeExceedsThreshold']

Picked up _JAVA_OPTIONS: -Dapple.awt.UIElement=true
[INFO] Scanning for projects...
[INFO] 
[INFO] -------------------< com.alibaba.csp:sentinel-core >--------------------
[INFO] Building sentinel-core 1.8.1-SNAPSHOT
[INFO] --------------------------------[ jar ]---------------------------------
[INFO] 
[INFO] --- jacoco-maven-plugin:0.8.3:prepare-agent (default) @ sentinel-core ---
[INFO] argLine set to -javaagent:/Users/yicheng/.m2/repository/org/jacoco/org.jacoco.agent/0.8.3/org.jacoco.agent-0.8.3-runtime.jar=destfile=/Users/yicheng/coursework/527/idoft/projects/Sentinel/sentinel-core/target/jacoco.exec
[INFO] 
[INFO] --- maven-resources-plugin:2.6:resources (default-resources) @ sentinel-core ---
[INFO] Using 'UTF-8' encoding to copy filtered resources.
[INFO] Copying 3 resources
[INFO] 
[INFO] --- maven-compiler-plugin:3.8.0:compile (default-compile) @ sentinel-core ---
[INFO] Nothing to compile - all classes are up to date
[INFO] 
[INFO] --- maven-resources-plugin:2.6:testResources (default-testResources) @ sentinel-core ---
[INFO] Using 'UTF-8' encoding to copy filtered resources.
[INFO] skip non existing resourceDirectory /Users/yicheng/coursework/527/idoft/projects/Sentinel/sentinel-core/src/test/resources
[INFO] 
[INFO] --- maven-compiler-plugin:3.8.0:testCompile (default-testCompile) @ sentinel-core ---
[INFO] Nothing to compile - all classes are up to date
[INFO] 
[INFO] --- maven-surefire-plugin:2.12:test (default-test) @ sentinel-core ---
[INFO] Surefire report directory: /Users/yicheng/coursework/527/idoft/projects/Sentinel/sentinel-core/target/surefire-reports

-------------------------------------------------------
 T E S T S
-------------------------------------------------------
Picked up _JAVA_OPTIONS: -Dapple.awt.UIElement=true
[ODET][INFO] ******** Premain Start ********
Running com.alibaba.csp.sentinel.TracerTest
INFO: Sentinel log output type is: file
INFO: Sentinel log charset is: utf-8
INFO: Sentinel log base directory is: /Users/yicheng/logs/csp/
INFO: Sentinel log name use pid is: false
Tests run: 1, Failures: 0, Errors: 0, Skipped: 0, Time elapsed: 0.741 sec

Results :

Tests run: 1, Failures: 0, Errors: 0, Skipped: 0

[INFO] 
[INFO] --- jacoco-maven-plugin:0.8.3:report (report) @ sentinel-core ---
[INFO] Skipping JaCoCo execution due to missing execution data file.
[INFO] ------------------------------------------------------------------------
[INFO] BUILD SUCCESS
[INFO] ------------------------------------------------------------------------
[INFO] Total time:  3.651 s
[INFO] Finished at: 2022-12-08T20:54:22-06:00
[INFO] ------------------------------------------------------------------------


Executing: com.alibaba.csp.sentinel.TracerTest#testBoth - com.alibaba.csp.sentinel.TracerTest#setExceptionsToIgnore
polluter: com.alibaba.csp.sentinel.TracerTest#testBoth
tests: ['com.alibaba.csp.sentinel.TracerTest#setExceptionsToIgnore']

Picked up _JAVA_OPTIONS: -Dapple.awt.UIElement=true
[INFO] Scanning for projects...
[INFO] 
[INFO] -------------------< com.alibaba.csp:sentinel-core >--------------------
[INFO] Building sentinel-core 1.8.1-SNAPSHOT
[INFO] --------------------------------[ jar ]---------------------------------
[INFO] 
[INFO] --- jacoco-maven-plugin:0.8.3:prepare-agent (default) @ sentinel-core ---
[INFO] argLine set to -javaagent:/Users/yicheng/.m2/repository/org/jacoco/org.jacoco.agent/0.8.3/org.jacoco.agent-0.8.3-runtime.jar=destfile=/Users/yicheng/coursework/527/idoft/projects/Sentinel/sentinel-core/target/jacoco.exec
[INFO] 
[INFO] --- maven-resources-plugin:2.6:resources (default-resources) @ sentinel-core ---
[INFO] Using 'UTF-8' encoding to copy filtered resources.
[INFO] Copying 3 resources
[INFO] 
[INFO] --- maven-compiler-plugin:3.8.0:compile (default-compile) @ sentinel-core ---
[INFO] Nothing to compile - all classes are up to date
[INFO] 
[INFO] --- maven-resources-plugin:2.6:testResources (default-testResources) @ sentinel-core ---
[INFO] Using 'UTF-8' encoding to copy filtered resources.
[INFO] skip non existing resourceDirectory /Users/yicheng/coursework/527/idoft/projects/Sentinel/sentinel-core/src/test/resources
[INFO] 
[INFO] --- maven-compiler-plugin:3.8.0:testCompile (default-testCompile) @ sentinel-core ---
[INFO] Nothing to compile - all classes are up to date
[INFO] 
[INFO] --- maven-surefire-plugin:2.12:test (default-test) @ sentinel-core ---
[INFO] Surefire report directory: /Users/yicheng/coursework/527/idoft/projects/Sentinel/sentinel-core/target/surefire-reports

-------------------------------------------------------
 T E S T S
-------------------------------------------------------
Picked up _JAVA_OPTIONS: -Dapple.awt.UIElement=true
[ODET][INFO] ******** Premain Start ********
Running com.alibaba.csp.sentinel.TracerTest
INFO: Sentinel log output type is: file
INFO: Sentinel log charset is: utf-8
INFO: Sentinel log base directory is: /Users/yicheng/logs/csp/
INFO: Sentinel log name use pid is: false
Tests run: 2, Failures: 0, Errors: 0, Skipped: 0, Time elapsed: 0.4 sec

Results :

Tests run: 2, Failures: 0, Errors: 0, Skipped: 0

[INFO] 
[INFO] --- jacoco-maven-plugin:0.8.3:report (report) @ sentinel-core ---
[INFO] Skipping JaCoCo execution due to missing execution data file.
[INFO] ------------------------------------------------------------------------
[INFO] BUILD SUCCESS
[INFO] ------------------------------------------------------------------------
[INFO] Total time:  3.534 s
[INFO] Finished at: 2022-12-08T20:54:27-06:00
[INFO] ------------------------------------------------------------------------


Executing: com.alibaba.csp.sentinel.TracerTest#setExceptionsToTrace - com.alibaba.csp.sentinel.TracerTest#testTraceWhenContextSizeExceedsThreshold
polluter: com.alibaba.csp.sentinel.TracerTest#setExceptionsToTrace
tests: ['com.alibaba.csp.sentinel.TracerTest#testTraceWhenContextSizeExceedsThreshold']

Picked up _JAVA_OPTIONS: -Dapple.awt.UIElement=true
[INFO] Scanning for projects...
[INFO] 
[INFO] -------------------< com.alibaba.csp:sentinel-core >--------------------
[INFO] Building sentinel-core 1.8.1-SNAPSHOT
[INFO] --------------------------------[ jar ]---------------------------------
[INFO] 
[INFO] --- jacoco-maven-plugin:0.8.3:prepare-agent (default) @ sentinel-core ---
[INFO] argLine set to -javaagent:/Users/yicheng/.m2/repository/org/jacoco/org.jacoco.agent/0.8.3/org.jacoco.agent-0.8.3-runtime.jar=destfile=/Users/yicheng/coursework/527/idoft/projects/Sentinel/sentinel-core/target/jacoco.exec
[INFO] 
[INFO] --- maven-resources-plugin:2.6:resources (default-resources) @ sentinel-core ---
[INFO] Using 'UTF-8' encoding to copy filtered resources.
[INFO] Copying 3 resources
[INFO] 
[INFO] --- maven-compiler-plugin:3.8.0:compile (default-compile) @ sentinel-core ---
[INFO] Nothing to compile - all classes are up to date
[INFO] 
[INFO] --- maven-resources-plugin:2.6:testResources (default-testResources) @ sentinel-core ---
[INFO] Using 'UTF-8' encoding to copy filtered resources.
[INFO] skip non existing resourceDirectory /Users/yicheng/coursework/527/idoft/projects/Sentinel/sentinel-core/src/test/resources
[INFO] 
[INFO] --- maven-compiler-plugin:3.8.0:testCompile (default-testCompile) @ sentinel-core ---
[INFO] Nothing to compile - all classes are up to date
[INFO] 
[INFO] --- maven-surefire-plugin:2.12:test (default-test) @ sentinel-core ---
[INFO] Surefire report directory: /Users/yicheng/coursework/527/idoft/projects/Sentinel/sentinel-core/target/surefire-reports

-------------------------------------------------------
 T E S T S
-------------------------------------------------------
Picked up _JAVA_OPTIONS: -Dapple.awt.UIElement=true
[ODET][INFO] ******** Premain Start ********
Running com.alibaba.csp.sentinel.TracerTest
INFO: Sentinel log output type is: file
INFO: Sentinel log charset is: utf-8
INFO: Sentinel log base directory is: /Users/yicheng/logs/csp/
INFO: Sentinel log name use pid is: false
Tests run: 1, Failures: 0, Errors: 0, Skipped: 0, Time elapsed: 0.744 sec

Results :

Tests run: 1, Failures: 0, Errors: 0, Skipped: 0

[INFO] 
[INFO] --- jacoco-maven-plugin:0.8.3:report (report) @ sentinel-core ---
[INFO] Skipping JaCoCo execution due to missing execution data file.
[INFO] ------------------------------------------------------------------------
[INFO] BUILD SUCCESS
[INFO] ------------------------------------------------------------------------
[INFO] Total time:  3.646 s
[INFO] Finished at: 2022-12-08T20:54:33-06:00
[INFO] ------------------------------------------------------------------------


Executing: com.alibaba.csp.sentinel.TracerTest#setExceptionsToTrace - com.alibaba.csp.sentinel.TracerTest#testBoth
polluter: com.alibaba.csp.sentinel.TracerTest#setExceptionsToTrace
tests: ['com.alibaba.csp.sentinel.TracerTest#testBoth']

Picked up _JAVA_OPTIONS: -Dapple.awt.UIElement=true
[INFO] Scanning for projects...
[INFO] 
[INFO] -------------------< com.alibaba.csp:sentinel-core >--------------------
[INFO] Building sentinel-core 1.8.1-SNAPSHOT
[INFO] --------------------------------[ jar ]---------------------------------
[INFO] 
[INFO] --- jacoco-maven-plugin:0.8.3:prepare-agent (default) @ sentinel-core ---
[INFO] argLine set to -javaagent:/Users/yicheng/.m2/repository/org/jacoco/org.jacoco.agent/0.8.3/org.jacoco.agent-0.8.3-runtime.jar=destfile=/Users/yicheng/coursework/527/idoft/projects/Sentinel/sentinel-core/target/jacoco.exec
[INFO] 
[INFO] --- maven-resources-plugin:2.6:resources (default-resources) @ sentinel-core ---
[INFO] Using 'UTF-8' encoding to copy filtered resources.
[INFO] Copying 3 resources
[INFO] 
[INFO] --- maven-compiler-plugin:3.8.0:compile (default-compile) @ sentinel-core ---
[INFO] Nothing to compile - all classes are up to date
[INFO] 
[INFO] --- maven-resources-plugin:2.6:testResources (default-testResources) @ sentinel-core ---
[INFO] Using 'UTF-8' encoding to copy filtered resources.
[INFO] skip non existing resourceDirectory /Users/yicheng/coursework/527/idoft/projects/Sentinel/sentinel-core/src/test/resources
[INFO] 
[INFO] --- maven-compiler-plugin:3.8.0:testCompile (default-testCompile) @ sentinel-core ---
[INFO] Nothing to compile - all classes are up to date
[INFO] 
[INFO] --- maven-surefire-plugin:2.12:test (default-test) @ sentinel-core ---
[INFO] Surefire report directory: /Users/yicheng/coursework/527/idoft/projects/Sentinel/sentinel-core/target/surefire-reports

-------------------------------------------------------
 T E S T S
-------------------------------------------------------
Picked up _JAVA_OPTIONS: -Dapple.awt.UIElement=true
[ODET][INFO] ******** Premain Start ********
Running com.alibaba.csp.sentinel.TracerTest
INFO: Sentinel log output type is: file
INFO: Sentinel log charset is: utf-8
INFO: Sentinel log base directory is: /Users/yicheng/logs/csp/
INFO: Sentinel log name use pid is: false
Tests run: 1, Failures: 0, Errors: 0, Skipped: 0, Time elapsed: 0.395 sec

Results :

Tests run: 1, Failures: 0, Errors: 0, Skipped: 0

[INFO] 
[INFO] --- jacoco-maven-plugin:0.8.3:report (report) @ sentinel-core ---
[INFO] Skipping JaCoCo execution due to missing execution data file.
[INFO] ------------------------------------------------------------------------
[INFO] BUILD SUCCESS
[INFO] ------------------------------------------------------------------------
[INFO] Total time:  3.331 s
[INFO] Finished at: 2022-12-08T20:54:38-06:00
[INFO] ------------------------------------------------------------------------


Executing: com.alibaba.csp.sentinel.TracerTest#setExceptionsToTrace - com.alibaba.csp.sentinel.TracerTest#setExceptionsToIgnore
polluter: com.alibaba.csp.sentinel.TracerTest#setExceptionsToTrace
tests: ['com.alibaba.csp.sentinel.TracerTest#setExceptionsToIgnore']

Picked up _JAVA_OPTIONS: -Dapple.awt.UIElement=true
[INFO] Scanning for projects...
[INFO] 
[INFO] -------------------< com.alibaba.csp:sentinel-core >--------------------
[INFO] Building sentinel-core 1.8.1-SNAPSHOT
[INFO] --------------------------------[ jar ]---------------------------------
[INFO] 
[INFO] --- jacoco-maven-plugin:0.8.3:prepare-agent (default) @ sentinel-core ---
[INFO] argLine set to -javaagent:/Users/yicheng/.m2/repository/org/jacoco/org.jacoco.agent/0.8.3/org.jacoco.agent-0.8.3-runtime.jar=destfile=/Users/yicheng/coursework/527/idoft/projects/Sentinel/sentinel-core/target/jacoco.exec
[INFO] 
[INFO] --- maven-resources-plugin:2.6:resources (default-resources) @ sentinel-core ---
[INFO] Using 'UTF-8' encoding to copy filtered resources.
[INFO] Copying 3 resources
[INFO] 
[INFO] --- maven-compiler-plugin:3.8.0:compile (default-compile) @ sentinel-core ---
[INFO] Nothing to compile - all classes are up to date
[INFO] 
[INFO] --- maven-resources-plugin:2.6:testResources (default-testResources) @ sentinel-core ---
[INFO] Using 'UTF-8' encoding to copy filtered resources.
[INFO] skip non existing resourceDirectory /Users/yicheng/coursework/527/idoft/projects/Sentinel/sentinel-core/src/test/resources
[INFO] 
[INFO] --- maven-compiler-plugin:3.8.0:testCompile (default-testCompile) @ sentinel-core ---
[INFO] Nothing to compile - all classes are up to date
[INFO] 
[INFO] --- maven-surefire-plugin:2.12:test (default-test) @ sentinel-core ---
[INFO] Surefire report directory: /Users/yicheng/coursework/527/idoft/projects/Sentinel/sentinel-core/target/surefire-reports

-------------------------------------------------------
 T E S T S
-------------------------------------------------------
Picked up _JAVA_OPTIONS: -Dapple.awt.UIElement=true
[ODET][INFO] ******** Premain Start ********
Running com.alibaba.csp.sentinel.TracerTest
INFO: Sentinel log output type is: file
INFO: Sentinel log charset is: utf-8
INFO: Sentinel log base directory is: /Users/yicheng/logs/csp/
INFO: Sentinel log name use pid is: false
Tests run: 2, Failures: 0, Errors: 0, Skipped: 0, Time elapsed: 0.397 sec

Results :

Tests run: 2, Failures: 0, Errors: 0, Skipped: 0

[INFO] 
[INFO] --- jacoco-maven-plugin:0.8.3:report (report) @ sentinel-core ---
[INFO] Skipping JaCoCo execution due to missing execution data file.
[INFO] ------------------------------------------------------------------------
[INFO] BUILD SUCCESS
[INFO] ------------------------------------------------------------------------
[INFO] Total time:  3.377 s
[INFO] Finished at: 2022-12-08T20:54:42-06:00
[INFO] ------------------------------------------------------------------------


Executing: com.alibaba.csp.sentinel.TracerTest#setExceptionsToIgnore - com.alibaba.csp.sentinel.TracerTest#setExceptionsToTrace
polluter: com.alibaba.csp.sentinel.TracerTest#setExceptionsToIgnore
tests: ['com.alibaba.csp.sentinel.TracerTest#setExceptionsToTrace']

Picked up _JAVA_OPTIONS: -Dapple.awt.UIElement=true
[INFO] Scanning for projects...
[INFO] 
[INFO] -------------------< com.alibaba.csp:sentinel-core >--------------------
[INFO] Building sentinel-core 1.8.1-SNAPSHOT
[INFO] --------------------------------[ jar ]---------------------------------
[INFO] 
[INFO] --- jacoco-maven-plugin:0.8.3:prepare-agent (default) @ sentinel-core ---
[INFO] argLine set to -javaagent:/Users/yicheng/.m2/repository/org/jacoco/org.jacoco.agent/0.8.3/org.jacoco.agent-0.8.3-runtime.jar=destfile=/Users/yicheng/coursework/527/idoft/projects/Sentinel/sentinel-core/target/jacoco.exec
[INFO] 
[INFO] --- maven-resources-plugin:2.6:resources (default-resources) @ sentinel-core ---
[INFO] Using 'UTF-8' encoding to copy filtered resources.
[INFO] Copying 3 resources
[INFO] 
[INFO] --- maven-compiler-plugin:3.8.0:compile (default-compile) @ sentinel-core ---
[INFO] Nothing to compile - all classes are up to date
[INFO] 
[INFO] --- maven-resources-plugin:2.6:testResources (default-testResources) @ sentinel-core ---
[INFO] Using 'UTF-8' encoding to copy filtered resources.
[INFO] skip non existing resourceDirectory /Users/yicheng/coursework/527/idoft/projects/Sentinel/sentinel-core/src/test/resources
[INFO] 
[INFO] --- maven-compiler-plugin:3.8.0:testCompile (default-testCompile) @ sentinel-core ---
[INFO] Nothing to compile - all classes are up to date
[INFO] 
[INFO] --- maven-surefire-plugin:2.12:test (default-test) @ sentinel-core ---
[INFO] Surefire report directory: /Users/yicheng/coursework/527/idoft/projects/Sentinel/sentinel-core/target/surefire-reports

-------------------------------------------------------
 T E S T S
-------------------------------------------------------
Picked up _JAVA_OPTIONS: -Dapple.awt.UIElement=true
[ODET][INFO] ******** Premain Start ********
Running com.alibaba.csp.sentinel.TracerTest
INFO: Sentinel log output type is: file
INFO: Sentinel log charset is: utf-8
INFO: Sentinel log base directory is: /Users/yicheng/logs/csp/
INFO: Sentinel log name use pid is: false
Tests run: 2, Failures: 0, Errors: 0, Skipped: 0, Time elapsed: 0.405 sec

Results :

Tests run: 2, Failures: 0, Errors: 0, Skipped: 0

[INFO] 
[INFO] --- jacoco-maven-plugin:0.8.3:report (report) @ sentinel-core ---
[INFO] Skipping JaCoCo execution due to missing execution data file.
[INFO] ------------------------------------------------------------------------
[INFO] BUILD SUCCESS
[INFO] ------------------------------------------------------------------------
[INFO] Total time:  3.391 s
[INFO] Finished at: 2022-12-08T20:54:48-06:00
[INFO] ------------------------------------------------------------------------


Executing: com.alibaba.csp.sentinel.TracerTest#setExceptionsToIgnore - com.alibaba.csp.sentinel.TracerTest#testBoth
polluter: com.alibaba.csp.sentinel.TracerTest#setExceptionsToIgnore
tests: ['com.alibaba.csp.sentinel.TracerTest#testBoth']

Picked up _JAVA_OPTIONS: -Dapple.awt.UIElement=true
[INFO] Scanning for projects...
[INFO] 
[INFO] -------------------< com.alibaba.csp:sentinel-core >--------------------
[INFO] Building sentinel-core 1.8.1-SNAPSHOT
[INFO] --------------------------------[ jar ]---------------------------------
[INFO] 
[INFO] --- jacoco-maven-plugin:0.8.3:prepare-agent (default) @ sentinel-core ---
[INFO] argLine set to -javaagent:/Users/yicheng/.m2/repository/org/jacoco/org.jacoco.agent/0.8.3/org.jacoco.agent-0.8.3-runtime.jar=destfile=/Users/yicheng/coursework/527/idoft/projects/Sentinel/sentinel-core/target/jacoco.exec
[INFO] 
[INFO] --- maven-resources-plugin:2.6:resources (default-resources) @ sentinel-core ---
[INFO] Using 'UTF-8' encoding to copy filtered resources.
[INFO] Copying 3 resources
[INFO] 
[INFO] --- maven-compiler-plugin:3.8.0:compile (default-compile) @ sentinel-core ---
[INFO] Nothing to compile - all classes are up to date
[INFO] 
[INFO] --- maven-resources-plugin:2.6:testResources (default-testResources) @ sentinel-core ---
[INFO] Using 'UTF-8' encoding to copy filtered resources.
[INFO] skip non existing resourceDirectory /Users/yicheng/coursework/527/idoft/projects/Sentinel/sentinel-core/src/test/resources
[INFO] 
[INFO] --- maven-compiler-plugin:3.8.0:testCompile (default-testCompile) @ sentinel-core ---
[INFO] Nothing to compile - all classes are up to date
[INFO] 
[INFO] --- maven-surefire-plugin:2.12:test (default-test) @ sentinel-core ---
[INFO] Surefire report directory: /Users/yicheng/coursework/527/idoft/projects/Sentinel/sentinel-core/target/surefire-reports

-------------------------------------------------------
 T E S T S
-------------------------------------------------------
Picked up _JAVA_OPTIONS: -Dapple.awt.UIElement=true
[ODET][INFO] ******** Premain Start ********
Running com.alibaba.csp.sentinel.TracerTest
INFO: Sentinel log output type is: file
INFO: Sentinel log charset is: utf-8
INFO: Sentinel log base directory is: /Users/yicheng/logs/csp/
INFO: Sentinel log name use pid is: false
Tests run: 1, Failures: 0, Errors: 0, Skipped: 0, Time elapsed: 0.397 sec

Results :

Tests run: 1, Failures: 0, Errors: 0, Skipped: 0

[INFO] 
[INFO] --- jacoco-maven-plugin:0.8.3:report (report) @ sentinel-core ---
[INFO] Skipping JaCoCo execution due to missing execution data file.
[INFO] ------------------------------------------------------------------------
[INFO] BUILD SUCCESS
[INFO] ------------------------------------------------------------------------
[INFO] Total time:  3.252 s
[INFO] Finished at: 2022-12-08T20:54:52-06:00
[INFO] ------------------------------------------------------------------------


Executing: com.alibaba.csp.sentinel.TracerTest#setExceptionsToIgnore - com.alibaba.csp.sentinel.TracerTest#testTraceWhenContextSizeExceedsThreshold
polluter: com.alibaba.csp.sentinel.TracerTest#setExceptionsToIgnore
tests: ['com.alibaba.csp.sentinel.TracerTest#testTraceWhenContextSizeExceedsThreshold']

Picked up _JAVA_OPTIONS: -Dapple.awt.UIElement=true
[INFO] Scanning for projects...
[INFO] 
[INFO] -------------------< com.alibaba.csp:sentinel-core >--------------------
[INFO] Building sentinel-core 1.8.1-SNAPSHOT
[INFO] --------------------------------[ jar ]---------------------------------
[INFO] 
[INFO] --- jacoco-maven-plugin:0.8.3:prepare-agent (default) @ sentinel-core ---
[INFO] argLine set to -javaagent:/Users/yicheng/.m2/repository/org/jacoco/org.jacoco.agent/0.8.3/org.jacoco.agent-0.8.3-runtime.jar=destfile=/Users/yicheng/coursework/527/idoft/projects/Sentinel/sentinel-core/target/jacoco.exec
[INFO] 
[INFO] --- maven-resources-plugin:2.6:resources (default-resources) @ sentinel-core ---
[INFO] Using 'UTF-8' encoding to copy filtered resources.
[INFO] Copying 3 resources
[INFO] 
[INFO] --- maven-compiler-plugin:3.8.0:compile (default-compile) @ sentinel-core ---
[INFO] Nothing to compile - all classes are up to date
[INFO] 
[INFO] --- maven-resources-plugin:2.6:testResources (default-testResources) @ sentinel-core ---
[INFO] Using 'UTF-8' encoding to copy filtered resources.
[INFO] skip non existing resourceDirectory /Users/yicheng/coursework/527/idoft/projects/Sentinel/sentinel-core/src/test/resources
[INFO] 
[INFO] --- maven-compiler-plugin:3.8.0:testCompile (default-testCompile) @ sentinel-core ---
[INFO] Nothing to compile - all classes are up to date
[INFO] 
[INFO] --- maven-surefire-plugin:2.12:test (default-test) @ sentinel-core ---
[INFO] Surefire report directory: /Users/yicheng/coursework/527/idoft/projects/Sentinel/sentinel-core/target/surefire-reports

-------------------------------------------------------
 T E S T S
-------------------------------------------------------
Picked up _JAVA_OPTIONS: -Dapple.awt.UIElement=true
[ODET][INFO] ******** Premain Start ********
Running com.alibaba.csp.sentinel.TracerTest
INFO: Sentinel log output type is: file
INFO: Sentinel log charset is: utf-8
INFO: Sentinel log base directory is: /Users/yicheng/logs/csp/
INFO: Sentinel log name use pid is: false
Tests run: 1, Failures: 0, Errors: 0, Skipped: 0, Time elapsed: 0.75 sec

Results :

Tests run: 1, Failures: 0, Errors: 0, Skipped: 0

[INFO] 
[INFO] --- jacoco-maven-plugin:0.8.3:report (report) @ sentinel-core ---
[INFO] Skipping JaCoCo execution due to missing execution data file.
[INFO] ------------------------------------------------------------------------
[INFO] BUILD SUCCESS
[INFO] ------------------------------------------------------------------------
[INFO] Total time:  3.659 s
[INFO] Finished at: 2022-12-08T20:54:58-06:00
[INFO] ------------------------------------------------------------------------


Executing: com.alibaba.csp.sentinel.TracerTest#setExceptionPredicate - com.alibaba.csp.sentinel.TracerTest#setExceptionsToTrace
polluter: com.alibaba.csp.sentinel.TracerTest#setExceptionPredicate
tests: ['com.alibaba.csp.sentinel.TracerTest#setExceptionsToTrace']

Picked up _JAVA_OPTIONS: -Dapple.awt.UIElement=true
[INFO] Scanning for projects...
[INFO] 
[INFO] -------------------< com.alibaba.csp:sentinel-core >--------------------
[INFO] Building sentinel-core 1.8.1-SNAPSHOT
[INFO] --------------------------------[ jar ]---------------------------------
[INFO] 
[INFO] --- jacoco-maven-plugin:0.8.3:prepare-agent (default) @ sentinel-core ---
[INFO] argLine set to -javaagent:/Users/yicheng/.m2/repository/org/jacoco/org.jacoco.agent/0.8.3/org.jacoco.agent-0.8.3-runtime.jar=destfile=/Users/yicheng/coursework/527/idoft/projects/Sentinel/sentinel-core/target/jacoco.exec
[INFO] 
[INFO] --- maven-resources-plugin:2.6:resources (default-resources) @ sentinel-core ---
[INFO] Using 'UTF-8' encoding to copy filtered resources.
[INFO] Copying 3 resources
[INFO] 
[INFO] --- maven-compiler-plugin:3.8.0:compile (default-compile) @ sentinel-core ---
[INFO] Nothing to compile - all classes are up to date
[INFO] 
[INFO] --- maven-resources-plugin:2.6:testResources (default-testResources) @ sentinel-core ---
[INFO] Using 'UTF-8' encoding to copy filtered resources.
[INFO] skip non existing resourceDirectory /Users/yicheng/coursework/527/idoft/projects/Sentinel/sentinel-core/src/test/resources
[INFO] 
[INFO] --- maven-compiler-plugin:3.8.0:testCompile (default-testCompile) @ sentinel-core ---
[INFO] Nothing to compile - all classes are up to date
[INFO] 
[INFO] --- maven-surefire-plugin:2.12:test (default-test) @ sentinel-core ---
[INFO] Surefire report directory: /Users/yicheng/coursework/527/idoft/projects/Sentinel/sentinel-core/target/surefire-reports

-------------------------------------------------------
 T E S T S
-------------------------------------------------------
Picked up _JAVA_OPTIONS: -Dapple.awt.UIElement=true
[ODET][INFO] ******** Premain Start ********
Running com.alibaba.csp.sentinel.TracerTest
INFO: Sentinel log output type is: file
INFO: Sentinel log charset is: utf-8
INFO: Sentinel log base directory is: /Users/yicheng/logs/csp/
INFO: Sentinel log name use pid is: false
Tests run: 2, Failures: 2, Errors: 0, Skipped: 0, Time elapsed: 0.398 sec <<< FAILURE!
setExceptionsToTrace(com.alibaba.csp.sentinel.TracerTest)  Time elapsed: 0.316 sec  <<< FAILURE!
java.lang.AssertionError
	at org.junit.Assert.fail(Assert.java:86)
	at org.junit.Assert.assertTrue(Assert.java:41)
	at org.junit.Assert.assertTrue(Assert.java:52)
	at com.alibaba.csp.sentinel.TracerTest.setExceptionsToTrace(TracerTest.java:51)
	at sun.reflect.NativeMethodAccessorImpl.invoke0(Native Method)
	at sun.reflect.NativeMethodAccessorImpl.invoke(NativeMethodAccessorImpl.java:62)
	at sun.reflect.DelegatingMethodAccessorImpl.invoke(DelegatingMethodAccessorImpl.java:43)
	at java.lang.reflect.Method.invoke(Method.java:498)
	at org.junit.runners.model.FrameworkMethod$1.runReflectiveCall(FrameworkMethod.java:50)
	at org.junit.internal.runners.model.ReflectiveCallable.run(ReflectiveCallable.java:12)
	at org.junit.runners.model.FrameworkMethod.invokeExplosively(FrameworkMethod.java:47)
	at org.junit.internal.runners.statements.InvokeMethod.evaluate(InvokeMethod.java:17)
	at org.junit.internal.runners.statements.RunBefores.evaluate(RunBefores.java:26)
	at org.junit.internal.runners.statements.RunAfters.evaluate(RunAfters.java:27)
	at org.junit.runners.ParentRunner.runLeaf(ParentRunner.java:325)
	at org.junit.runners.BlockJUnit4ClassRunner.runChild(BlockJUnit4ClassRunner.java:78)
	at org.junit.runners.BlockJUnit4ClassRunner.runChild(BlockJUnit4ClassRunner.java:57)
	at org.junit.runners.ParentRunner$3.run(ParentRunner.java:290)
	at org.junit.runners.ParentRunner$1.schedule(ParentRunner.java:71)
	at org.junit.runners.ParentRunner.runChildren(ParentRunner.java:288)
	at org.junit.runners.ParentRunner.access$000(ParentRunner.java:58)
	at org.junit.runners.ParentRunner$2.evaluate(ParentRunner.java:268)
	at org.junit.runners.ParentRunner.run(ParentRunner.java:363)
	at org.apache.maven.surefire.junit4.JUnit4Provider.execute(JUnit4Provider.java:228)
	at org.apache.maven.surefire.junit4.JUnit4Provider.executeTestSet(JUnit4Provider.java:134)
	at org.apache.maven.surefire.junit4.JUnit4Provider.invoke(JUnit4Provider.java:113)
	at sun.reflect.NativeMethodAccessorImpl.invoke0(Native Method)
	at sun.reflect.NativeMethodAccessorImpl.invoke(NativeMethodAccessorImpl.java:62)
	at sun.reflect.DelegatingMethodAccessorImpl.invoke(DelegatingMethodAccessorImpl.java:43)
	at java.lang.reflect.Method.invoke(Method.java:498)
	at org.apache.maven.surefire.util.ReflectionUtils.invokeMethodWithArray(ReflectionUtils.java:189)
	at org.apache.maven.surefire.booter.ProviderFactory$ProviderProxy.invoke(ProviderFactory.java:165)
	at org.apache.maven.surefire.booter.ProviderFactory.invokeProvider(ProviderFactory.java:85)
	at org.apache.maven.surefire.booter.ForkedBooter.runSuitesInProcess(ForkedBooter.java:103)
	at org.apache.maven.surefire.booter.ForkedBooter.main(ForkedBooter.java:74)
setExceptionsToTrace(com.alibaba.csp.sentinel.TracerTest)  Time elapsed: 0 sec  <<< FAILURE!
java.lang.AssertionError
	at org.junit.Assert.fail(Assert.java:86)
	at org.junit.Assert.assertTrue(Assert.java:41)
	at org.junit.Assert.assertTrue(Assert.java:52)
	at com.alibaba.csp.sentinel.TracerTest.setExceptionsToTrace(TracerTest.java:51)
	at sun.reflect.NativeMethodAccessorImpl.invoke0(Native Method)
	at sun.reflect.NativeMethodAccessorImpl.invoke(NativeMethodAccessorImpl.java:62)
	at sun.reflect.DelegatingMethodAccessorImpl.invoke(DelegatingMethodAccessorImpl.java:43)
	at java.lang.reflect.Method.invoke(Method.java:498)
	at org.junit.runners.model.FrameworkMethod$1.runReflectiveCall(FrameworkMethod.java:50)
	at org.junit.internal.runners.model.ReflectiveCallable.run(ReflectiveCallable.java:12)
	at org.junit.runners.model.FrameworkMethod.invokeExplosively(FrameworkMethod.java:47)
	at org.junit.internal.runners.statements.InvokeMethod.evaluate(InvokeMethod.java:17)
	at org.junit.internal.runners.statements.RunBefores.evaluate(RunBefores.java:26)
	at org.junit.internal.runners.statements.RunAfters.evaluate(RunAfters.java:27)
	at org.junit.runners.ParentRunner.runLeaf(ParentRunner.java:325)
	at org.junit.runners.BlockJUnit4ClassRunner.runChild(BlockJUnit4ClassRunner.java:78)
	at org.junit.runners.BlockJUnit4ClassRunner.runChild(BlockJUnit4ClassRunner.java:57)
	at org.junit.runners.ParentRunner$3.run(ParentRunner.java:290)
	at org.junit.runners.ParentRunner$1.schedule(ParentRunner.java:71)
	at org.junit.runners.ParentRunner.runChildren(ParentRunner.java:288)
	at org.junit.runners.ParentRunner.access$000(ParentRunner.java:58)
	at org.junit.runners.ParentRunner$2.evaluate(ParentRunner.java:268)
	at org.junit.runners.ParentRunner.run(ParentRunner.java:363)
	at org.apache.maven.surefire.junit4.JUnit4Provider.execute(JUnit4Provider.java:228)
	at org.apache.maven.surefire.junit4.JUnit4Provider.executeTestSet(JUnit4Provider.java:134)
	at org.apache.maven.surefire.junit4.JUnit4Provider.invoke(JUnit4Provider.java:113)
	at sun.reflect.NativeMethodAccessorImpl.invoke0(Native Method)
	at sun.reflect.NativeMethodAccessorImpl.invoke(NativeMethodAccessorImpl.java:62)
	at sun.reflect.DelegatingMethodAccessorImpl.invoke(DelegatingMethodAccessorImpl.java:43)
	at java.lang.reflect.Method.invoke(Method.java:498)
	at org.apache.maven.surefire.util.ReflectionUtils.invokeMethodWithArray(ReflectionUtils.java:189)
	at org.apache.maven.surefire.booter.ProviderFactory$ProviderProxy.invoke(ProviderFactory.java:165)
	at org.apache.maven.surefire.booter.ProviderFactory.invokeProvider(ProviderFactory.java:85)
	at org.apache.maven.surefire.booter.ForkedBooter.runSuitesInProcess(ForkedBooter.java:103)
	at org.apache.maven.surefire.booter.ForkedBooter.main(ForkedBooter.java:74)

Results :

Failed tests:   setExceptionsToTrace(com.alibaba.csp.sentinel.TracerTest)
  setExceptionsToTrace(com.alibaba.csp.sentinel.TracerTest)

Tests run: 2, Failures: 2, Errors: 0, Skipped: 0

[ERROR] There are test failures.

Please refer to /Users/yicheng/coursework/527/idoft/projects/Sentinel/sentinel-core/target/surefire-reports for the individual test results.
[INFO] 
[INFO] --- jacoco-maven-plugin:0.8.3:report (report) @ sentinel-core ---
[INFO] Skipping JaCoCo execution due to missing execution data file.
[INFO] ------------------------------------------------------------------------
[INFO] BUILD SUCCESS
[INFO] ------------------------------------------------------------------------
[INFO] Total time:  3.361 s
[INFO] Finished at: 2022-12-08T20:55:03-06:00
[INFO] ------------------------------------------------------------------------


Executing: com.alibaba.csp.sentinel.TracerTest#setExceptionPredicate - com.alibaba.csp.sentinel.TracerTest#testBoth
polluter: com.alibaba.csp.sentinel.TracerTest#setExceptionPredicate
tests: ['com.alibaba.csp.sentinel.TracerTest#testBoth']

Picked up _JAVA_OPTIONS: -Dapple.awt.UIElement=true
[INFO] Scanning for projects...
[INFO] 
[INFO] -------------------< com.alibaba.csp:sentinel-core >--------------------
[INFO] Building sentinel-core 1.8.1-SNAPSHOT
[INFO] --------------------------------[ jar ]---------------------------------
[INFO] 
[INFO] --- jacoco-maven-plugin:0.8.3:prepare-agent (default) @ sentinel-core ---
[INFO] argLine set to -javaagent:/Users/yicheng/.m2/repository/org/jacoco/org.jacoco.agent/0.8.3/org.jacoco.agent-0.8.3-runtime.jar=destfile=/Users/yicheng/coursework/527/idoft/projects/Sentinel/sentinel-core/target/jacoco.exec
[INFO] 
[INFO] --- maven-resources-plugin:2.6:resources (default-resources) @ sentinel-core ---
[INFO] Using 'UTF-8' encoding to copy filtered resources.
[INFO] Copying 3 resources
[INFO] 
[INFO] --- maven-compiler-plugin:3.8.0:compile (default-compile) @ sentinel-core ---
[INFO] Nothing to compile - all classes are up to date
[INFO] 
[INFO] --- maven-resources-plugin:2.6:testResources (default-testResources) @ sentinel-core ---
[INFO] Using 'UTF-8' encoding to copy filtered resources.
[INFO] skip non existing resourceDirectory /Users/yicheng/coursework/527/idoft/projects/Sentinel/sentinel-core/src/test/resources
[INFO] 
[INFO] --- maven-compiler-plugin:3.8.0:testCompile (default-testCompile) @ sentinel-core ---
[INFO] Nothing to compile - all classes are up to date
[INFO] 
[INFO] --- maven-surefire-plugin:2.12:test (default-test) @ sentinel-core ---
[INFO] Surefire report directory: /Users/yicheng/coursework/527/idoft/projects/Sentinel/sentinel-core/target/surefire-reports

-------------------------------------------------------
 T E S T S
-------------------------------------------------------
Picked up _JAVA_OPTIONS: -Dapple.awt.UIElement=true
[ODET][INFO] ******** Premain Start ********
Running com.alibaba.csp.sentinel.TracerTest
INFO: Sentinel log output type is: file
INFO: Sentinel log charset is: utf-8
INFO: Sentinel log base directory is: /Users/yicheng/logs/csp/
INFO: Sentinel log name use pid is: false
Tests run: 1, Failures: 0, Errors: 0, Skipped: 0, Time elapsed: 0.394 sec

Results :

Tests run: 1, Failures: 0, Errors: 0, Skipped: 0

[INFO] 
[INFO] --- jacoco-maven-plugin:0.8.3:report (report) @ sentinel-core ---
[INFO] Skipping JaCoCo execution due to missing execution data file.
[INFO] ------------------------------------------------------------------------
[INFO] BUILD SUCCESS
[INFO] ------------------------------------------------------------------------
[INFO] Total time:  3.245 s
[INFO] Finished at: 2022-12-08T20:55:08-06:00
[INFO] ------------------------------------------------------------------------


Executing: com.alibaba.csp.sentinel.TracerTest#setExceptionPredicate - com.alibaba.csp.sentinel.TracerTest#testTraceWhenContextSizeExceedsThreshold
polluter: com.alibaba.csp.sentinel.TracerTest#setExceptionPredicate
tests: ['com.alibaba.csp.sentinel.TracerTest#testTraceWhenContextSizeExceedsThreshold']

Picked up _JAVA_OPTIONS: -Dapple.awt.UIElement=true
[INFO] Scanning for projects...
[INFO] 
[INFO] -------------------< com.alibaba.csp:sentinel-core >--------------------
[INFO] Building sentinel-core 1.8.1-SNAPSHOT
[INFO] --------------------------------[ jar ]---------------------------------
[INFO] 
[INFO] --- jacoco-maven-plugin:0.8.3:prepare-agent (default) @ sentinel-core ---
[INFO] argLine set to -javaagent:/Users/yicheng/.m2/repository/org/jacoco/org.jacoco.agent/0.8.3/org.jacoco.agent-0.8.3-runtime.jar=destfile=/Users/yicheng/coursework/527/idoft/projects/Sentinel/sentinel-core/target/jacoco.exec
[INFO] 
[INFO] --- maven-resources-plugin:2.6:resources (default-resources) @ sentinel-core ---
[INFO] Using 'UTF-8' encoding to copy filtered resources.
[INFO] Copying 3 resources
[INFO] 
[INFO] --- maven-compiler-plugin:3.8.0:compile (default-compile) @ sentinel-core ---
[INFO] Nothing to compile - all classes are up to date
[INFO] 
[INFO] --- maven-resources-plugin:2.6:testResources (default-testResources) @ sentinel-core ---
[INFO] Using 'UTF-8' encoding to copy filtered resources.
[INFO] skip non existing resourceDirectory /Users/yicheng/coursework/527/idoft/projects/Sentinel/sentinel-core/src/test/resources
[INFO] 
[INFO] --- maven-compiler-plugin:3.8.0:testCompile (default-testCompile) @ sentinel-core ---
[INFO] Nothing to compile - all classes are up to date
[INFO] 
[INFO] --- maven-surefire-plugin:2.12:test (default-test) @ sentinel-core ---
[INFO] Surefire report directory: /Users/yicheng/coursework/527/idoft/projects/Sentinel/sentinel-core/target/surefire-reports

-------------------------------------------------------
 T E S T S
-------------------------------------------------------
Picked up _JAVA_OPTIONS: -Dapple.awt.UIElement=true
[ODET][INFO] ******** Premain Start ********
Running com.alibaba.csp.sentinel.TracerTest
INFO: Sentinel log output type is: file
INFO: Sentinel log charset is: utf-8
INFO: Sentinel log base directory is: /Users/yicheng/logs/csp/
INFO: Sentinel log name use pid is: false
Tests run: 1, Failures: 0, Errors: 0, Skipped: 0, Time elapsed: 0.725 sec

Results :

Tests run: 1, Failures: 0, Errors: 0, Skipped: 0

[INFO] 
[INFO] --- jacoco-maven-plugin:0.8.3:report (report) @ sentinel-core ---
[INFO] Skipping JaCoCo execution due to missing execution data file.
[INFO] ------------------------------------------------------------------------
[INFO] BUILD SUCCESS
[INFO] ------------------------------------------------------------------------
[INFO] Total time:  3.683 s
[INFO] Finished at: 2022-12-08T20:55:13-06:00
[INFO] ------------------------------------------------------------------------


Executing: com.alibaba.csp.sentinel.TracerTest#setExceptionPredicate - com.alibaba.csp.sentinel.TracerTest#setExceptionsToIgnore
polluter: com.alibaba.csp.sentinel.TracerTest#setExceptionPredicate
tests: ['com.alibaba.csp.sentinel.TracerTest#setExceptionsToIgnore']

Picked up _JAVA_OPTIONS: -Dapple.awt.UIElement=true
[INFO] Scanning for projects...
[INFO] 
[INFO] -------------------< com.alibaba.csp:sentinel-core >--------------------
[INFO] Building sentinel-core 1.8.1-SNAPSHOT
[INFO] --------------------------------[ jar ]---------------------------------
[INFO] 
[INFO] --- jacoco-maven-plugin:0.8.3:prepare-agent (default) @ sentinel-core ---
[INFO] argLine set to -javaagent:/Users/yicheng/.m2/repository/org/jacoco/org.jacoco.agent/0.8.3/org.jacoco.agent-0.8.3-runtime.jar=destfile=/Users/yicheng/coursework/527/idoft/projects/Sentinel/sentinel-core/target/jacoco.exec
[INFO] 
[INFO] --- maven-resources-plugin:2.6:resources (default-resources) @ sentinel-core ---
[INFO] Using 'UTF-8' encoding to copy filtered resources.
[INFO] Copying 3 resources
[INFO] 
[INFO] --- maven-compiler-plugin:3.8.0:compile (default-compile) @ sentinel-core ---
[INFO] Nothing to compile - all classes are up to date
[INFO] 
[INFO] --- maven-resources-plugin:2.6:testResources (default-testResources) @ sentinel-core ---
[INFO] Using 'UTF-8' encoding to copy filtered resources.
[INFO] skip non existing resourceDirectory /Users/yicheng/coursework/527/idoft/projects/Sentinel/sentinel-core/src/test/resources
[INFO] 
[INFO] --- maven-compiler-plugin:3.8.0:testCompile (default-testCompile) @ sentinel-core ---
[INFO] Nothing to compile - all classes are up to date
[INFO] 
[INFO] --- maven-surefire-plugin:2.12:test (default-test) @ sentinel-core ---
[INFO] Surefire report directory: /Users/yicheng/coursework/527/idoft/projects/Sentinel/sentinel-core/target/surefire-reports

-------------------------------------------------------
 T E S T S
-------------------------------------------------------
Picked up _JAVA_OPTIONS: -Dapple.awt.UIElement=true
[ODET][INFO] ******** Premain Start ********
Running com.alibaba.csp.sentinel.TracerTest
INFO: Sentinel log output type is: file
INFO: Sentinel log charset is: utf-8
INFO: Sentinel log base directory is: /Users/yicheng/logs/csp/
INFO: Sentinel log name use pid is: false
Tests run: 2, Failures: 2, Errors: 0, Skipped: 0, Time elapsed: 0.406 sec <<< FAILURE!
setExceptionsToIgnore(com.alibaba.csp.sentinel.TracerTest)  Time elapsed: 0.323 sec  <<< FAILURE!
java.lang.AssertionError
	at org.junit.Assert.fail(Assert.java:86)
	at org.junit.Assert.assertTrue(Assert.java:41)
	at org.junit.Assert.assertTrue(Assert.java:52)
	at com.alibaba.csp.sentinel.TracerTest.setExceptionsToIgnore(TracerTest.java:82)
	at sun.reflect.NativeMethodAccessorImpl.invoke0(Native Method)
	at sun.reflect.NativeMethodAccessorImpl.invoke(NativeMethodAccessorImpl.java:62)
	at sun.reflect.DelegatingMethodAccessorImpl.invoke(DelegatingMethodAccessorImpl.java:43)
	at java.lang.reflect.Method.invoke(Method.java:498)
	at org.junit.runners.model.FrameworkMethod$1.runReflectiveCall(FrameworkMethod.java:50)
	at org.junit.internal.runners.model.ReflectiveCallable.run(ReflectiveCallable.java:12)
	at org.junit.runners.model.FrameworkMethod.invokeExplosively(FrameworkMethod.java:47)
	at org.junit.internal.runners.statements.InvokeMethod.evaluate(InvokeMethod.java:17)
	at org.junit.internal.runners.statements.RunBefores.evaluate(RunBefores.java:26)
	at org.junit.internal.runners.statements.RunAfters.evaluate(RunAfters.java:27)
	at org.junit.runners.ParentRunner.runLeaf(ParentRunner.java:325)
	at org.junit.runners.BlockJUnit4ClassRunner.runChild(BlockJUnit4ClassRunner.java:78)
	at org.junit.runners.BlockJUnit4ClassRunner.runChild(BlockJUnit4ClassRunner.java:57)
	at org.junit.runners.ParentRunner$3.run(ParentRunner.java:290)
	at org.junit.runners.ParentRunner$1.schedule(ParentRunner.java:71)
	at org.junit.runners.ParentRunner.runChildren(ParentRunner.java:288)
	at org.junit.runners.ParentRunner.access$000(ParentRunner.java:58)
	at org.junit.runners.ParentRunner$2.evaluate(ParentRunner.java:268)
	at org.junit.runners.ParentRunner.run(ParentRunner.java:363)
	at org.apache.maven.surefire.junit4.JUnit4Provider.execute(JUnit4Provider.java:228)
	at org.apache.maven.surefire.junit4.JUnit4Provider.executeTestSet(JUnit4Provider.java:134)
	at org.apache.maven.surefire.junit4.JUnit4Provider.invoke(JUnit4Provider.java:113)
	at sun.reflect.NativeMethodAccessorImpl.invoke0(Native Method)
	at sun.reflect.NativeMethodAccessorImpl.invoke(NativeMethodAccessorImpl.java:62)
	at sun.reflect.DelegatingMethodAccessorImpl.invoke(DelegatingMethodAccessorImpl.java:43)
	at java.lang.reflect.Method.invoke(Method.java:498)
	at org.apache.maven.surefire.util.ReflectionUtils.invokeMethodWithArray(ReflectionUtils.java:189)
	at org.apache.maven.surefire.booter.ProviderFactory$ProviderProxy.invoke(ProviderFactory.java:165)
	at org.apache.maven.surefire.booter.ProviderFactory.invokeProvider(ProviderFactory.java:85)
	at org.apache.maven.surefire.booter.ForkedBooter.runSuitesInProcess(ForkedBooter.java:103)
	at org.apache.maven.surefire.booter.ForkedBooter.main(ForkedBooter.java:74)
setExceptionsToIgnore(com.alibaba.csp.sentinel.TracerTest)  Time elapsed: 0 sec  <<< FAILURE!
java.lang.AssertionError
	at org.junit.Assert.fail(Assert.java:86)
	at org.junit.Assert.assertTrue(Assert.java:41)
	at org.junit.Assert.assertTrue(Assert.java:52)
	at com.alibaba.csp.sentinel.TracerTest.setExceptionsToIgnore(TracerTest.java:82)
	at sun.reflect.NativeMethodAccessorImpl.invoke0(Native Method)
	at sun.reflect.NativeMethodAccessorImpl.invoke(NativeMethodAccessorImpl.java:62)
	at sun.reflect.DelegatingMethodAccessorImpl.invoke(DelegatingMethodAccessorImpl.java:43)
	at java.lang.reflect.Method.invoke(Method.java:498)
	at org.junit.runners.model.FrameworkMethod$1.runReflectiveCall(FrameworkMethod.java:50)
	at org.junit.internal.runners.model.ReflectiveCallable.run(ReflectiveCallable.java:12)
	at org.junit.runners.model.FrameworkMethod.invokeExplosively(FrameworkMethod.java:47)
	at org.junit.internal.runners.statements.InvokeMethod.evaluate(InvokeMethod.java:17)
	at org.junit.internal.runners.statements.RunBefores.evaluate(RunBefores.java:26)
	at org.junit.internal.runners.statements.RunAfters.evaluate(RunAfters.java:27)
	at org.junit.runners.ParentRunner.runLeaf(ParentRunner.java:325)
	at org.junit.runners.BlockJUnit4ClassRunner.runChild(BlockJUnit4ClassRunner.java:78)
	at org.junit.runners.BlockJUnit4ClassRunner.runChild(BlockJUnit4ClassRunner.java:57)
	at org.junit.runners.ParentRunner$3.run(ParentRunner.java:290)
	at org.junit.runners.ParentRunner$1.schedule(ParentRunner.java:71)
	at org.junit.runners.ParentRunner.runChildren(ParentRunner.java:288)
	at org.junit.runners.ParentRunner.access$000(ParentRunner.java:58)
	at org.junit.runners.ParentRunner$2.evaluate(ParentRunner.java:268)
	at org.junit.runners.ParentRunner.run(ParentRunner.java:363)
	at org.apache.maven.surefire.junit4.JUnit4Provider.execute(JUnit4Provider.java:228)
	at org.apache.maven.surefire.junit4.JUnit4Provider.executeTestSet(JUnit4Provider.java:134)
	at org.apache.maven.surefire.junit4.JUnit4Provider.invoke(JUnit4Provider.java:113)
	at sun.reflect.NativeMethodAccessorImpl.invoke0(Native Method)
	at sun.reflect.NativeMethodAccessorImpl.invoke(NativeMethodAccessorImpl.java:62)
	at sun.reflect.DelegatingMethodAccessorImpl.invoke(DelegatingMethodAccessorImpl.java:43)
	at java.lang.reflect.Method.invoke(Method.java:498)
	at org.apache.maven.surefire.util.ReflectionUtils.invokeMethodWithArray(ReflectionUtils.java:189)
	at org.apache.maven.surefire.booter.ProviderFactory$ProviderProxy.invoke(ProviderFactory.java:165)
	at org.apache.maven.surefire.booter.ProviderFactory.invokeProvider(ProviderFactory.java:85)
	at org.apache.maven.surefire.booter.ForkedBooter.runSuitesInProcess(ForkedBooter.java:103)
	at org.apache.maven.surefire.booter.ForkedBooter.main(ForkedBooter.java:74)

Results :

Failed tests:   setExceptionsToIgnore(com.alibaba.csp.sentinel.TracerTest)
  setExceptionsToIgnore(com.alibaba.csp.sentinel.TracerTest)

Tests run: 2, Failures: 2, Errors: 0, Skipped: 0

[ERROR] There are test failures.

Please refer to /Users/yicheng/coursework/527/idoft/projects/Sentinel/sentinel-core/target/surefire-reports for the individual test results.
[INFO] 
[INFO] --- jacoco-maven-plugin:0.8.3:report (report) @ sentinel-core ---
[INFO] Skipping JaCoCo execution due to missing execution data file.
[INFO] ------------------------------------------------------------------------
[INFO] BUILD SUCCESS
[INFO] ------------------------------------------------------------------------
[INFO] Total time:  3.394 s
[INFO] Finished at: 2022-12-08T20:55:18-06:00
[INFO] ------------------------------------------------------------------------


Executing: com.alibaba.csp.sentinel.TracerTest#testTraceWhenContextSizeExceedsThreshold - com.alibaba.csp.sentinel.TracerTest#setExceptionsToTrace
polluter: com.alibaba.csp.sentinel.TracerTest#testTraceWhenContextSizeExceedsThreshold
tests: ['com.alibaba.csp.sentinel.TracerTest#setExceptionsToTrace']

Picked up _JAVA_OPTIONS: -Dapple.awt.UIElement=true
[INFO] Scanning for projects...
[INFO] 
[INFO] -------------------< com.alibaba.csp:sentinel-core >--------------------
[INFO] Building sentinel-core 1.8.1-SNAPSHOT
[INFO] --------------------------------[ jar ]---------------------------------
[INFO] 
[INFO] --- jacoco-maven-plugin:0.8.3:prepare-agent (default) @ sentinel-core ---
[INFO] argLine set to -javaagent:/Users/yicheng/.m2/repository/org/jacoco/org.jacoco.agent/0.8.3/org.jacoco.agent-0.8.3-runtime.jar=destfile=/Users/yicheng/coursework/527/idoft/projects/Sentinel/sentinel-core/target/jacoco.exec
[INFO] 
[INFO] --- maven-resources-plugin:2.6:resources (default-resources) @ sentinel-core ---
[INFO] Using 'UTF-8' encoding to copy filtered resources.
[INFO] Copying 3 resources
[INFO] 
[INFO] --- maven-compiler-plugin:3.8.0:compile (default-compile) @ sentinel-core ---
[INFO] Nothing to compile - all classes are up to date
[INFO] 
[INFO] --- maven-resources-plugin:2.6:testResources (default-testResources) @ sentinel-core ---
[INFO] Using 'UTF-8' encoding to copy filtered resources.
[INFO] skip non existing resourceDirectory /Users/yicheng/coursework/527/idoft/projects/Sentinel/sentinel-core/src/test/resources
[INFO] 
[INFO] --- maven-compiler-plugin:3.8.0:testCompile (default-testCompile) @ sentinel-core ---
[INFO] Nothing to compile - all classes are up to date
[INFO] 
[INFO] --- maven-surefire-plugin:2.12:test (default-test) @ sentinel-core ---
[INFO] Surefire report directory: /Users/yicheng/coursework/527/idoft/projects/Sentinel/sentinel-core/target/surefire-reports

-------------------------------------------------------
 T E S T S
-------------------------------------------------------
Picked up _JAVA_OPTIONS: -Dapple.awt.UIElement=true
[ODET][INFO] ******** Premain Start ********
Running com.alibaba.csp.sentinel.TracerTest
INFO: Sentinel log output type is: file
INFO: Sentinel log charset is: utf-8
INFO: Sentinel log base directory is: /Users/yicheng/logs/csp/
INFO: Sentinel log name use pid is: false
Tests run: 2, Failures: 0, Errors: 0, Skipped: 0, Time elapsed: 0.447 sec

Results :

Tests run: 2, Failures: 0, Errors: 0, Skipped: 0

[INFO] 
[INFO] --- jacoco-maven-plugin:0.8.3:report (report) @ sentinel-core ---
[INFO] Skipping JaCoCo execution due to missing execution data file.
[INFO] ------------------------------------------------------------------------
[INFO] BUILD SUCCESS
[INFO] ------------------------------------------------------------------------
[INFO] Total time:  3.615 s
[INFO] Finished at: 2022-12-08T20:55:24-06:00
[INFO] ------------------------------------------------------------------------


Executing: com.alibaba.csp.sentinel.TracerTest#testTraceWhenContextSizeExceedsThreshold - com.alibaba.csp.sentinel.TracerTest#testBoth
polluter: com.alibaba.csp.sentinel.TracerTest#testTraceWhenContextSizeExceedsThreshold
tests: ['com.alibaba.csp.sentinel.TracerTest#testBoth']

Picked up _JAVA_OPTIONS: -Dapple.awt.UIElement=true
[INFO] Scanning for projects...
[INFO] 
[INFO] -------------------< com.alibaba.csp:sentinel-core >--------------------
[INFO] Building sentinel-core 1.8.1-SNAPSHOT
[INFO] --------------------------------[ jar ]---------------------------------
[INFO] 
[INFO] --- jacoco-maven-plugin:0.8.3:prepare-agent (default) @ sentinel-core ---
[INFO] argLine set to -javaagent:/Users/yicheng/.m2/repository/org/jacoco/org.jacoco.agent/0.8.3/org.jacoco.agent-0.8.3-runtime.jar=destfile=/Users/yicheng/coursework/527/idoft/projects/Sentinel/sentinel-core/target/jacoco.exec
[INFO] 
[INFO] --- maven-resources-plugin:2.6:resources (default-resources) @ sentinel-core ---
[INFO] Using 'UTF-8' encoding to copy filtered resources.
[INFO] Copying 3 resources
[INFO] 
[INFO] --- maven-compiler-plugin:3.8.0:compile (default-compile) @ sentinel-core ---
[INFO] Nothing to compile - all classes are up to date
[INFO] 
[INFO] --- maven-resources-plugin:2.6:testResources (default-testResources) @ sentinel-core ---
[INFO] Using 'UTF-8' encoding to copy filtered resources.
[INFO] skip non existing resourceDirectory /Users/yicheng/coursework/527/idoft/projects/Sentinel/sentinel-core/src/test/resources
[INFO] 
[INFO] --- maven-compiler-plugin:3.8.0:testCompile (default-testCompile) @ sentinel-core ---
[INFO] Nothing to compile - all classes are up to date
[INFO] 
[INFO] --- maven-surefire-plugin:2.12:test (default-test) @ sentinel-core ---
[INFO] Surefire report directory: /Users/yicheng/coursework/527/idoft/projects/Sentinel/sentinel-core/target/surefire-reports

-------------------------------------------------------
 T E S T S
-------------------------------------------------------
Picked up _JAVA_OPTIONS: -Dapple.awt.UIElement=true
[ODET][INFO] ******** Premain Start ********
Running com.alibaba.csp.sentinel.TracerTest
INFO: Sentinel log output type is: file
INFO: Sentinel log charset is: utf-8
INFO: Sentinel log base directory is: /Users/yicheng/logs/csp/
INFO: Sentinel log name use pid is: false
Tests run: 1, Failures: 0, Errors: 0, Skipped: 0, Time elapsed: 0.394 sec

Results :

Tests run: 1, Failures: 0, Errors: 0, Skipped: 0

[INFO] 
[INFO] --- jacoco-maven-plugin:0.8.3:report (report) @ sentinel-core ---
[INFO] Skipping JaCoCo execution due to missing execution data file.
[INFO] ------------------------------------------------------------------------
[INFO] BUILD SUCCESS
[INFO] ------------------------------------------------------------------------
[INFO] Total time:  3.352 s
[INFO] Finished at: 2022-12-08T20:55:29-06:00
[INFO] ------------------------------------------------------------------------


Executing: com.alibaba.csp.sentinel.TracerTest#testTraceWhenContextSizeExceedsThreshold - com.alibaba.csp.sentinel.TracerTest#setExceptionsToIgnore
polluter: com.alibaba.csp.sentinel.TracerTest#testTraceWhenContextSizeExceedsThreshold
tests: ['com.alibaba.csp.sentinel.TracerTest#setExceptionsToIgnore']

Picked up _JAVA_OPTIONS: -Dapple.awt.UIElement=true
[INFO] Scanning for projects...
[INFO] 
[INFO] -------------------< com.alibaba.csp:sentinel-core >--------------------
[INFO] Building sentinel-core 1.8.1-SNAPSHOT
[INFO] --------------------------------[ jar ]---------------------------------
[INFO] 
[INFO] --- jacoco-maven-plugin:0.8.3:prepare-agent (default) @ sentinel-core ---
[INFO] argLine set to -javaagent:/Users/yicheng/.m2/repository/org/jacoco/org.jacoco.agent/0.8.3/org.jacoco.agent-0.8.3-runtime.jar=destfile=/Users/yicheng/coursework/527/idoft/projects/Sentinel/sentinel-core/target/jacoco.exec
[INFO] 
[INFO] --- maven-resources-plugin:2.6:resources (default-resources) @ sentinel-core ---
[INFO] Using 'UTF-8' encoding to copy filtered resources.
[INFO] Copying 3 resources
[INFO] 
[INFO] --- maven-compiler-plugin:3.8.0:compile (default-compile) @ sentinel-core ---
[INFO] Nothing to compile - all classes are up to date
[INFO] 
[INFO] --- maven-resources-plugin:2.6:testResources (default-testResources) @ sentinel-core ---
[INFO] Using 'UTF-8' encoding to copy filtered resources.
[INFO] skip non existing resourceDirectory /Users/yicheng/coursework/527/idoft/projects/Sentinel/sentinel-core/src/test/resources
[INFO] 
[INFO] --- maven-compiler-plugin:3.8.0:testCompile (default-testCompile) @ sentinel-core ---
[INFO] Nothing to compile - all classes are up to date
[INFO] 
[INFO] --- maven-surefire-plugin:2.12:test (default-test) @ sentinel-core ---
[INFO] Surefire report directory: /Users/yicheng/coursework/527/idoft/projects/Sentinel/sentinel-core/target/surefire-reports

-------------------------------------------------------
 T E S T S
-------------------------------------------------------
Picked up _JAVA_OPTIONS: -Dapple.awt.UIElement=true
[ODET][INFO] ******** Premain Start ********
Running com.alibaba.csp.sentinel.TracerTest
INFO: Sentinel log output type is: file
INFO: Sentinel log charset is: utf-8
INFO: Sentinel log base directory is: /Users/yicheng/logs/csp/
INFO: Sentinel log name use pid is: false
Tests run: 2, Failures: 0, Errors: 0, Skipped: 0, Time elapsed: 0.39 sec

Results :

Tests run: 2, Failures: 0, Errors: 0, Skipped: 0

[INFO] 
[INFO] --- jacoco-maven-plugin:0.8.3:report (report) @ sentinel-core ---
[INFO] Skipping JaCoCo execution due to missing execution data file.
[INFO] ------------------------------------------------------------------------
[INFO] BUILD SUCCESS
[INFO] ------------------------------------------------------------------------
[INFO] Total time:  3.274 s
[INFO] Finished at: 2022-12-08T20:55:33-06:00
[INFO] ------------------------------------------------------------------------


==================================================
# Execution Iteration: 16
# Executed Tests: 16
Execution Cost: 82.33902716636658
==================================================
Polluter: com.alibaba.csp.sentinel.TracerTest#setExceptionPredicate
    states
     com/alibaba/csp/sentinel/Tracer#exceptionPredicate#Lcom/alibaba/csp/sentinel/util/function/Predicate;
      /Users/yicheng/coursework/527/idoft/projects/Sentinel/sentinel-core/odet//objects//7.xml
    victims
     ['com.alibaba.csp.sentinel.TracerTest#setExceptionsToTrace', 'com.alibaba.csp.sentinel.TracerTest#setExceptionsToTrace', 'com.alibaba.csp.sentinel.TracerTest#setExceptionsToIgnore', 'com.alibaba.csp.sentinel.TracerTest#setExceptionsToIgnore']
==================================================
